2023-08-05 11:31:10 PM   Apartments_OneLoudoun_Vyne, Line 344   INFO   Started running script
2023-08-05 11:31:13 PM   Apartments_OneLoudoun_Vyne, Line 364   INFO   No change (A1A)
2023-08-05 11:31:16 PM   Apartments_OneLoudoun_Vyne, Line 364   INFO   No change (A2A)
2023-08-05 11:31:21 PM   Apartments_OneLoudoun_Vyne, Line 364   INFO   No change (A6D)
2023-08-05 11:31:24 PM   Apartments_OneLoudoun_Vyne, Line 364   INFO   No change (B1B)
2023-08-05 11:31:29 PM   Apartments_OneLoudoun_Vyne, Line 364   INFO   No change (B2B)
2023-08-05 11:31:34 PM   Apartments_OneLoudoun_Vyne, Line 364   INFO   No change (B3B)
2023-08-05 11:31:37 PM   Apartments_OneLoudoun_Vyne, Line 364   INFO   No change (B10B)
2023-08-05 11:31:41 PM   Apartments_OneLoudoun_Vyne, Line 364   INFO   No change (B12B)
2023-08-05 11:31:44 PM   Apartments_OneLoudoun_Vyne, Line 381   ERROR   Unable to connect to or scrape website (S3A)
2023-08-06 12:37:48 AM   Apartments_OneLoudoun_Vyne, Line 364   INFO   No change (A1A)
2023-08-06 12:37:52 AM   Apartments_OneLoudoun_Vyne, Line 364   INFO   No change (A2A)
2023-08-06 12:37:56 AM   Apartments_OneLoudoun_Vyne, Line 364   INFO   No change (A6D)
2023-08-06 12:38:01 AM   Apartments_OneLoudoun_Vyne, Line 364   INFO   No change (B1B)
2023-08-06 12:38:05 AM   Apartments_OneLoudoun_Vyne, Line 364   INFO   No change (B2B)
2023-08-06 12:38:08 AM   Apartments_OneLoudoun_Vyne, Line 364   INFO   No change (B3B)
2023-08-06 12:38:11 AM   Apartments_OneLoudoun_Vyne, Line 364   INFO   No change (B10B)
2023-08-06 12:38:16 AM   Apartments_OneLoudoun_Vyne, Line 364   INFO   No change (B12B)
2023-08-06 12:38:19 AM   Apartments_OneLoudoun_Vyne, Line 381   ERROR   Unable to connect to or scrape website (S3A)
2023-08-06 01:38:23 AM   Apartments_OneLoudoun_Vyne, Line 364   INFO   No change (A1A)
2023-08-06 01:38:26 AM   Apartments_OneLoudoun_Vyne, Line 364   INFO   No change (A2A)
2023-08-06 01:38:30 AM   Apartments_OneLoudoun_Vyne, Line 364   INFO   No change (A6D)
2023-08-06 01:38:33 AM   Apartments_OneLoudoun_Vyne, Line 364   INFO   No change (B1B)
2023-08-06 01:38:37 AM   Apartments_OneLoudoun_Vyne, Line 364   INFO   No change (B2B)
2023-08-06 01:38:41 AM   Apartments_OneLoudoun_Vyne, Line 364   INFO   No change (B3B)
2023-08-06 01:38:44 AM   Apartments_OneLoudoun_Vyne, Line 364   INFO   No change (B10B)
2023-08-06 01:38:47 AM   Apartments_OneLoudoun_Vyne, Line 364   INFO   No change (B12B)
2023-08-06 01:38:49 AM   Apartments_OneLoudoun_Vyne, Line 381   ERROR   Unable to connect to or scrape website (S3A)
2023-08-06 02:38:54 AM   Apartments_OneLoudoun_Vyne, Line 364   INFO   No change (A1A)
2023-08-06 02:38:57 AM   Apartments_OneLoudoun_Vyne, Line 364   INFO   No change (A2A)
2023-08-06 02:39:00 AM   Apartments_OneLoudoun_Vyne, Line 364   INFO   No change (A6D)
2023-08-06 02:39:04 AM   Apartments_OneLoudoun_Vyne, Line 364   INFO   No change (B1B)
2023-08-06 02:39:07 AM   Apartments_OneLoudoun_Vyne, Line 364   INFO   No change (B2B)
2023-08-06 02:39:11 AM   Apartments_OneLoudoun_Vyne, Line 364   INFO   No change (B3B)
2023-08-06 02:39:14 AM   Apartments_OneLoudoun_Vyne, Line 364   INFO   No change (B10B)
2023-08-06 02:39:18 AM   Apartments_OneLoudoun_Vyne, Line 364   INFO   No change (B12B)
2023-08-06 02:39:20 AM   Apartments_OneLoudoun_Vyne, Line 381   ERROR   Unable to connect to or scrape website (S3A)
2023-08-06 03:39:25 AM   Apartments_OneLoudoun_Vyne, Line 364   INFO   No change (A1A)
2023-08-06 03:39:29 AM   Apartments_OneLoudoun_Vyne, Line 364   INFO   No change (A2A)
2023-08-06 03:39:33 AM   Apartments_OneLoudoun_Vyne, Line 364   INFO   No change (A6D)
2023-08-06 03:39:36 AM   Apartments_OneLoudoun_Vyne, Line 369   INFO   Change in availability! (B1B)
2023-08-06 03:39:41 AM   Apartments_OneLoudoun_Vyne, Line 364   INFO   No change (B2B)
2023-08-06 03:39:45 AM   Apartments_OneLoudoun_Vyne, Line 364   INFO   No change (B3B)
2023-08-06 03:39:48 AM   Apartments_OneLoudoun_Vyne, Line 364   INFO   No change (B10B)
2023-08-06 03:39:51 AM   Apartments_OneLoudoun_Vyne, Line 364   INFO   No change (B12B)
2023-08-06 03:39:54 AM   Apartments_OneLoudoun_Vyne, Line 381   ERROR   Unable to connect to or scrape website (S3A)
2023-08-06 04:40:01 AM   Apartments_OneLoudoun_Vyne, Line 364   INFO   No change (A1A)
2023-08-06 04:40:05 AM   Apartments_OneLoudoun_Vyne, Line 364   INFO   No change (A2A)
2023-08-06 04:40:09 AM   Apartments_OneLoudoun_Vyne, Line 364   INFO   No change (A6D)
2023-08-06 04:40:12 AM   Apartments_OneLoudoun_Vyne, Line 364   INFO   No change (B1B)
2023-08-06 04:40:16 AM   Apartments_OneLoudoun_Vyne, Line 364   INFO   No change (B2B)
2023-08-06 04:40:19 AM   Apartments_OneLoudoun_Vyne, Line 364   INFO   No change (B3B)
2023-08-06 04:40:23 AM   Apartments_OneLoudoun_Vyne, Line 364   INFO   No change (B10B)
2023-08-06 04:40:26 AM   Apartments_OneLoudoun_Vyne, Line 364   INFO   No change (B12B)
2023-08-06 04:40:29 AM   Apartments_OneLoudoun_Vyne, Line 381   ERROR   Unable to connect to or scrape website (S3A)
2023-08-06 05:40:33 AM   Apartments_OneLoudoun_Vyne, Line 364   INFO   No change (A1A)
2023-08-06 05:40:36 AM   Apartments_OneLoudoun_Vyne, Line 364   INFO   No change (A2A)
2023-08-06 05:40:39 AM   Apartments_OneLoudoun_Vyne, Line 364   INFO   No change (A6D)
2023-08-06 05:40:42 AM   Apartments_OneLoudoun_Vyne, Line 364   INFO   No change (B1B)
2023-08-06 05:40:45 AM   Apartments_OneLoudoun_Vyne, Line 364   INFO   No change (B2B)
2023-08-06 05:40:49 AM   Apartments_OneLoudoun_Vyne, Line 364   INFO   No change (B3B)
2023-08-06 05:40:52 AM   Apartments_OneLoudoun_Vyne, Line 364   INFO   No change (B10B)
2023-08-06 05:40:55 AM   Apartments_OneLoudoun_Vyne, Line 364   INFO   No change (B12B)
2023-08-06 05:40:57 AM   Apartments_OneLoudoun_Vyne, Line 381   ERROR   Unable to connect to or scrape website (S3A)
2023-08-06 06:41:01 AM   Apartments_OneLoudoun_Vyne, Line 364   INFO   No change (A1A)
2023-08-06 06:41:04 AM   Apartments_OneLoudoun_Vyne, Line 364   INFO   No change (A2A)
2023-08-06 06:41:07 AM   Apartments_OneLoudoun_Vyne, Line 364   INFO   No change (A6D)
2023-08-06 06:41:12 AM   Apartments_OneLoudoun_Vyne, Line 364   INFO   No change (B1B)
2023-08-06 06:41:14 AM   Apartments_OneLoudoun_Vyne, Line 364   INFO   No change (B2B)
2023-08-06 06:41:18 AM   Apartments_OneLoudoun_Vyne, Line 364   INFO   No change (B3B)
2023-08-06 06:41:21 AM   Apartments_OneLoudoun_Vyne, Line 364   INFO   No change (B10B)
2023-08-06 06:41:23 AM   Apartments_OneLoudoun_Vyne, Line 364   INFO   No change (B12B)
2023-08-06 06:41:26 AM   Apartments_OneLoudoun_Vyne, Line 381   ERROR   Unable to connect to or scrape website (S3A)
2023-08-06 07:41:30 AM   Apartments_OneLoudoun_Vyne, Line 364   INFO   No change (A1A)
2023-08-06 07:41:33 AM   Apartments_OneLoudoun_Vyne, Line 364   INFO   No change (A2A)
2023-08-06 07:41:36 AM   Apartments_OneLoudoun_Vyne, Line 364   INFO   No change (A6D)
2023-08-06 07:41:39 AM   Apartments_OneLoudoun_Vyne, Line 364   INFO   No change (B1B)
2023-08-06 07:41:42 AM   Apartments_OneLoudoun_Vyne, Line 364   INFO   No change (B2B)
2023-08-06 07:41:45 AM   Apartments_OneLoudoun_Vyne, Line 364   INFO   No change (B3B)
2023-08-06 07:41:48 AM   Apartments_OneLoudoun_Vyne, Line 364   INFO   No change (B10B)
2023-08-06 07:41:51 AM   Apartments_OneLoudoun_Vyne, Line 364   INFO   No change (B12B)
2023-08-06 07:41:54 AM   Apartments_OneLoudoun_Vyne, Line 381   ERROR   Unable to connect to or scrape website (S3A)
2023-08-06 08:41:59 AM   Apartments_OneLoudoun_Vyne, Line 364   INFO   No change (A1A)
2023-08-06 08:42:02 AM   Apartments_OneLoudoun_Vyne, Line 364   INFO   No change (A2A)
2023-08-06 08:42:06 AM   Apartments_OneLoudoun_Vyne, Line 364   INFO   No change (A6D)
2023-08-06 08:42:08 AM   Apartments_OneLoudoun_Vyne, Line 364   INFO   No change (B1B)
2023-08-06 08:42:12 AM   Apartments_OneLoudoun_Vyne, Line 364   INFO   No change (B2B)
2023-08-06 08:42:14 AM   Apartments_OneLoudoun_Vyne, Line 364   INFO   No change (B3B)
2023-08-06 08:42:18 AM   Apartments_OneLoudoun_Vyne, Line 364   INFO   No change (B10B)
2023-08-06 08:42:22 AM   Apartments_OneLoudoun_Vyne, Line 364   INFO   No change (B12B)
2023-08-06 08:42:24 AM   Apartments_OneLoudoun_Vyne, Line 381   ERROR   Unable to connect to or scrape website (S3A)
2023-08-06 09:42:28 AM   Apartments_OneLoudoun_Vyne, Line 364   INFO   No change (A1A)
2023-08-06 09:42:32 AM   Apartments_OneLoudoun_Vyne, Line 364   INFO   No change (A2A)
2023-08-06 09:42:35 AM   Apartments_OneLoudoun_Vyne, Line 364   INFO   No change (A6D)
2023-08-06 09:42:39 AM   Apartments_OneLoudoun_Vyne, Line 364   INFO   No change (B1B)
2023-08-06 09:42:42 AM   Apartments_OneLoudoun_Vyne, Line 364   INFO   No change (B2B)
2023-08-06 09:42:45 AM   Apartments_OneLoudoun_Vyne, Line 364   INFO   No change (B3B)
2023-08-06 09:42:48 AM   Apartments_OneLoudoun_Vyne, Line 364   INFO   No change (B10B)
2023-08-06 09:42:51 AM   Apartments_OneLoudoun_Vyne, Line 364   INFO   No change (B12B)
2023-08-06 09:42:54 AM   Apartments_OneLoudoun_Vyne, Line 381   ERROR   Unable to connect to or scrape website (S3A)
2023-08-06 10:42:58 AM   Apartments_OneLoudoun_Vyne, Line 364   INFO   No change (A1A)
2023-08-06 10:43:02 AM   Apartments_OneLoudoun_Vyne, Line 364   INFO   No change (A2A)
2023-08-06 10:43:06 AM   Apartments_OneLoudoun_Vyne, Line 364   INFO   No change (A6D)
2023-08-06 10:43:09 AM   Apartments_OneLoudoun_Vyne, Line 381   ERROR   Unable to connect to or scrape website (B1B)
2023-08-06 10:43:12 AM   Apartments_OneLoudoun_Vyne, Line 364   INFO   No change (B2B)
2023-08-06 10:43:16 AM   Apartments_OneLoudoun_Vyne, Line 364   INFO   No change (B3B)
2023-08-06 10:43:20 AM   Apartments_OneLoudoun_Vyne, Line 364   INFO   No change (B10B)
2023-08-06 10:43:24 AM   Apartments_OneLoudoun_Vyne, Line 364   INFO   No change (B12B)
2023-08-06 10:43:26 AM   Apartments_OneLoudoun_Vyne, Line 381   ERROR   Unable to connect to or scrape website (S3A)
2023-08-06 01:31:18 PM   Apartments_OneLoudoun_Vyne, Line 361   INFO   Started running script
2023-08-06 01:31:23 PM   Apartments_OneLoudoun_Vyne, Line 404   ERROR   Unable to connect to or scrape website (A1A)
2023-08-06 01:31:26 PM   Apartments_OneLoudoun_Vyne, Line 404   ERROR   Unable to connect to or scrape website (A2A)
2023-08-06 01:31:30 PM   Apartments_OneLoudoun_Vyne, Line 404   ERROR   Unable to connect to or scrape website (A6D)
2023-08-06 01:31:33 PM   Apartments_OneLoudoun_Vyne, Line 404   ERROR   Unable to connect to or scrape website (B1B)
2023-08-06 01:31:37 PM   Apartments_OneLoudoun_Vyne, Line 404   ERROR   Unable to connect to or scrape website (B2B)
2023-08-06 01:31:41 PM   Apartments_OneLoudoun_Vyne, Line 404   ERROR   Unable to connect to or scrape website (B3B)
2023-08-06 01:31:45 PM   Apartments_OneLoudoun_Vyne, Line 404   ERROR   Unable to connect to or scrape website (B10B)
2023-08-06 01:31:49 PM   Apartments_OneLoudoun_Vyne, Line 404   ERROR   Unable to connect to or scrape website (B12B)
2023-08-06 01:31:52 PM   Apartments_OneLoudoun_Vyne, Line 404   ERROR   Unable to connect to or scrape website (S3A)
2023-08-06 01:40:34 PM   Apartments_OneLoudoun_Vyne, Line 363   INFO   Started running script
2023-08-06 01:40:40 PM   Apartments_OneLoudoun_Vyne, Line 406   ERROR   Unable to connect to or scrape website (A1A)
2023-08-06 01:40:45 PM   Apartments_OneLoudoun_Vyne, Line 406   ERROR   Unable to connect to or scrape website (A2A)
2023-08-06 01:40:48 PM   Apartments_OneLoudoun_Vyne, Line 406   ERROR   Unable to connect to or scrape website (A6D)
2023-08-06 01:40:52 PM   Apartments_OneLoudoun_Vyne, Line 406   ERROR   Unable to connect to or scrape website (B1B)
2023-08-06 01:40:55 PM   Apartments_OneLoudoun_Vyne, Line 406   ERROR   Unable to connect to or scrape website (B2B)
2023-08-06 01:40:58 PM   Apartments_OneLoudoun_Vyne, Line 406   ERROR   Unable to connect to or scrape website (B3B)
2023-08-06 01:41:02 PM   Apartments_OneLoudoun_Vyne, Line 406   ERROR   Unable to connect to or scrape website (B10B)
2023-08-06 01:41:05 PM   Apartments_OneLoudoun_Vyne, Line 406   ERROR   Unable to connect to or scrape website (B12B)
2023-08-06 01:41:08 PM   Apartments_OneLoudoun_Vyne, Line 406   ERROR   Unable to connect to or scrape website (S3A)
2023-08-06 01:59:59 PM   Apartments_OneLoudoun_Vyne, Line 366   INFO   Started running script
2023-08-06 02:00:04 PM   Apartments_OneLoudoun_Vyne, Line 386   INFO   No change (A1A)
2023-08-06 02:00:08 PM   Apartments_OneLoudoun_Vyne, Line 386   INFO   No change (A2A)
2023-08-06 02:00:12 PM   Apartments_OneLoudoun_Vyne, Line 386   INFO   No change (A6D)
2023-08-06 02:00:15 PM   Apartments_OneLoudoun_Vyne, Line 391   INFO   Change in availability! (B1B)

Floor Plan Unit  Price Current  Price Previous  Price Change Change Status Date Available            Scrape Datetime
       B1B E534         2558.0             NaN           0.0      New Unit            Now 2023-08-06 14:00:12.266128
       B1B E634         2755.0             NaN           0.0      New Unit            Now 2023-08-06 14:00:12.266128
       B1B E438            NaN          2690.0           0.0   Leased Unit            NaN                        NaT

2023-08-06 02:00:21 PM   Apartments_OneLoudoun_Vyne, Line 386   INFO   No change (B2B)
2023-08-06 02:00:24 PM   Apartments_OneLoudoun_Vyne, Line 386   INFO   No change (B3B)
2023-08-06 02:00:27 PM   Apartments_OneLoudoun_Vyne, Line 391   INFO   Change in availability! (B10B)

Floor Plan Unit  Price Current  Price Previous  Price Change   Change Status Date Available            Scrape Datetime
      B10B E564           2541             NaN           0.0        New Unit            Now 2023-08-06 14:00:24.769458
      B10B E364           2525          2525.0           0.0 Still Available       9/7/2023 2023-08-06 14:00:24.769458

2023-08-06 02:00:33 PM   Apartments_OneLoudoun_Vyne, Line 386   INFO   No change (B12B)
2023-08-06 02:00:35 PM   Apartments_OneLoudoun_Vyne, Line 409   ERROR   Unable to connect to or scrape website (S3A)
