2023-08-05 11:08:43 PM   DogAdoption_FairfaxCountyAnimalShelter, Line 441   INFO   Started running script
2023-08-05 11:08:45 PM   DogAdoption_FairfaxCountyAnimalShelter, Line 457   INFO   No change
2023-08-05 11:13:46 PM   DogAdoption_FairfaxCountyAnimalShelter, Line 457   INFO   No change
2023-08-05 11:18:48 PM   DogAdoption_FairfaxCountyAnimalShelter, Line 457   INFO   No change
2023-08-05 11:23:50 PM   DogAdoption_FairfaxCountyAnimalShelter, Line 457   INFO   No change
2023-08-05 11:28:52 PM   DogAdoption_FairfaxCountyAnimalShelter, Line 457   INFO   No change
2023-08-05 11:33:53 PM   DogAdoption_FairfaxCountyAnimalShelter, Line 457   INFO   No change
2023-08-05 11:38:55 PM   DogAdoption_FairfaxCountyAnimalShelter, Line 457   INFO   No change
2023-08-05 11:43:56 PM   DogAdoption_FairfaxCountyAnimalShelter, Line 457   INFO   No change
2023-08-05 11:48:57 PM   DogAdoption_FairfaxCountyAnimalShelter, Line 457   INFO   No change
2023-08-05 11:53:58 PM   DogAdoption_FairfaxCountyAnimalShelter, Line 457   INFO   No change
2023-08-05 11:58:59 PM   DogAdoption_FairfaxCountyAnimalShelter, Line 457   INFO   No change
2023-08-06 12:09:55 AM   DogAdoption_FairfaxCountyAnimalShelter, Line 457   INFO   No change
2023-08-06 08:00:57 AM   DogAdoption_FairfaxCountyAnimalShelter, Line 457   INFO   No change
2023-08-06 08:05:58 AM   DogAdoption_FairfaxCountyAnimalShelter, Line 457   INFO   No change
2023-08-06 08:10:59 AM   DogAdoption_FairfaxCountyAnimalShelter, Line 457   INFO   No change
2023-08-06 08:16:01 AM   DogAdoption_FairfaxCountyAnimalShelter, Line 457   INFO   No change
2023-08-06 08:21:02 AM   DogAdoption_FairfaxCountyAnimalShelter, Line 457   INFO   No change
2023-08-06 08:26:03 AM   DogAdoption_FairfaxCountyAnimalShelter, Line 457   INFO   No change
2023-08-06 08:31:04 AM   DogAdoption_FairfaxCountyAnimalShelter, Line 457   INFO   No change
2023-08-06 08:36:05 AM   DogAdoption_FairfaxCountyAnimalShelter, Line 457   INFO   No change
2023-08-06 08:41:06 AM   DogAdoption_FairfaxCountyAnimalShelter, Line 457   INFO   No change
2023-08-06 08:46:07 AM   DogAdoption_FairfaxCountyAnimalShelter, Line 457   INFO   No change
2023-08-06 08:51:08 AM   DogAdoption_FairfaxCountyAnimalShelter, Line 457   INFO   No change
2023-08-06 08:56:09 AM   DogAdoption_FairfaxCountyAnimalShelter, Line 457   INFO   No change
2023-08-06 09:01:10 AM   DogAdoption_FairfaxCountyAnimalShelter, Line 457   INFO   No change
2023-08-06 09:06:11 AM   DogAdoption_FairfaxCountyAnimalShelter, Line 457   INFO   No change
2023-08-06 09:11:12 AM   DogAdoption_FairfaxCountyAnimalShelter, Line 457   INFO   No change
2023-08-06 09:16:13 AM   DogAdoption_FairfaxCountyAnimalShelter, Line 457   INFO   No change
2023-08-06 09:21:14 AM   DogAdoption_FairfaxCountyAnimalShelter, Line 457   INFO   No change
2023-08-06 09:26:15 AM   DogAdoption_FairfaxCountyAnimalShelter, Line 457   INFO   No change
2023-08-06 09:31:16 AM   DogAdoption_FairfaxCountyAnimalShelter, Line 457   INFO   No change
2023-08-06 09:36:17 AM   DogAdoption_FairfaxCountyAnimalShelter, Line 457   INFO   No change
2023-08-06 09:41:18 AM   DogAdoption_FairfaxCountyAnimalShelter, Line 457   INFO   No change
2023-08-06 09:46:19 AM   DogAdoption_FairfaxCountyAnimalShelter, Line 457   INFO   No change
2023-08-06 09:51:20 AM   DogAdoption_FairfaxCountyAnimalShelter, Line 457   INFO   No change
2023-08-06 09:56:21 AM   DogAdoption_FairfaxCountyAnimalShelter, Line 457   INFO   No change
2023-08-06 10:01:22 AM   DogAdoption_FairfaxCountyAnimalShelter, Line 457   INFO   No change
2023-08-06 10:06:23 AM   DogAdoption_FairfaxCountyAnimalShelter, Line 457   INFO   No change
2023-08-06 10:11:24 AM   DogAdoption_FairfaxCountyAnimalShelter, Line 457   INFO   No change
2023-08-06 10:16:25 AM   DogAdoption_FairfaxCountyAnimalShelter, Line 457   INFO   No change
2023-08-06 10:21:26 AM   DogAdoption_FairfaxCountyAnimalShelter, Line 457   INFO   No change
2023-08-06 10:26:27 AM   DogAdoption_FairfaxCountyAnimalShelter, Line 457   INFO   No change
2023-08-06 10:31:28 AM   DogAdoption_FairfaxCountyAnimalShelter, Line 457   INFO   No change
2023-08-06 10:36:29 AM   DogAdoption_FairfaxCountyAnimalShelter, Line 457   INFO   No change
2023-08-06 10:41:30 AM   DogAdoption_FairfaxCountyAnimalShelter, Line 457   INFO   No change
2023-08-06 10:46:31 AM   DogAdoption_FairfaxCountyAnimalShelter, Line 457   INFO   No change
2023-08-06 10:51:32 AM   DogAdoption_FairfaxCountyAnimalShelter, Line 457   INFO   No change
2023-08-06 10:56:33 AM   DogAdoption_FairfaxCountyAnimalShelter, Line 457   INFO   No change
2023-08-06 11:01:34 AM   DogAdoption_FairfaxCountyAnimalShelter, Line 457   INFO   No change
2023-08-06 11:06:35 AM   DogAdoption_FairfaxCountyAnimalShelter, Line 457   INFO   No change
2023-08-06 11:11:36 AM   DogAdoption_FairfaxCountyAnimalShelter, Line 457   INFO   No change
2023-08-06 11:16:38 AM   DogAdoption_FairfaxCountyAnimalShelter, Line 457   INFO   No change
2023-08-06 11:21:39 AM   DogAdoption_FairfaxCountyAnimalShelter, Line 457   INFO   No change
2023-08-06 11:26:40 AM   DogAdoption_FairfaxCountyAnimalShelter, Line 457   INFO   No change
2023-08-06 11:31:41 AM   DogAdoption_FairfaxCountyAnimalShelter, Line 457   INFO   No change
2023-08-06 11:36:42 AM   DogAdoption_FairfaxCountyAnimalShelter, Line 457   INFO   No change
2023-08-06 11:41:43 AM   DogAdoption_FairfaxCountyAnimalShelter, Line 457   INFO   No change
2023-08-06 11:46:44 AM   DogAdoption_FairfaxCountyAnimalShelter, Line 457   INFO   No change
2023-08-06 11:51:46 AM   DogAdoption_FairfaxCountyAnimalShelter, Line 457   INFO   No change
2023-08-06 11:56:48 AM   DogAdoption_FairfaxCountyAnimalShelter, Line 457   INFO   No change
2023-08-06 12:01:49 PM   DogAdoption_FairfaxCountyAnimalShelter, Line 457   INFO   No change
2023-08-06 12:06:50 PM   DogAdoption_FairfaxCountyAnimalShelter, Line 457   INFO   No change
2023-08-06 12:11:52 PM   DogAdoption_FairfaxCountyAnimalShelter, Line 457   INFO   No change
2023-08-06 12:16:53 PM   DogAdoption_FairfaxCountyAnimalShelter, Line 457   INFO   No change
2023-08-06 12:21:55 PM   DogAdoption_FairfaxCountyAnimalShelter, Line 457   INFO   No change
2023-08-06 12:26:56 PM   DogAdoption_FairfaxCountyAnimalShelter, Line 457   INFO   No change
2023-08-06 12:31:57 PM   DogAdoption_FairfaxCountyAnimalShelter, Line 457   INFO   No change
2023-08-06 12:36:59 PM   DogAdoption_FairfaxCountyAnimalShelter, Line 457   INFO   No change
2023-08-06 12:42:00 PM   DogAdoption_FairfaxCountyAnimalShelter, Line 457   INFO   No change
2023-08-06 12:47:03 PM   DogAdoption_FairfaxCountyAnimalShelter, Line 461   INFO   Change in availability!
2023-08-06 12:52:07 PM   DogAdoption_FairfaxCountyAnimalShelter, Line 457   INFO   No change
2023-08-06 12:57:08 PM   DogAdoption_FairfaxCountyAnimalShelter, Line 457   INFO   No change
2023-08-06 01:02:09 PM   DogAdoption_FairfaxCountyAnimalShelter, Line 457   INFO   No change
2023-08-06 01:07:10 PM   DogAdoption_FairfaxCountyAnimalShelter, Line 457   INFO   No change
2023-08-06 01:12:12 PM   DogAdoption_FairfaxCountyAnimalShelter, Line 457   INFO   No change
2023-08-06 01:17:13 PM   DogAdoption_FairfaxCountyAnimalShelter, Line 457   INFO   No change
2023-08-06 01:22:14 PM   DogAdoption_FairfaxCountyAnimalShelter, Line 457   INFO   No change
2023-08-06 01:27:17 PM   DogAdoption_FairfaxCountyAnimalShelter, Line 457   INFO   No change
2023-08-06 01:32:19 PM   DogAdoption_FairfaxCountyAnimalShelter, Line 461   INFO   Change in availability!
2023-08-06 01:37:21 PM   DogAdoption_FairfaxCountyAnimalShelter, Line 457   INFO   No change
2023-08-06 01:42:22 PM   DogAdoption_FairfaxCountyAnimalShelter, Line 457   INFO   No change
2023-08-06 01:47:23 PM   DogAdoption_FairfaxCountyAnimalShelter, Line 457   INFO   No change
2023-08-06 01:52:24 PM   DogAdoption_FairfaxCountyAnimalShelter, Line 457   INFO   No change
2023-08-06 01:57:25 PM   DogAdoption_FairfaxCountyAnimalShelter, Line 457   INFO   No change
2023-08-06 02:02:26 PM   DogAdoption_FairfaxCountyAnimalShelter, Line 457   INFO   No change
2023-08-06 02:07:27 PM   DogAdoption_FairfaxCountyAnimalShelter, Line 457   INFO   No change
2023-08-06 02:12:29 PM   DogAdoption_FairfaxCountyAnimalShelter, Line 457   INFO   No change
2023-08-06 02:17:31 PM   DogAdoption_FairfaxCountyAnimalShelter, Line 457   INFO   No change
2023-08-06 02:22:32 PM   DogAdoption_FairfaxCountyAnimalShelter, Line 457   INFO   No change
2023-08-06 02:27:33 PM   DogAdoption_FairfaxCountyAnimalShelter, Line 457   INFO   No change
2023-08-06 02:32:34 PM   DogAdoption_FairfaxCountyAnimalShelter, Line 457   INFO   No change
2023-08-06 02:37:36 PM   DogAdoption_FairfaxCountyAnimalShelter, Line 457   INFO   No change
2023-08-06 02:39:46 PM   DogAdoption_FairfaxCountyAnimalShelter, Line 444   INFO   Started running script
2023-08-06 02:39:49 PM   DogAdoption_FairfaxCountyAnimalShelter, Line 488   ERROR   Unable to connect to or scrape website
2023-08-06 02:43:50 PM   DogAdoption_FairfaxCountyAnimalShelter, Line 444   INFO   Started running script
2023-08-06 02:43:51 PM   DogAdoption_FairfaxCountyAnimalShelter, Line 490   ERROR   Unable to connect to or scrape website
2023-08-06 02:46:22 PM   DogAdoption_FairfaxCountyAnimalShelter, Line 444   INFO   Started running script
2023-08-06 02:46:24 PM   DogAdoption_FairfaxCountyAnimalShelter, Line 464   INFO   No change
2023-08-06 02:46:36 PM   DogAdoption_FairfaxCountyAnimalShelter, Line 444   INFO   Started running script
2023-08-06 02:46:37 PM   DogAdoption_FairfaxCountyAnimalShelter, Line 462   INFO   No change
2023-08-06 02:47:17 PM   DogAdoption_FairfaxCountyAnimalShelter, Line 444   INFO   Started running script
2023-08-06 02:52:23 PM   DogAdoption_FairfaxCountyAnimalShelter, Line 462   INFO   No change
2023-08-06 02:57:23 PM   DogAdoption_FairfaxCountyAnimalShelter, Line 488   ERROR   Unable to connect to or scrape website
2023-08-06 02:57:36 PM   DogAdoption_FairfaxCountyAnimalShelter, Line 444   INFO   Started running script
2023-08-06 02:58:24 PM   DogAdoption_FairfaxCountyAnimalShelter, Line 444   INFO   Started running script
