2023-08-05 11:31:10 PM   Apartments_OneLoudoun_Vyne, Line 344   INFO   Started running script
2023-08-05 11:31:13 PM   Apartments_OneLoudoun_Vyne, Line 364   INFO   No change (A1A)
2023-08-05 11:31:16 PM   Apartments_OneLoudoun_Vyne, Line 364   INFO   No change (A2A)
2023-08-05 11:31:21 PM   Apartments_OneLoudoun_Vyne, Line 364   INFO   No change (A6D)
2023-08-05 11:31:24 PM   Apartments_OneLoudoun_Vyne, Line 364   INFO   No change (B1B)
2023-08-05 11:31:29 PM   Apartments_OneLoudoun_Vyne, Line 364   INFO   No change (B2B)
2023-08-05 11:31:34 PM   Apartments_OneLoudoun_Vyne, Line 364   INFO   No change (B3B)
2023-08-05 11:31:37 PM   Apartments_OneLoudoun_Vyne, Line 364   INFO   No change (B10B)
2023-08-05 11:31:41 PM   Apartments_OneLoudoun_Vyne, Line 364   INFO   No change (B12B)
2023-08-05 11:31:44 PM   Apartments_OneLoudoun_Vyne, Line 381   ERROR   Unable to connect to or scrape website (S3A)
2023-08-06 12:37:48 AM   Apartments_OneLoudoun_Vyne, Line 364   INFO   No change (A1A)
2023-08-06 12:37:52 AM   Apartments_OneLoudoun_Vyne, Line 364   INFO   No change (A2A)
2023-08-06 12:37:56 AM   Apartments_OneLoudoun_Vyne, Line 364   INFO   No change (A6D)
2023-08-06 12:38:01 AM   Apartments_OneLoudoun_Vyne, Line 364   INFO   No change (B1B)
2023-08-06 12:38:05 AM   Apartments_OneLoudoun_Vyne, Line 364   INFO   No change (B2B)
2023-08-06 12:38:08 AM   Apartments_OneLoudoun_Vyne, Line 364   INFO   No change (B3B)
2023-08-06 12:38:11 AM   Apartments_OneLoudoun_Vyne, Line 364   INFO   No change (B10B)
2023-08-06 12:38:16 AM   Apartments_OneLoudoun_Vyne, Line 364   INFO   No change (B12B)
2023-08-06 12:38:19 AM   Apartments_OneLoudoun_Vyne, Line 381   ERROR   Unable to connect to or scrape website (S3A)
2023-08-06 01:38:23 AM   Apartments_OneLoudoun_Vyne, Line 364   INFO   No change (A1A)
2023-08-06 01:38:26 AM   Apartments_OneLoudoun_Vyne, Line 364   INFO   No change (A2A)
2023-08-06 01:38:30 AM   Apartments_OneLoudoun_Vyne, Line 364   INFO   No change (A6D)
2023-08-06 01:38:33 AM   Apartments_OneLoudoun_Vyne, Line 364   INFO   No change (B1B)
2023-08-06 01:38:37 AM   Apartments_OneLoudoun_Vyne, Line 364   INFO   No change (B2B)
2023-08-06 01:38:41 AM   Apartments_OneLoudoun_Vyne, Line 364   INFO   No change (B3B)
2023-08-06 01:38:44 AM   Apartments_OneLoudoun_Vyne, Line 364   INFO   No change (B10B)
2023-08-06 01:38:47 AM   Apartments_OneLoudoun_Vyne, Line 364   INFO   No change (B12B)
2023-08-06 01:38:49 AM   Apartments_OneLoudoun_Vyne, Line 381   ERROR   Unable to connect to or scrape website (S3A)
2023-08-06 02:38:54 AM   Apartments_OneLoudoun_Vyne, Line 364   INFO   No change (A1A)
2023-08-06 02:38:57 AM   Apartments_OneLoudoun_Vyne, Line 364   INFO   No change (A2A)
2023-08-06 02:39:00 AM   Apartments_OneLoudoun_Vyne, Line 364   INFO   No change (A6D)
2023-08-06 02:39:04 AM   Apartments_OneLoudoun_Vyne, Line 364   INFO   No change (B1B)
2023-08-06 02:39:07 AM   Apartments_OneLoudoun_Vyne, Line 364   INFO   No change (B2B)
2023-08-06 02:39:11 AM   Apartments_OneLoudoun_Vyne, Line 364   INFO   No change (B3B)
2023-08-06 02:39:14 AM   Apartments_OneLoudoun_Vyne, Line 364   INFO   No change (B10B)
2023-08-06 02:39:18 AM   Apartments_OneLoudoun_Vyne, Line 364   INFO   No change (B12B)
2023-08-06 02:39:20 AM   Apartments_OneLoudoun_Vyne, Line 381   ERROR   Unable to connect to or scrape website (S3A)
2023-08-06 03:39:25 AM   Apartments_OneLoudoun_Vyne, Line 364   INFO   No change (A1A)
2023-08-06 03:39:29 AM   Apartments_OneLoudoun_Vyne, Line 364   INFO   No change (A2A)
2023-08-06 03:39:33 AM   Apartments_OneLoudoun_Vyne, Line 364   INFO   No change (A6D)
2023-08-06 03:39:36 AM   Apartments_OneLoudoun_Vyne, Line 369   INFO   Change in availability! (B1B)
2023-08-06 03:39:41 AM   Apartments_OneLoudoun_Vyne, Line 364   INFO   No change (B2B)
2023-08-06 03:39:45 AM   Apartments_OneLoudoun_Vyne, Line 364   INFO   No change (B3B)
2023-08-06 03:39:48 AM   Apartments_OneLoudoun_Vyne, Line 364   INFO   No change (B10B)
2023-08-06 03:39:51 AM   Apartments_OneLoudoun_Vyne, Line 364   INFO   No change (B12B)
2023-08-06 03:39:54 AM   Apartments_OneLoudoun_Vyne, Line 381   ERROR   Unable to connect to or scrape website (S3A)
2023-08-06 04:40:01 AM   Apartments_OneLoudoun_Vyne, Line 364   INFO   No change (A1A)
2023-08-06 04:40:05 AM   Apartments_OneLoudoun_Vyne, Line 364   INFO   No change (A2A)
2023-08-06 04:40:09 AM   Apartments_OneLoudoun_Vyne, Line 364   INFO   No change (A6D)
2023-08-06 04:40:12 AM   Apartments_OneLoudoun_Vyne, Line 364   INFO   No change (B1B)
2023-08-06 04:40:16 AM   Apartments_OneLoudoun_Vyne, Line 364   INFO   No change (B2B)
2023-08-06 04:40:19 AM   Apartments_OneLoudoun_Vyne, Line 364   INFO   No change (B3B)
2023-08-06 04:40:23 AM   Apartments_OneLoudoun_Vyne, Line 364   INFO   No change (B10B)
2023-08-06 04:40:26 AM   Apartments_OneLoudoun_Vyne, Line 364   INFO   No change (B12B)
2023-08-06 04:40:29 AM   Apartments_OneLoudoun_Vyne, Line 381   ERROR   Unable to connect to or scrape website (S3A)
2023-08-06 05:40:33 AM   Apartments_OneLoudoun_Vyne, Line 364   INFO   No change (A1A)
2023-08-06 05:40:36 AM   Apartments_OneLoudoun_Vyne, Line 364   INFO   No change (A2A)
2023-08-06 05:40:39 AM   Apartments_OneLoudoun_Vyne, Line 364   INFO   No change (A6D)
2023-08-06 05:40:42 AM   Apartments_OneLoudoun_Vyne, Line 364   INFO   No change (B1B)
2023-08-06 05:40:45 AM   Apartments_OneLoudoun_Vyne, Line 364   INFO   No change (B2B)
2023-08-06 05:40:49 AM   Apartments_OneLoudoun_Vyne, Line 364   INFO   No change (B3B)
2023-08-06 05:40:52 AM   Apartments_OneLoudoun_Vyne, Line 364   INFO   No change (B10B)
2023-08-06 05:40:55 AM   Apartments_OneLoudoun_Vyne, Line 364   INFO   No change (B12B)
2023-08-06 05:40:57 AM   Apartments_OneLoudoun_Vyne, Line 381   ERROR   Unable to connect to or scrape website (S3A)
2023-08-06 06:41:01 AM   Apartments_OneLoudoun_Vyne, Line 364   INFO   No change (A1A)
2023-08-06 06:41:04 AM   Apartments_OneLoudoun_Vyne, Line 364   INFO   No change (A2A)
2023-08-06 06:41:07 AM   Apartments_OneLoudoun_Vyne, Line 364   INFO   No change (A6D)
2023-08-06 06:41:12 AM   Apartments_OneLoudoun_Vyne, Line 364   INFO   No change (B1B)
2023-08-06 06:41:14 AM   Apartments_OneLoudoun_Vyne, Line 364   INFO   No change (B2B)
2023-08-06 06:41:18 AM   Apartments_OneLoudoun_Vyne, Line 364   INFO   No change (B3B)
2023-08-06 06:41:21 AM   Apartments_OneLoudoun_Vyne, Line 364   INFO   No change (B10B)
2023-08-06 06:41:23 AM   Apartments_OneLoudoun_Vyne, Line 364   INFO   No change (B12B)
2023-08-06 06:41:26 AM   Apartments_OneLoudoun_Vyne, Line 381   ERROR   Unable to connect to or scrape website (S3A)
2023-08-06 07:41:30 AM   Apartments_OneLoudoun_Vyne, Line 364   INFO   No change (A1A)
2023-08-06 07:41:33 AM   Apartments_OneLoudoun_Vyne, Line 364   INFO   No change (A2A)
2023-08-06 07:41:36 AM   Apartments_OneLoudoun_Vyne, Line 364   INFO   No change (A6D)
2023-08-06 07:41:39 AM   Apartments_OneLoudoun_Vyne, Line 364   INFO   No change (B1B)
2023-08-06 07:41:42 AM   Apartments_OneLoudoun_Vyne, Line 364   INFO   No change (B2B)
2023-08-06 07:41:45 AM   Apartments_OneLoudoun_Vyne, Line 364   INFO   No change (B3B)
2023-08-06 07:41:48 AM   Apartments_OneLoudoun_Vyne, Line 364   INFO   No change (B10B)
2023-08-06 07:41:51 AM   Apartments_OneLoudoun_Vyne, Line 364   INFO   No change (B12B)
2023-08-06 07:41:54 AM   Apartments_OneLoudoun_Vyne, Line 381   ERROR   Unable to connect to or scrape website (S3A)
2023-08-06 08:41:59 AM   Apartments_OneLoudoun_Vyne, Line 364   INFO   No change (A1A)
2023-08-06 08:42:02 AM   Apartments_OneLoudoun_Vyne, Line 364   INFO   No change (A2A)
2023-08-06 08:42:06 AM   Apartments_OneLoudoun_Vyne, Line 364   INFO   No change (A6D)
2023-08-06 08:42:08 AM   Apartments_OneLoudoun_Vyne, Line 364   INFO   No change (B1B)
2023-08-06 08:42:12 AM   Apartments_OneLoudoun_Vyne, Line 364   INFO   No change (B2B)
2023-08-06 08:42:14 AM   Apartments_OneLoudoun_Vyne, Line 364   INFO   No change (B3B)
2023-08-06 08:42:18 AM   Apartments_OneLoudoun_Vyne, Line 364   INFO   No change (B10B)
2023-08-06 08:42:22 AM   Apartments_OneLoudoun_Vyne, Line 364   INFO   No change (B12B)
2023-08-06 08:42:24 AM   Apartments_OneLoudoun_Vyne, Line 381   ERROR   Unable to connect to or scrape website (S3A)
2023-08-06 09:42:28 AM   Apartments_OneLoudoun_Vyne, Line 364   INFO   No change (A1A)
2023-08-06 09:42:32 AM   Apartments_OneLoudoun_Vyne, Line 364   INFO   No change (A2A)
2023-08-06 09:42:35 AM   Apartments_OneLoudoun_Vyne, Line 364   INFO   No change (A6D)
2023-08-06 09:42:39 AM   Apartments_OneLoudoun_Vyne, Line 364   INFO   No change (B1B)
2023-08-06 09:42:42 AM   Apartments_OneLoudoun_Vyne, Line 364   INFO   No change (B2B)
2023-08-06 09:42:45 AM   Apartments_OneLoudoun_Vyne, Line 364   INFO   No change (B3B)
2023-08-06 09:42:48 AM   Apartments_OneLoudoun_Vyne, Line 364   INFO   No change (B10B)
2023-08-06 09:42:51 AM   Apartments_OneLoudoun_Vyne, Line 364   INFO   No change (B12B)
2023-08-06 09:42:54 AM   Apartments_OneLoudoun_Vyne, Line 381   ERROR   Unable to connect to or scrape website (S3A)
2023-08-06 10:42:58 AM   Apartments_OneLoudoun_Vyne, Line 364   INFO   No change (A1A)
2023-08-06 10:43:02 AM   Apartments_OneLoudoun_Vyne, Line 364   INFO   No change (A2A)
2023-08-06 10:43:06 AM   Apartments_OneLoudoun_Vyne, Line 364   INFO   No change (A6D)
2023-08-06 10:43:09 AM   Apartments_OneLoudoun_Vyne, Line 381   ERROR   Unable to connect to or scrape website (B1B)
2023-08-06 10:43:12 AM   Apartments_OneLoudoun_Vyne, Line 364   INFO   No change (B2B)
2023-08-06 10:43:16 AM   Apartments_OneLoudoun_Vyne, Line 364   INFO   No change (B3B)
2023-08-06 10:43:20 AM   Apartments_OneLoudoun_Vyne, Line 364   INFO   No change (B10B)
2023-08-06 10:43:24 AM   Apartments_OneLoudoun_Vyne, Line 364   INFO   No change (B12B)
2023-08-06 10:43:26 AM   Apartments_OneLoudoun_Vyne, Line 381   ERROR   Unable to connect to or scrape website (S3A)
2023-08-06 01:31:18 PM   Apartments_OneLoudoun_Vyne, Line 361   INFO   Started running script
2023-08-06 01:31:23 PM   Apartments_OneLoudoun_Vyne, Line 404   ERROR   Unable to connect to or scrape website (A1A)
2023-08-06 01:31:26 PM   Apartments_OneLoudoun_Vyne, Line 404   ERROR   Unable to connect to or scrape website (A2A)
2023-08-06 01:31:30 PM   Apartments_OneLoudoun_Vyne, Line 404   ERROR   Unable to connect to or scrape website (A6D)
2023-08-06 01:31:33 PM   Apartments_OneLoudoun_Vyne, Line 404   ERROR   Unable to connect to or scrape website (B1B)
2023-08-06 01:31:37 PM   Apartments_OneLoudoun_Vyne, Line 404   ERROR   Unable to connect to or scrape website (B2B)
2023-08-06 01:31:41 PM   Apartments_OneLoudoun_Vyne, Line 404   ERROR   Unable to connect to or scrape website (B3B)
2023-08-06 01:31:45 PM   Apartments_OneLoudoun_Vyne, Line 404   ERROR   Unable to connect to or scrape website (B10B)
2023-08-06 01:31:49 PM   Apartments_OneLoudoun_Vyne, Line 404   ERROR   Unable to connect to or scrape website (B12B)
2023-08-06 01:31:52 PM   Apartments_OneLoudoun_Vyne, Line 404   ERROR   Unable to connect to or scrape website (S3A)
2023-08-06 01:40:34 PM   Apartments_OneLoudoun_Vyne, Line 363   INFO   Started running script
2023-08-06 01:40:40 PM   Apartments_OneLoudoun_Vyne, Line 406   ERROR   Unable to connect to or scrape website (A1A)
2023-08-06 01:40:45 PM   Apartments_OneLoudoun_Vyne, Line 406   ERROR   Unable to connect to or scrape website (A2A)
2023-08-06 01:40:48 PM   Apartments_OneLoudoun_Vyne, Line 406   ERROR   Unable to connect to or scrape website (A6D)
2023-08-06 01:40:52 PM   Apartments_OneLoudoun_Vyne, Line 406   ERROR   Unable to connect to or scrape website (B1B)
2023-08-06 01:40:55 PM   Apartments_OneLoudoun_Vyne, Line 406   ERROR   Unable to connect to or scrape website (B2B)
2023-08-06 01:40:58 PM   Apartments_OneLoudoun_Vyne, Line 406   ERROR   Unable to connect to or scrape website (B3B)
2023-08-06 01:41:02 PM   Apartments_OneLoudoun_Vyne, Line 406   ERROR   Unable to connect to or scrape website (B10B)
2023-08-06 01:41:05 PM   Apartments_OneLoudoun_Vyne, Line 406   ERROR   Unable to connect to or scrape website (B12B)
2023-08-06 01:41:08 PM   Apartments_OneLoudoun_Vyne, Line 406   ERROR   Unable to connect to or scrape website (S3A)
2023-08-06 01:59:59 PM   Apartments_OneLoudoun_Vyne, Line 366   INFO   Started running script
2023-08-06 02:00:04 PM   Apartments_OneLoudoun_Vyne, Line 386   INFO   No change (A1A)
2023-08-06 02:00:08 PM   Apartments_OneLoudoun_Vyne, Line 386   INFO   No change (A2A)
2023-08-06 02:00:12 PM   Apartments_OneLoudoun_Vyne, Line 386   INFO   No change (A6D)
2023-08-06 02:00:15 PM   Apartments_OneLoudoun_Vyne, Line 391   INFO   Change in availability! (B1B)

Floor Plan Unit  Price Current  Price Previous  Price Change Change Status Date Available            Scrape Datetime
       B1B E534         2558.0             NaN           0.0      New Unit            Now 2023-08-06 14:00:12.266128
       B1B E634         2755.0             NaN           0.0      New Unit            Now 2023-08-06 14:00:12.266128
       B1B E438            NaN          2690.0           0.0   Leased Unit            NaN                        NaT

2023-08-06 02:00:21 PM   Apartments_OneLoudoun_Vyne, Line 386   INFO   No change (B2B)
2023-08-06 02:00:24 PM   Apartments_OneLoudoun_Vyne, Line 386   INFO   No change (B3B)
2023-08-06 02:00:27 PM   Apartments_OneLoudoun_Vyne, Line 391   INFO   Change in availability! (B10B)

Floor Plan Unit  Price Current  Price Previous  Price Change   Change Status Date Available            Scrape Datetime
      B10B E564           2541             NaN           0.0        New Unit            Now 2023-08-06 14:00:24.769458
      B10B E364           2525          2525.0           0.0 Still Available       9/7/2023 2023-08-06 14:00:24.769458

2023-08-06 02:00:33 PM   Apartments_OneLoudoun_Vyne, Line 386   INFO   No change (B12B)
2023-08-06 02:00:35 PM   Apartments_OneLoudoun_Vyne, Line 409   ERROR   Unable to connect to or scrape website (S3A)
2023-08-06 04:24:53 PM   Apartments_OneLoudoun_Vyne, Line 371   INFO   Started running script
2023-08-06 04:24:58 PM   Apartments_OneLoudoun_Vyne, Line 407   INFO   New A1A unit: E407 ($2164)
2023-08-06 04:24:58 PM   Apartments_OneLoudoun_Vyne, Line 407   INFO   New A1A unit: E730 ($2352)
2023-08-06 04:24:58 PM   Apartments_OneLoudoun_Vyne, Line 411   INFO   

Floor Plan Unit  Price Current Price Previous  Price Change Change Status Date Available            Scrape Datetime
       A1A E407           2164            NaN             0      New Unit      9/28/2023 2023-08-06 16:24:53.623692
       A1A E730           2352            NaN             0      New Unit     10/10/2023 2023-08-06 16:24:53.623692

2023-08-06 04:25:02 PM   Apartments_OneLoudoun_Vyne, Line 407   INFO   New A2A unit: W116 ($2282)
2023-08-06 04:25:02 PM   Apartments_OneLoudoun_Vyne, Line 411   INFO   

Floor Plan Unit  Price Current Price Previous  Price Change Change Status Date Available            Scrape Datetime
       A2A W116           2282            NaN             0      New Unit     10/12/2023 2023-08-06 16:24:58.377715

2023-08-06 04:25:07 PM   Apartments_OneLoudoun_Vyne, Line 407   INFO   New A6D unit: W111 ($2502)
2023-08-06 04:25:07 PM   Apartments_OneLoudoun_Vyne, Line 411   INFO   

Floor Plan Unit  Price Current Price Previous  Price Change Change Status Date Available            Scrape Datetime
       A6D W111           2502            NaN             0      New Unit      8/17/2023 2023-08-06 16:25:02.402054

2023-08-06 04:25:10 PM   Apartments_OneLoudoun_Vyne, Line 407   INFO   New B1B unit: E534 ($2558)
2023-08-06 04:25:10 PM   Apartments_OneLoudoun_Vyne, Line 407   INFO   New B1B unit: E634 ($2755)
2023-08-06 04:25:10 PM   Apartments_OneLoudoun_Vyne, Line 411   INFO   

Floor Plan Unit  Price Current Price Previous  Price Change Change Status Date Available            Scrape Datetime
       B1B E534           2558            NaN             0      New Unit            Now 2023-08-06 16:25:07.045830
       B1B E634           2755            NaN             0      New Unit            Now 2023-08-06 16:25:07.045830

2023-08-06 04:25:14 PM   Apartments_OneLoudoun_Vyne, Line 407   INFO   New B2B unit: W218 ($2555)
2023-08-06 04:25:14 PM   Apartments_OneLoudoun_Vyne, Line 407   INFO   New B2B unit: W317 ($2685)
2023-08-06 04:25:14 PM   Apartments_OneLoudoun_Vyne, Line 407   INFO   New B2B unit: W515 ($2730)
2023-08-06 04:25:14 PM   Apartments_OneLoudoun_Vyne, Line 411   INFO   

Floor Plan Unit  Price Current Price Previous  Price Change Change Status Date Available            Scrape Datetime
       B2B W218           2555            NaN             0      New Unit       9/1/2023 2023-08-06 16:25:10.619505
       B2B W317           2685            NaN             0      New Unit      10/7/2023 2023-08-06 16:25:10.619505
       B2B W515           2730            NaN             0      New Unit     10/17/2023 2023-08-06 16:25:10.619505

2023-08-06 04:25:18 PM   Apartments_OneLoudoun_Vyne, Line 407   INFO   New B3B unit: E406 ($2735)
2023-08-06 04:25:18 PM   Apartments_OneLoudoun_Vyne, Line 407   INFO   New B3B unit: E702 ($2680)
2023-08-06 04:25:18 PM   Apartments_OneLoudoun_Vyne, Line 411   INFO   

Floor Plan Unit  Price Current Price Previous  Price Change Change Status Date Available            Scrape Datetime
       B3B E406           2735            NaN             0      New Unit      11/4/2023 2023-08-06 16:25:14.508190
       B3B E702           2680            NaN             0      New Unit      9/13/2023 2023-08-06 16:25:14.508190

2023-08-06 04:25:21 PM   Apartments_OneLoudoun_Vyne, Line 407   INFO   New B10B unit: E364 ($2525)
2023-08-06 04:25:21 PM   Apartments_OneLoudoun_Vyne, Line 407   INFO   New B10B unit: E564 ($2537)
2023-08-06 04:25:21 PM   Apartments_OneLoudoun_Vyne, Line 411   INFO   

Floor Plan Unit  Price Current Price Previous  Price Change Change Status Date Available            Scrape Datetime
      B10B E364           2525            NaN             0      New Unit       9/7/2023 2023-08-06 16:25:18.373861
      B10B E564           2537            NaN             0      New Unit            Now 2023-08-06 16:25:18.373861

2023-08-06 04:25:25 PM   Apartments_OneLoudoun_Vyne, Line 407   INFO   New B12B unit: E361 ($2600)
2023-08-06 04:25:25 PM   Apartments_OneLoudoun_Vyne, Line 411   INFO   

Floor Plan Unit  Price Current Price Previous  Price Change Change Status Date Available            Scrape Datetime
      B12B E361           2600            NaN             0      New Unit     10/18/2023 2023-08-06 16:25:21.741463

2023-08-06 04:25:28 PM   Apartments_OneLoudoun_Vyne, Line 457   ERROR   Unable to connect to or scrape website (S3A)
2023-08-06 04:26:49 PM   Apartments_OneLoudoun_Vyne, Line 371   INFO   Started running script
2023-08-06 04:27:28 PM   Apartments_OneLoudoun_Vyne, Line 457   ERROR   Unable to connect to or scrape website (S3A)
2023-08-06 04:27:52 PM   Apartments_OneLoudoun_Vyne, Line 371   INFO   Started running script
2023-08-06 04:28:27 PM   Apartments_OneLoudoun_Vyne, Line 457   ERROR   Unable to connect to or scrape website (S3A)
2023-08-06 04:30:08 PM   Apartments_OneLoudoun_Vyne, Line 371   INFO   Started running script
2023-08-07 04:02:36 PM   Apartments_OneLoudoun_Vyne, Line 437   INFO   A1A price change: E407 +26 ($2190)
2023-08-07 04:02:36 PM   Apartments_OneLoudoun_Vyne, Line 437   INFO   A1A price change: E730 +26 ($2378)
2023-08-07 04:02:36 PM   Apartments_OneLoudoun_Vyne, Line 447   INFO   

Floor Plan Unit  Price Current  Price Previous  Price Change   Change Status Date Available            Scrape Datetime
       A1A E407           2190            2164            26 Still Available      9/28/2023 2023-08-07 16:02:32.798578
       A1A E730           2378            2352            26 Still Available     10/10/2023 2023-08-07 16:02:32.798578

2023-08-07 04:02:42 PM   Apartments_OneLoudoun_Vyne, Line 437   INFO   A2A price change: W116 +26 ($2308)
2023-08-07 04:02:42 PM   Apartments_OneLoudoun_Vyne, Line 447   INFO   

Floor Plan Unit  Price Current  Price Previous  Price Change   Change Status Date Available            Scrape Datetime
       A2A W116           2308            2282            26 Still Available     10/12/2023 2023-08-07 16:02:38.922105

2023-08-07 04:02:46 PM   Apartments_OneLoudoun_Vyne, Line 437   INFO   A6D price change: W111 +26 ($2528)
2023-08-07 04:02:46 PM   Apartments_OneLoudoun_Vyne, Line 447   INFO   

Floor Plan Unit  Price Current  Price Previous  Price Change   Change Status Date Available            Scrape Datetime
       A6D W111           2528            2502            26 Still Available      8/17/2023 2023-08-07 16:02:43.316208

2023-08-07 04:03:02 PM   Apartments_OneLoudoun_Vyne, Line 440   INFO   B10B price change: E564 -4 ($2533)
2023-08-07 04:03:02 PM   Apartments_OneLoudoun_Vyne, Line 447   INFO   

Floor Plan Unit  Price Current  Price Previous  Price Change   Change Status Date Available            Scrape Datetime
      B10B E564           2533            2537            -4 Still Available            Now 2023-08-07 16:02:59.091737

2023-08-07 04:03:12 PM   Apartments_OneLoudoun_Vyne, Line 463   ERROR   Unable to connect to or scrape website (S3A)
2023-08-07 04:33:48 PM   Apartments_OneLoudoun_Vyne, Line 463   ERROR   Unable to connect to or scrape website (S3A)
2023-08-07 05:04:30 PM   Apartments_OneLoudoun_Vyne, Line 463   ERROR   Unable to connect to or scrape website (S3A)
2023-08-07 05:35:13 PM   Apartments_OneLoudoun_Vyne, Line 463   ERROR   Unable to connect to or scrape website (S3A)
2023-08-07 06:05:54 PM   Apartments_OneLoudoun_Vyne, Line 463   ERROR   Unable to connect to or scrape website (S3A)
2023-08-07 06:36:34 PM   Apartments_OneLoudoun_Vyne, Line 463   ERROR   Unable to connect to or scrape website (S3A)
2023-08-07 07:07:18 PM   Apartments_OneLoudoun_Vyne, Line 463   ERROR   Unable to connect to or scrape website (S3A)
2023-08-07 07:38:09 PM   Apartments_OneLoudoun_Vyne, Line 463   ERROR   Unable to connect to or scrape website (S3A)
2023-08-07 08:08:46 PM   Apartments_OneLoudoun_Vyne, Line 463   ERROR   Unable to connect to or scrape website (S3A)
2023-08-07 08:39:18 PM   Apartments_OneLoudoun_Vyne, Line 463   ERROR   Unable to connect to or scrape website (S3A)
2023-08-07 09:09:51 PM   Apartments_OneLoudoun_Vyne, Line 463   ERROR   Unable to connect to or scrape website (S3A)
2023-08-07 09:40:44 PM   Apartments_OneLoudoun_Vyne, Line 463   ERROR   Unable to connect to or scrape website (S3A)
2023-08-07 10:11:28 PM   Apartments_OneLoudoun_Vyne, Line 463   ERROR   Unable to connect to or scrape website (S3A)
2023-08-07 10:42:18 PM   Apartments_OneLoudoun_Vyne, Line 463   ERROR   Unable to connect to or scrape website (S3A)
2023-08-07 11:13:13 PM   Apartments_OneLoudoun_Vyne, Line 463   ERROR   Unable to connect to or scrape website (S3A)
2023-08-07 11:43:55 PM   Apartments_OneLoudoun_Vyne, Line 463   ERROR   Unable to connect to or scrape website (S3A)
2023-08-08 12:14:43 AM   Apartments_OneLoudoun_Vyne, Line 463   ERROR   Unable to connect to or scrape website (S3A)
2023-08-08 12:45:19 AM   Apartments_OneLoudoun_Vyne, Line 463   ERROR   Unable to connect to or scrape website (S3A)
2023-08-08 01:15:53 AM   Apartments_OneLoudoun_Vyne, Line 463   ERROR   Unable to connect to or scrape website (S3A)
2023-08-08 01:46:26 AM   Apartments_OneLoudoun_Vyne, Line 463   ERROR   Unable to connect to or scrape website (S3A)
2023-08-08 02:16:56 AM   Apartments_OneLoudoun_Vyne, Line 463   ERROR   Unable to connect to or scrape website (S3A)
2023-08-08 02:48:25 AM   Apartments_OneLoudoun_Vyne, Line 463   ERROR   Unable to connect to or scrape website (S3A)
2023-08-08 03:18:57 AM   Apartments_OneLoudoun_Vyne, Line 463   ERROR   Unable to connect to or scrape website (S3A)
2023-08-08 03:49:21 AM   Apartments_OneLoudoun_Vyne, Line 408   INFO   New B3B unit: E502 ($2763)
2023-08-08 03:49:21 AM   Apartments_OneLoudoun_Vyne, Line 412   INFO   

Floor Plan Unit  Price Current  Price Previous  Price Change Change Status Date Available            Scrape Datetime
       B3B E502           2763             NaN           0.0      New Unit      11/7/2023 2023-08-08 03:49:18.033448

2023-08-08 03:49:33 AM   Apartments_OneLoudoun_Vyne, Line 463   ERROR   Unable to connect to or scrape website (S3A)
2023-08-08 04:20:06 AM   Apartments_OneLoudoun_Vyne, Line 463   ERROR   Unable to connect to or scrape website (S3A)
2023-08-08 04:50:43 AM   Apartments_OneLoudoun_Vyne, Line 463   ERROR   Unable to connect to or scrape website (S3A)
2023-08-08 05:21:14 AM   Apartments_OneLoudoun_Vyne, Line 463   ERROR   Unable to connect to or scrape website (S3A)
2023-08-08 05:51:59 AM   Apartments_OneLoudoun_Vyne, Line 463   ERROR   Unable to connect to or scrape website (S3A)
2023-08-08 06:22:39 AM   Apartments_OneLoudoun_Vyne, Line 463   ERROR   Unable to connect to or scrape website (S3A)
2023-08-08 06:53:14 AM   Apartments_OneLoudoun_Vyne, Line 463   ERROR   Unable to connect to or scrape website (S3A)
2023-08-08 07:23:47 AM   Apartments_OneLoudoun_Vyne, Line 463   ERROR   Unable to connect to or scrape website (S3A)
2023-08-08 07:54:20 AM   Apartments_OneLoudoun_Vyne, Line 463   ERROR   Unable to connect to or scrape website (S3A)
2023-08-08 08:24:56 AM   Apartments_OneLoudoun_Vyne, Line 463   ERROR   Unable to connect to or scrape website (S3A)
2023-08-08 08:55:42 AM   Apartments_OneLoudoun_Vyne, Line 463   ERROR   Unable to connect to or scrape website (S3A)
2023-08-08 09:26:14 AM   Apartments_OneLoudoun_Vyne, Line 463   ERROR   Unable to connect to or scrape website (S3A)
2023-08-08 09:56:47 AM   Apartments_OneLoudoun_Vyne, Line 463   ERROR   Unable to connect to or scrape website (S3A)
2023-08-08 10:27:21 AM   Apartments_OneLoudoun_Vyne, Line 463   ERROR   Unable to connect to or scrape website (S3A)
2023-08-08 10:57:57 AM   Apartments_OneLoudoun_Vyne, Line 463   ERROR   Unable to connect to or scrape website (S3A)
2023-08-08 11:28:08 AM   Apartments_OneLoudoun_Vyne, Line 463   ERROR   Unable to connect to or scrape website (A1A)
2023-08-08 11:28:12 AM   Apartments_OneLoudoun_Vyne, Line 463   ERROR   Unable to connect to or scrape website (A2A)
2023-08-08 11:28:17 AM   Apartments_OneLoudoun_Vyne, Line 463   ERROR   Unable to connect to or scrape website (A6D)
2023-08-08 11:28:21 AM   Apartments_OneLoudoun_Vyne, Line 463   ERROR   Unable to connect to or scrape website (B1B)
2023-08-08 11:28:25 AM   Apartments_OneLoudoun_Vyne, Line 463   ERROR   Unable to connect to or scrape website (B2B)
2023-08-08 11:28:30 AM   Apartments_OneLoudoun_Vyne, Line 463   ERROR   Unable to connect to or scrape website (B3B)
2023-08-08 11:28:34 AM   Apartments_OneLoudoun_Vyne, Line 463   ERROR   Unable to connect to or scrape website (B10B)
2023-08-08 11:28:38 AM   Apartments_OneLoudoun_Vyne, Line 463   ERROR   Unable to connect to or scrape website (B12B)
2023-08-08 11:28:43 AM   Apartments_OneLoudoun_Vyne, Line 463   ERROR   Unable to connect to or scrape website (S3A)
2023-08-08 03:34:50 PM   Apartments_OneLoudoun_Vyne, Line 463   ERROR   Unable to connect to or scrape website (A1A)
2023-08-08 03:34:56 PM   Apartments_OneLoudoun_Vyne, Line 463   ERROR   Unable to connect to or scrape website (A2A)
2023-08-08 03:34:59 PM   Apartments_OneLoudoun_Vyne, Line 463   ERROR   Unable to connect to or scrape website (A6D)
2023-08-08 03:35:03 PM   Apartments_OneLoudoun_Vyne, Line 463   ERROR   Unable to connect to or scrape website (B1B)
2023-08-08 03:35:07 PM   Apartments_OneLoudoun_Vyne, Line 463   ERROR   Unable to connect to or scrape website (B2B)
2023-08-08 03:35:12 PM   Apartments_OneLoudoun_Vyne, Line 440   INFO   B3B price change: E502 -18 ($2745)
2023-08-08 03:35:12 PM   Apartments_OneLoudoun_Vyne, Line 447   INFO   

Floor Plan Unit  Price Current  Price Previous  Price Change   Change Status Date Available            Scrape Datetime
       B3B E502           2745            2763           -18 Still Available      11/7/2023 2023-08-08 15:35:07.778950

2023-08-08 03:35:19 PM   Apartments_OneLoudoun_Vyne, Line 440   INFO   B10B price change: E564 -4 ($2529)
2023-08-08 03:35:19 PM   Apartments_OneLoudoun_Vyne, Line 447   INFO   

Floor Plan Unit  Price Current  Price Previous  Price Change   Change Status Date Available            Scrape Datetime
      B10B E564           2529            2533            -4 Still Available            Now 2023-08-08 15:35:15.016532

2023-08-08 08:04:45 PM   Apartments_OneLoudoun_Vyne, Line 371   INFO   Started running script
2023-08-08 08:05:19 PM   Apartments_OneLoudoun_Vyne, Line 463   ERROR   Unable to connect to or scrape website (S3A)
2023-08-08 08:35:53 PM   Apartments_OneLoudoun_Vyne, Line 463   ERROR   Unable to connect to or scrape website (S3A)
2023-08-08 09:06:28 PM   Apartments_OneLoudoun_Vyne, Line 463   ERROR   Unable to connect to or scrape website (S3A)
2023-08-08 09:37:11 PM   Apartments_OneLoudoun_Vyne, Line 463   ERROR   Unable to connect to or scrape website (S3A)
2023-08-08 10:07:44 PM   Apartments_OneLoudoun_Vyne, Line 463   ERROR   Unable to connect to or scrape website (S3A)
2023-08-08 10:25:43 PM   Apartments_OneLoudoun_Vyne   INFO   Started running script
2023-08-08 10:26:15 PM   Apartments_OneLoudoun_Vyne   ERROR   Unable to connect to or scrape website (S3A)
2023-08-08 10:49:54 PM   Apartments_OneLoudoun_Vyne   INFO   Started running script
2023-08-08 10:50:29 PM   Apartments_OneLoudoun_Vyne   ERROR   Unable to connect to or scrape website (S3A)
2023-08-08 11:21:00 PM   Apartments_OneLoudoun_Vyne   ERROR   Unable to connect to or scrape website (S3A)
2023-08-08 11:51:29 PM   Apartments_OneLoudoun_Vyne   ERROR   Unable to connect to or scrape website (S3A)
2023-08-09 12:22:00 AM   Apartments_OneLoudoun_Vyne   ERROR   Unable to connect to or scrape website (S3A)
2023-08-09 12:52:43 AM   Apartments_OneLoudoun_Vyne   ERROR   Unable to connect to or scrape website (S3A)
2023-08-09 01:23:13 AM   Apartments_OneLoudoun_Vyne   ERROR   Unable to connect to or scrape website (S3A)
2023-08-09 01:53:45 AM   Apartments_OneLoudoun_Vyne   ERROR   Unable to connect to or scrape website (S3A)
2023-08-09 02:24:13 AM   Apartments_OneLoudoun_Vyne   ERROR   Unable to connect to or scrape website (S3A)
2023-08-09 02:54:41 AM   Apartments_OneLoudoun_Vyne   ERROR   Unable to connect to or scrape website (S3A)
2023-08-09 03:25:29 AM   Apartments_OneLoudoun_Vyne   ERROR   Unable to connect to or scrape website (S3A)
2023-08-09 03:56:36 AM   Apartments_OneLoudoun_Vyne   ERROR   Unable to connect to or scrape website (S3A)
2023-08-09 04:27:09 AM   Apartments_OneLoudoun_Vyne   ERROR   Unable to connect to or scrape website (S3A)
2023-08-09 04:57:40 AM   Apartments_OneLoudoun_Vyne   ERROR   Unable to connect to or scrape website (S3A)
2023-08-09 05:28:08 AM   Apartments_OneLoudoun_Vyne   ERROR   Unable to connect to or scrape website (S3A)
2023-08-09 05:58:39 AM   Apartments_OneLoudoun_Vyne   ERROR   Unable to connect to or scrape website (S3A)
2023-08-09 06:29:08 AM   Apartments_OneLoudoun_Vyne   ERROR   Unable to connect to or scrape website (S3A)
2023-08-09 06:59:36 AM   Apartments_OneLoudoun_Vyne   ERROR   Unable to connect to or scrape website (S3A)
2023-08-09 07:30:05 AM   Apartments_OneLoudoun_Vyne   ERROR   Unable to connect to or scrape website (S3A)
2023-08-09 08:00:42 AM   Apartments_OneLoudoun_Vyne   ERROR   Unable to connect to or scrape website (S3A)
2023-08-09 08:31:15 AM   Apartments_OneLoudoun_Vyne   ERROR   Unable to connect to or scrape website (S3A)
2023-08-09 09:01:48 AM   Apartments_OneLoudoun_Vyne   ERROR   Unable to connect to or scrape website (S3A)
2023-08-09 09:32:18 AM   Apartments_OneLoudoun_Vyne   ERROR   Unable to connect to or scrape website (S3A)
2023-08-09 10:02:50 AM   Apartments_OneLoudoun_Vyne   ERROR   Unable to connect to or scrape website (S3A)
2023-08-09 10:33:22 AM   Apartments_OneLoudoun_Vyne   ERROR   Unable to connect to or scrape website (S3A)
2023-08-09 11:03:56 AM   Apartments_OneLoudoun_Vyne   ERROR   Unable to connect to or scrape website (S3A)
2023-08-09 11:34:32 AM   Apartments_OneLoudoun_Vyne   ERROR   Unable to connect to or scrape website (S3A)
2023-08-09 12:05:08 PM   Apartments_OneLoudoun_Vyne   ERROR   Unable to connect to or scrape website (S3A)
2023-08-09 12:35:42 PM   Apartments_OneLoudoun_Vyne   ERROR   Unable to connect to or scrape website (S3A)
2023-08-09 01:06:16 PM   Apartments_OneLoudoun_Vyne   ERROR   Unable to connect to or scrape website (S3A)
2023-08-09 01:36:56 PM   Apartments_OneLoudoun_Vyne   ERROR   Unable to connect to or scrape website (S3A)
2023-08-09 02:07:33 PM   Apartments_OneLoudoun_Vyne   ERROR   Unable to connect to or scrape website (S3A)
2023-08-09 02:38:17 PM   Apartments_OneLoudoun_Vyne   ERROR   Unable to connect to or scrape website (S3A)
2023-08-09 03:08:56 PM   Apartments_OneLoudoun_Vyne   ERROR   Unable to connect to or scrape website (S3A)
2023-08-09 03:39:36 PM   Apartments_OneLoudoun_Vyne   INFO   B10B price change: E564 -4 ($2525)
2023-08-09 03:39:36 PM   Apartments_OneLoudoun_Vyne   INFO   

Floor Plan Unit  Price Current  Price Previous  Price Change   Change Status Date Available            Scrape Datetime
      B10B E564           2525            2529            -4 Still Available            Now 2023-08-09 15:39:32.152920

2023-08-09 03:39:44 PM   Apartments_OneLoudoun_Vyne   ERROR   Unable to connect to or scrape website (S3A)
2023-08-09 04:10:23 PM   Apartments_OneLoudoun_Vyne   ERROR   Unable to connect to or scrape website (S3A)
2023-08-09 04:41:00 PM   Apartments_OneLoudoun_Vyne   ERROR   Unable to connect to or scrape website (S3A)
2023-08-09 05:11:33 PM   Apartments_OneLoudoun_Vyne   ERROR   Unable to connect to or scrape website (S3A)
2023-08-09 05:42:04 PM   Apartments_OneLoudoun_Vyne   ERROR   Unable to connect to or scrape website (S3A)
2023-08-09 06:12:34 PM   Apartments_OneLoudoun_Vyne   ERROR   Unable to connect to or scrape website (S3A)
2023-08-09 06:43:09 PM   Apartments_OneLoudoun_Vyne   ERROR   Unable to connect to or scrape website (S3A)
2023-08-09 07:13:38 PM   Apartments_OneLoudoun_Vyne   ERROR   Unable to connect to or scrape website (S3A)
2023-08-09 07:44:09 PM   Apartments_OneLoudoun_Vyne   ERROR   Unable to connect to or scrape website (S3A)
2023-08-09 08:14:48 PM   Apartments_OneLoudoun_Vyne   ERROR   Unable to connect to or scrape website (S3A)
2023-08-09 08:45:23 PM   Apartments_OneLoudoun_Vyne   ERROR   Unable to connect to or scrape website (S3A)
2023-08-09 09:00:21 PM   Apartments_OneLoudoun_Vyne   INFO   Started running script
2023-08-09 09:00:58 PM   Apartments_OneLoudoun_Vyne   ERROR   Unable to connect to or scrape website (S3A)
2023-08-09 09:31:32 PM   Apartments_OneLoudoun_Vyne   ERROR   Unable to connect to or scrape website (S3A)
2023-08-09 10:16:31 PM   Apartments_OneLoudoun_Vyne   ERROR   Unable to connect to or scrape website (S3A)
2023-08-09 10:50:55 PM   Apartments_OneLoudoun_Vyne   ERROR   Unable to connect to or scrape website (S3A)
2023-08-09 11:21:23 PM   Apartments_OneLoudoun_Vyne   ERROR   Unable to connect to or scrape website (S3A)
2023-08-10 12:24:05 AM   Apartments_OneLoudoun_Vyne   INFO   Started running script
2023-08-10 12:25:06 AM   Apartments_OneLoudoun_Vyne   ERROR   Unable to connect to or scrape website (S3A)
2023-08-10 12:55:52 AM   Apartments_OneLoudoun_Vyne   ERROR   Unable to connect to or scrape website (S3A)
2023-08-10 01:26:32 AM   Apartments_OneLoudoun_Vyne   ERROR   Unable to connect to or scrape website (S3A)
2023-08-10 01:57:02 AM   Apartments_OneLoudoun_Vyne   ERROR   Unable to connect to or scrape website (S3A)
2023-08-10 02:27:41 AM   Apartments_OneLoudoun_Vyne   ERROR   Unable to connect to or scrape website (S3A)
2023-08-10 02:58:14 AM   Apartments_OneLoudoun_Vyne   ERROR   Unable to connect to or scrape website (S3A)
2023-08-10 03:28:45 AM   Apartments_OneLoudoun_Vyne   ERROR   Unable to connect to or scrape website (S3A)
2023-08-10 03:59:08 AM   Apartments_OneLoudoun_Vyne   INFO   Leased B3B unit: E702 ($2680)
2023-08-10 03:59:08 AM   Apartments_OneLoudoun_Vyne   INFO   

Floor Plan Unit  Price Current  Price Previous  Price Change Change Status Date Available Scrape Datetime
       B3B E702            NaN            2680           0.0   Leased Unit            NaN             NaT

2023-08-10 03:59:22 AM   Apartments_OneLoudoun_Vyne   ERROR   Unable to connect to or scrape website (S3A)
2023-08-10 04:30:02 AM   Apartments_OneLoudoun_Vyne   ERROR   Unable to connect to or scrape website (S3A)
2023-08-10 05:00:40 AM   Apartments_OneLoudoun_Vyne   ERROR   Unable to connect to or scrape website (S3A)
2023-08-10 05:31:17 AM   Apartments_OneLoudoun_Vyne   ERROR   Unable to connect to or scrape website (S3A)
2023-08-10 06:02:01 AM   Apartments_OneLoudoun_Vyne   ERROR   Unable to connect to or scrape website (S3A)
2023-08-10 06:32:41 AM   Apartments_OneLoudoun_Vyne   ERROR   Unable to connect to or scrape website (S3A)
2023-08-10 07:03:20 AM   Apartments_OneLoudoun_Vyne   ERROR   Unable to connect to or scrape website (S3A)
2023-08-10 07:33:59 AM   Apartments_OneLoudoun_Vyne   ERROR   Unable to connect to or scrape website (S3A)
2023-08-10 07:56:10 AM   Apartments_OneLoudoun_Vyne   INFO   Started running script
2023-08-10 07:56:48 AM   Apartments_OneLoudoun_Vyne   ERROR   Unable to connect to or scrape website (S3A)
2023-08-10 08:15:12 AM   Apartments_OneLoudoun_Vyne   INFO   Started running script
2023-08-10 08:16:08 AM   Apartments_OneLoudoun_Vyne   ERROR   Unable to connect to or scrape website (S3A)
2023-08-10 08:47:01 AM   Apartments_OneLoudoun_Vyne   ERROR   Unable to connect to or scrape website (S3A)
2023-08-10 09:17:45 AM   Apartments_OneLoudoun_Vyne   ERROR   Unable to connect to or scrape website (S3A)
2023-08-10 09:48:23 AM   Apartments_OneLoudoun_Vyne   ERROR   Unable to connect to or scrape website (S3A)
2023-08-10 10:19:07 AM   Apartments_OneLoudoun_Vyne   ERROR   Unable to connect to or scrape website (S3A)
2023-08-10 10:49:45 AM   Apartments_OneLoudoun_Vyne   ERROR   Unable to connect to or scrape website (S3A)
2023-08-10 11:20:21 AM   Apartments_OneLoudoun_Vyne   ERROR   Unable to connect to or scrape website (S3A)
2023-08-10 11:51:01 AM   Apartments_OneLoudoun_Vyne   ERROR   Unable to connect to or scrape website (S3A)
2023-08-10 12:21:42 PM   Apartments_OneLoudoun_Vyne   ERROR   Unable to connect to or scrape website (S3A)
2023-08-10 12:52:25 PM   Apartments_OneLoudoun_Vyne   ERROR   Unable to connect to or scrape website (S3A)
2023-08-10 01:23:09 PM   Apartments_OneLoudoun_Vyne   ERROR   Unable to connect to or scrape website (S3A)
2023-08-10 01:53:52 PM   Apartments_OneLoudoun_Vyne   ERROR   Unable to connect to or scrape website (S3A)
2023-08-10 02:24:30 PM   Apartments_OneLoudoun_Vyne   ERROR   Unable to connect to or scrape website (S3A)
2023-08-10 02:55:08 PM   Apartments_OneLoudoun_Vyne   ERROR   Unable to connect to or scrape website (S3A)
2023-08-10 03:25:37 PM   Apartments_OneLoudoun_Vyne   INFO   Leased B10B unit: E564 ($2525)
2023-08-10 03:25:37 PM   Apartments_OneLoudoun_Vyne   INFO   

Floor Plan Unit  Price Current  Price Previous  Price Change Change Status Date Available Scrape Datetime
      B10B E564            NaN            2525           0.0   Leased Unit            NaN             NaT

2023-08-10 03:25:46 PM   Apartments_OneLoudoun_Vyne   ERROR   Unable to connect to or scrape website (S3A)
2023-08-10 03:56:13 PM   Apartments_OneLoudoun_Vyne   INFO   New B1B unit: E527 ($2793)
2023-08-10 03:56:13 PM   Apartments_OneLoudoun_Vyne   INFO   

Floor Plan Unit  Price Current  Price Previous  Price Change Change Status Date Available            Scrape Datetime
       B1B E527           2793             NaN           0.0      New Unit     11/28/2023 2023-08-10 15:56:09.999045

2023-08-10 03:56:36 PM   Apartments_OneLoudoun_Vyne   ERROR   Unable to connect to or scrape website (S3A)
2023-08-10 04:27:16 PM   Apartments_OneLoudoun_Vyne   ERROR   Unable to connect to or scrape website (S3A)
2023-08-10 04:57:56 PM   Apartments_OneLoudoun_Vyne   ERROR   Unable to connect to or scrape website (S3A)
2023-08-10 05:28:38 PM   Apartments_OneLoudoun_Vyne   ERROR   Unable to connect to or scrape website (S3A)
2023-08-10 05:59:15 PM   Apartments_OneLoudoun_Vyne   ERROR   Unable to connect to or scrape website (S3A)
2023-08-10 06:29:54 PM   Apartments_OneLoudoun_Vyne   ERROR   Unable to connect to or scrape website (S3A)
2023-08-10 07:00:30 PM   Apartments_OneLoudoun_Vyne   ERROR   Unable to connect to or scrape website (S3A)
2023-08-10 07:31:08 PM   Apartments_OneLoudoun_Vyne   ERROR   Unable to connect to or scrape website (S3A)
2023-08-10 08:01:54 PM   Apartments_OneLoudoun_Vyne   ERROR   Unable to connect to or scrape website (S3A)
2023-08-10 08:32:47 PM   Apartments_OneLoudoun_Vyne   ERROR   Unable to connect to or scrape website (S3A)
2023-08-10 09:03:31 PM   Apartments_OneLoudoun_Vyne   ERROR   Unable to connect to or scrape website (S3A)
2023-08-10 09:34:16 PM   Apartments_OneLoudoun_Vyne   ERROR   Unable to connect to or scrape website (S3A)
2023-08-11 12:38:04 AM   Apartments_OneLoudoun_Vyne   ERROR   Unable to connect to or scrape website (S3A)
2023-08-11 01:08:40 AM   Apartments_OneLoudoun_Vyne   ERROR   Unable to connect to or scrape website (S3A)
2023-08-11 01:39:14 AM   Apartments_OneLoudoun_Vyne   ERROR   Unable to connect to or scrape website (S3A)
2023-08-11 02:09:48 AM   Apartments_OneLoudoun_Vyne   ERROR   Unable to connect to or scrape website (S3A)
2023-08-11 02:40:22 AM   Apartments_OneLoudoun_Vyne   ERROR   Unable to connect to or scrape website (S3A)
2023-08-11 03:10:56 AM   Apartments_OneLoudoun_Vyne   ERROR   Unable to connect to or scrape website (S3A)
2023-08-11 03:41:16 AM   Apartments_OneLoudoun_Vyne   INFO   New B2B unit: W417 ($2783)
2023-08-11 03:41:16 AM   Apartments_OneLoudoun_Vyne   INFO   

Floor Plan Unit  Price Current  Price Previous  Price Change Change Status Date Available            Scrape Datetime
       B2B W417           2783             NaN           0.0      New Unit     10/23/2023 2023-08-11 03:41:13.239980

2023-08-11 03:41:22 AM   Apartments_OneLoudoun_Vyne   INFO   New B3B unit: E702 ($2680)
2023-08-11 03:41:22 AM   Apartments_OneLoudoun_Vyne   INFO   

Floor Plan Unit  Price Current  Price Previous  Price Change Change Status Date Available            Scrape Datetime
       B3B E702           2680             NaN           0.0      New Unit      9/13/2023 2023-08-11 03:41:19.181723

2023-08-11 03:41:35 AM   Apartments_OneLoudoun_Vyne   ERROR   Unable to connect to or scrape website (S3A)
2023-08-11 04:12:08 AM   Apartments_OneLoudoun_Vyne   ERROR   Unable to connect to or scrape website (S3A)
2023-08-11 04:42:41 AM   Apartments_OneLoudoun_Vyne   ERROR   Unable to connect to or scrape website (S3A)
2023-08-11 05:13:14 AM   Apartments_OneLoudoun_Vyne   ERROR   Unable to connect to or scrape website (S3A)
2023-08-11 05:43:49 AM   Apartments_OneLoudoun_Vyne   ERROR   Unable to connect to or scrape website (S3A)
2023-08-11 06:14:35 AM   Apartments_OneLoudoun_Vyne   ERROR   Unable to connect to or scrape website (S3A)
2023-08-11 06:45:13 AM   Apartments_OneLoudoun_Vyne   ERROR   Unable to connect to or scrape website (S3A)
2023-08-11 07:15:48 AM   Apartments_OneLoudoun_Vyne   ERROR   Unable to connect to or scrape website (S3A)
2023-08-11 07:46:34 AM   Apartments_OneLoudoun_Vyne   ERROR   Unable to connect to or scrape website (S3A)
2023-08-11 08:08:43 AM   Apartments_OneLoudoun_Vyne   INFO   Started running script
2023-08-11 08:09:14 AM   Apartments_OneLoudoun_Vyne   INFO   New B2B unit: W417 ($2783)
2023-08-11 08:09:14 AM   Apartments_OneLoudoun_Vyne   INFO   

Floor Plan Unit  Price Current  Price Previous  Price Change Change Status Date Available            Scrape Datetime
       B2B W417           2783             NaN           0.0      New Unit     10/23/2023 2023-08-11 08:09:10.379362

2023-08-11 08:37:28 AM   Apartments_OneLoudoun_Vyne   ERROR   Unable to connect to or scrape website (S3A)
2023-08-11 09:08:09 AM   Apartments_OneLoudoun_Vyne   ERROR   Unable to connect to or scrape website (S3A)
2023-08-11 09:38:48 AM   Apartments_OneLoudoun_Vyne   ERROR   Unable to connect to or scrape website (S3A)
2023-08-11 10:09:24 AM   Apartments_OneLoudoun_Vyne   ERROR   Unable to connect to or scrape website (S3A)
2023-08-11 10:40:05 AM   Apartments_OneLoudoun_Vyne   ERROR   Unable to connect to or scrape website (S3A)
2023-08-11 11:10:53 AM   Apartments_OneLoudoun_Vyne   ERROR   Unable to connect to or scrape website (S3A)
2023-08-11 11:41:35 AM   Apartments_OneLoudoun_Vyne   ERROR   Unable to connect to or scrape website (S3A)
2023-08-11 12:12:12 PM   Apartments_OneLoudoun_Vyne   ERROR   Unable to connect to or scrape website (S3A)
2023-08-11 12:42:45 PM   Apartments_OneLoudoun_Vyne   ERROR   Unable to connect to or scrape website (S3A)
2023-08-11 01:13:23 PM   Apartments_OneLoudoun_Vyne   ERROR   Unable to connect to or scrape website (S3A)
2023-08-11 01:44:01 PM   Apartments_OneLoudoun_Vyne   ERROR   Unable to connect to or scrape website (S3A)
2023-08-11 02:14:39 PM   Apartments_OneLoudoun_Vyne   ERROR   Unable to connect to or scrape website (S3A)
2023-08-11 02:45:16 PM   Apartments_OneLoudoun_Vyne   ERROR   Unable to connect to or scrape website (S3A)
2023-08-11 03:15:52 PM   Apartments_OneLoudoun_Vyne   ERROR   Unable to connect to or scrape website (S3A)
2023-08-11 03:46:00 PM   Apartments_OneLoudoun_Vyne   INFO   A1A price change: E407 +16 ($2206)
2023-08-11 03:46:00 PM   Apartments_OneLoudoun_Vyne   INFO   A1A price change: E730 +23 ($2401)
2023-08-11 03:46:00 PM   Apartments_OneLoudoun_Vyne   INFO   

Floor Plan Unit  Price Current  Price Previous  Price Change   Change Status Date Available            Scrape Datetime
       A1A E407           2206            2190            16 Still Available      9/28/2023 2023-08-11 15:45:52.854054
       A1A E730           2401            2378            23 Still Available     10/10/2023 2023-08-11 15:45:52.854054

2023-08-11 03:46:07 PM   Apartments_OneLoudoun_Vyne   INFO   New A2A unit: W507 ($2318)
2023-08-11 03:46:07 PM   Apartments_OneLoudoun_Vyne   INFO   

Floor Plan Unit  Price Current  Price Previous  Price Change Change Status Date Available            Scrape Datetime
       A2A W507           2318             NaN           0.0      New Unit     10/15/2023 2023-08-11 15:46:02.603915

2023-08-11 03:46:07 PM   Apartments_OneLoudoun_Vyne   INFO   A2A price change: W116 +23.0 ($2331)
2023-08-11 03:46:07 PM   Apartments_OneLoudoun_Vyne   INFO   

Floor Plan Unit  Price Current  Price Previous  Price Change   Change Status Date Available            Scrape Datetime
       A2A W116           2331          2308.0          23.0 Still Available     10/12/2023 2023-08-11 15:46:02.603915

2023-08-11 03:46:13 PM   Apartments_OneLoudoun_Vyne   INFO   A6D price change: W111 +41 ($2569)
2023-08-11 03:46:13 PM   Apartments_OneLoudoun_Vyne   INFO   

Floor Plan Unit  Price Current  Price Previous  Price Change   Change Status Date Available            Scrape Datetime
       A6D W111           2569            2528            41 Still Available      8/18/2023 2023-08-11 15:46:08.973215

2023-08-11 03:46:19 PM   Apartments_OneLoudoun_Vyne   INFO   B1B price change: E527 -175 ($2618)
2023-08-11 03:46:19 PM   Apartments_OneLoudoun_Vyne   INFO   B1B price change: E534 +33 ($2591)
2023-08-11 03:46:19 PM   Apartments_OneLoudoun_Vyne   INFO   B1B price change: E634 +33 ($2788)
2023-08-11 03:46:19 PM   Apartments_OneLoudoun_Vyne   INFO   

Floor Plan Unit  Price Current  Price Previous  Price Change   Change Status Date Available            Scrape Datetime
       B1B E527           2618            2793          -175 Still Available     11/28/2023 2023-08-11 15:46:15.403477
       B1B E534           2591            2558            33 Still Available            Now 2023-08-11 15:46:15.403477
       B1B E634           2788            2755            33 Still Available            Now 2023-08-11 15:46:15.403477

2023-08-11 03:46:25 PM   Apartments_OneLoudoun_Vyne   INFO   B2B price change: W218 +33 ($2588)
2023-08-11 03:46:25 PM   Apartments_OneLoudoun_Vyne   INFO   B2B price change: W317 +23 ($2708)
2023-08-11 03:46:25 PM   Apartments_OneLoudoun_Vyne   INFO   B2B price change: W417 -40 ($2743)
2023-08-11 03:46:25 PM   Apartments_OneLoudoun_Vyne   INFO   B2B price change: W515 +23 ($2753)
2023-08-11 03:46:25 PM   Apartments_OneLoudoun_Vyne   INFO   

Floor Plan Unit  Price Current  Price Previous  Price Change   Change Status Date Available            Scrape Datetime
       B2B W218           2588            2555            33 Still Available       9/1/2023 2023-08-11 15:46:21.446241
       B2B W317           2708            2685            23 Still Available      10/7/2023 2023-08-11 15:46:21.446241
       B2B W417           2743            2783           -40 Still Available     10/23/2023 2023-08-11 15:46:21.446241
       B2B W515           2753            2730            23 Still Available     10/17/2023 2023-08-11 15:46:21.446241

2023-08-11 03:46:31 PM   Apartments_OneLoudoun_Vyne   INFO   B3B price change: E406 +23 ($2758)
2023-08-11 03:46:31 PM   Apartments_OneLoudoun_Vyne   INFO   B3B price change: E502 +23 ($2768)
2023-08-11 03:46:31 PM   Apartments_OneLoudoun_Vyne   INFO   B3B price change: E702 +46 ($2726)
2023-08-11 03:46:31 PM   Apartments_OneLoudoun_Vyne   INFO   

Floor Plan Unit  Price Current  Price Previous  Price Change   Change Status Date Available            Scrape Datetime
       B3B E406           2758            2735            23 Still Available      11/4/2023 2023-08-11 15:46:28.105344
       B3B E502           2768            2745            23 Still Available      11/7/2023 2023-08-11 15:46:28.105344
       B3B E702           2726            2680            46 Still Available      9/13/2023 2023-08-11 15:46:28.105344

2023-08-11 03:46:37 PM   Apartments_OneLoudoun_Vyne   INFO   B10B price change: E364 +33 ($2558)
2023-08-11 03:46:37 PM   Apartments_OneLoudoun_Vyne   INFO   

Floor Plan Unit  Price Current  Price Previous  Price Change   Change Status Date Available            Scrape Datetime
      B10B E364           2558            2525            33 Still Available       9/7/2023 2023-08-11 15:46:33.945856

2023-08-11 03:46:42 PM   Apartments_OneLoudoun_Vyne   INFO   B12B price change: E361 +23 ($2623)
2023-08-11 03:46:42 PM   Apartments_OneLoudoun_Vyne   INFO   

Floor Plan Unit  Price Current  Price Previous  Price Change   Change Status Date Available            Scrape Datetime
      B12B E361           2623            2600            23 Still Available     10/18/2023 2023-08-11 15:46:39.262067

2023-08-11 03:46:48 PM   Apartments_OneLoudoun_Vyne   ERROR   Unable to connect to or scrape website (S3A)
2023-08-11 04:17:26 PM   Apartments_OneLoudoun_Vyne   ERROR   Unable to connect to or scrape website (S3A)
2023-08-11 04:48:05 PM   Apartments_OneLoudoun_Vyne   ERROR   Unable to connect to or scrape website (S3A)
2023-08-11 05:18:45 PM   Apartments_OneLoudoun_Vyne   ERROR   Unable to connect to or scrape website (S3A)
2023-08-11 05:49:29 PM   Apartments_OneLoudoun_Vyne   ERROR   Unable to connect to or scrape website (S3A)
2023-08-11 06:08:20 PM   Apartments_OneLoudoun_Vyne   INFO   Started running script
2023-08-11 07:41:15 PM   Apartments_OneLoudoun_Vyne   INFO   Started running script
2023-08-11 07:41:46 PM   Apartments_OneLoudoun_Vyne   INFO   Leased B3B unit: E702 ($2726)
2023-08-11 07:41:46 PM   Apartments_OneLoudoun_Vyne   INFO   

Floor Plan Unit  Price Current  Price Previous  Price Change Change Status Date Available Scrape Datetime
       B3B E702            NaN            2726             0   Leased Unit            NaN             NaT

2023-08-12 03:32:48 PM   Apartments_OneLoudoun_Vyne   INFO   Started running script
2023-08-12 03:32:57 PM   Apartments_OneLoudoun_Vyne   INFO   A1A price change: E407 -14 ($2192)
2023-08-12 03:32:57 PM   Apartments_OneLoudoun_Vyne   INFO   A1A price change: E730 -14 ($2387)
2023-08-12 03:32:57 PM   Apartments_OneLoudoun_Vyne   INFO   

Floor Plan Unit  Price Current  Price Previous  Price Change   Change Status Date Available            Scrape Datetime
       A1A E407           2192            2206           -14 Still Available      9/28/2023 2023-08-12 15:32:48.244064
       A1A E730           2387            2401           -14 Still Available     10/10/2023 2023-08-12 15:32:48.244064

2023-08-12 03:32:58 PM   Apartments_OneLoudoun_Vyne   ERROR   Unable to connect to or scrape website (A1A)
2023-08-12 03:33:03 PM   Apartments_OneLoudoun_Vyne   INFO   A2A price change: W116 -14 ($2317)
2023-08-12 03:33:03 PM   Apartments_OneLoudoun_Vyne   INFO   A2A price change: W507 -16 ($2302)
2023-08-12 03:33:03 PM   Apartments_OneLoudoun_Vyne   INFO   

Floor Plan Unit  Price Current  Price Previous  Price Change   Change Status Date Available            Scrape Datetime
       A2A W116           2317            2331           -14 Still Available     10/12/2023 2023-08-12 15:32:58.809123
       A2A W507           2302            2318           -16 Still Available     10/15/2023 2023-08-12 15:32:58.809123

2023-08-12 03:33:03 PM   Apartments_OneLoudoun_Vyne   ERROR   Unable to connect to or scrape website (A2A)
2023-08-12 03:33:07 PM   Apartments_OneLoudoun_Vyne   INFO   A6D price change: W111 -22 ($2547)
2023-08-12 03:33:07 PM   Apartments_OneLoudoun_Vyne   INFO   

Floor Plan Unit  Price Current  Price Previous  Price Change   Change Status Date Available            Scrape Datetime
       A6D W111           2547            2569           -22 Still Available      8/18/2023 2023-08-12 15:33:03.955364

2023-08-12 03:33:07 PM   Apartments_OneLoudoun_Vyne   ERROR   Unable to connect to or scrape website (A6D)
2023-08-12 03:33:12 PM   Apartments_OneLoudoun_Vyne   INFO   B1B price change: E527 +31 ($2649)
2023-08-12 03:33:12 PM   Apartments_OneLoudoun_Vyne   INFO   B1B price change: E534 +30 ($2621)
2023-08-12 03:33:12 PM   Apartments_OneLoudoun_Vyne   INFO   B1B price change: E634 +31 ($2819)
2023-08-12 03:33:12 PM   Apartments_OneLoudoun_Vyne   INFO   

Floor Plan Unit  Price Current  Price Previous  Price Change   Change Status Date Available            Scrape Datetime
       B1B E527           2649            2618            31 Still Available     11/28/2023 2023-08-12 15:33:07.929788
       B1B E534           2621            2591            30 Still Available            Now 2023-08-12 15:33:07.929788
       B1B E634           2819            2788            31 Still Available            Now 2023-08-12 15:33:07.929788

2023-08-12 03:33:13 PM   Apartments_OneLoudoun_Vyne   ERROR   Unable to connect to or scrape website (B1B)
2023-08-12 03:33:18 PM   Apartments_OneLoudoun_Vyne   INFO   B2B price change: W218 +31 ($2619)
2023-08-12 03:33:18 PM   Apartments_OneLoudoun_Vyne   INFO   B2B price change: W317 +31 ($2739)
2023-08-12 03:33:18 PM   Apartments_OneLoudoun_Vyne   INFO   B2B price change: W417 +31 ($2774)
2023-08-12 03:33:18 PM   Apartments_OneLoudoun_Vyne   INFO   B2B price change: W515 +31 ($2784)
2023-08-12 03:33:18 PM   Apartments_OneLoudoun_Vyne   INFO   

Floor Plan Unit  Price Current  Price Previous  Price Change   Change Status Date Available            Scrape Datetime
       B2B W218           2619            2588            31 Still Available       9/1/2023 2023-08-12 15:33:13.556096
       B2B W317           2739            2708            31 Still Available      10/7/2023 2023-08-12 15:33:13.556096
       B2B W417           2774            2743            31 Still Available     10/23/2023 2023-08-12 15:33:13.556096
       B2B W515           2784            2753            31 Still Available     10/17/2023 2023-08-12 15:33:13.556096

2023-08-12 03:33:18 PM   Apartments_OneLoudoun_Vyne   ERROR   Unable to connect to or scrape website (B2B)
2023-08-12 03:33:21 PM   Apartments_OneLoudoun_Vyne   INFO   B3B price change: E406 +31 ($2789)
2023-08-12 03:33:21 PM   Apartments_OneLoudoun_Vyne   INFO   B3B price change: E502 +31 ($2799)
2023-08-12 03:33:21 PM   Apartments_OneLoudoun_Vyne   INFO   

Floor Plan Unit  Price Current  Price Previous  Price Change   Change Status Date Available            Scrape Datetime
       B3B E406           2789            2758            31 Still Available      11/4/2023 2023-08-12 15:33:18.778657
       B3B E502           2799            2768            31 Still Available      11/7/2023 2023-08-12 15:33:18.778657

2023-08-12 03:33:22 PM   Apartments_OneLoudoun_Vyne   ERROR   Unable to connect to or scrape website (B3B)
2023-08-12 03:33:26 PM   Apartments_OneLoudoun_Vyne   INFO   B10B price change: E364 +31 ($2589)
2023-08-12 03:33:26 PM   Apartments_OneLoudoun_Vyne   INFO   

Floor Plan Unit  Price Current  Price Previous  Price Change   Change Status Date Available            Scrape Datetime
      B10B E364           2589            2558            31 Still Available       9/7/2023 2023-08-12 15:33:22.780580

2023-08-12 03:33:26 PM   Apartments_OneLoudoun_Vyne   ERROR   Unable to connect to or scrape website (B10B)
2023-08-12 03:33:30 PM   Apartments_OneLoudoun_Vyne   INFO   B12B price change: E361 +54 ($2654)
2023-08-12 03:33:30 PM   Apartments_OneLoudoun_Vyne   INFO   

Floor Plan Unit  Price Current  Price Previous  Price Change   Change Status Date Available            Scrape Datetime
      B12B E361           2654            2600            54 Still Available     10/18/2023 2023-08-12 15:33:26.668417

2023-08-13 09:40:15 PM   Apartments_OneLoudoun_Vyne   INFO   Started running script
2023-08-14 12:43:25 PM   Apartments_OneLoudoun_Vyne   INFO   Leased B1B unit: E634 ($2819)
2023-08-14 12:43:25 PM   Apartments_OneLoudoun_Vyne   INFO   

Floor Plan Unit  Price Current  Price Previous  Price Change Change Status Date Available Scrape Datetime
       B1B E634            NaN            2819             0   Leased Unit            NaN             NaT

2023-08-14 03:34:49 PM   Apartments_OneLoudoun_Vyne   INFO   A1A price change: E407 -8 ($2184)
2023-08-14 03:34:49 PM   Apartments_OneLoudoun_Vyne   INFO   A1A price change: E730 -8 ($2379)
2023-08-14 03:34:49 PM   Apartments_OneLoudoun_Vyne   INFO   

Floor Plan Unit  Price Current  Price Previous  Price Change   Change Status Date Available            Scrape Datetime
       A1A E407           2184            2192            -8 Still Available      9/28/2023 2023-08-14 15:34:41.425615
       A1A E730           2379            2387            -8 Still Available     10/10/2023 2023-08-14 15:34:41.425615

2023-08-14 03:34:57 PM   Apartments_OneLoudoun_Vyne   INFO   A2A price change: W116 -8 ($2309)
2023-08-14 03:34:57 PM   Apartments_OneLoudoun_Vyne   INFO   A2A price change: W507 -8 ($2294)
2023-08-14 03:34:57 PM   Apartments_OneLoudoun_Vyne   INFO   

Floor Plan Unit  Price Current  Price Previous  Price Change   Change Status Date Available            Scrape Datetime
       A2A W116           2309            2317            -8 Still Available     10/12/2023 2023-08-14 15:34:52.701432
       A2A W507           2294            2302            -8 Still Available     10/15/2023 2023-08-14 15:34:52.701432

2023-08-14 03:35:05 PM   Apartments_OneLoudoun_Vyne   INFO   A6D price change: W111 -8 ($2539)
2023-08-14 03:35:05 PM   Apartments_OneLoudoun_Vyne   INFO   

Floor Plan Unit  Price Current  Price Previous  Price Change   Change Status Date Available            Scrape Datetime
       A6D W111           2539            2547            -8 Still Available      8/18/2023 2023-08-14 15:35:01.197169

2023-08-14 03:35:10 PM   Apartments_OneLoudoun_Vyne   INFO   B1B price change: E527 +62 ($2711)
2023-08-14 03:35:10 PM   Apartments_OneLoudoun_Vyne   INFO   B1B price change: E534 +59 ($2680)
2023-08-14 03:35:10 PM   Apartments_OneLoudoun_Vyne   INFO   

Floor Plan Unit  Price Current  Price Previous  Price Change   Change Status Date Available            Scrape Datetime
       B1B E527           2711            2649            62 Still Available     11/28/2023 2023-08-14 15:35:06.623531
       B1B E534           2680            2621            59 Still Available            Now 2023-08-14 15:35:06.623531

2023-08-14 03:35:16 PM   Apartments_OneLoudoun_Vyne   INFO   B2B price change: W218 +62 ($2681)
2023-08-14 03:35:16 PM   Apartments_OneLoudoun_Vyne   INFO   B2B price change: W317 +62 ($2801)
2023-08-14 03:35:16 PM   Apartments_OneLoudoun_Vyne   INFO   B2B price change: W417 +62 ($2836)
2023-08-14 03:35:16 PM   Apartments_OneLoudoun_Vyne   INFO   B2B price change: W515 +62 ($2846)
2023-08-14 03:35:16 PM   Apartments_OneLoudoun_Vyne   INFO   

Floor Plan Unit  Price Current  Price Previous  Price Change   Change Status Date Available            Scrape Datetime
       B2B W218           2681            2619            62 Still Available       9/1/2023 2023-08-14 15:35:12.256418
       B2B W317           2801            2739            62 Still Available      10/7/2023 2023-08-14 15:35:12.256418
       B2B W417           2836            2774            62 Still Available     10/23/2023 2023-08-14 15:35:12.256418
       B2B W515           2846            2784            62 Still Available     10/17/2023 2023-08-14 15:35:12.256418

2023-08-14 03:35:22 PM   Apartments_OneLoudoun_Vyne   INFO   B3B price change: E406 +62 ($2851)
2023-08-14 03:35:22 PM   Apartments_OneLoudoun_Vyne   INFO   B3B price change: E502 +62 ($2861)
2023-08-14 03:35:22 PM   Apartments_OneLoudoun_Vyne   INFO   

Floor Plan Unit  Price Current  Price Previous  Price Change   Change Status Date Available            Scrape Datetime
       B3B E406           2851            2789            62 Still Available      11/4/2023 2023-08-14 15:35:18.298328
       B3B E502           2861            2799            62 Still Available      11/7/2023 2023-08-14 15:35:18.298328

2023-08-14 03:35:27 PM   Apartments_OneLoudoun_Vyne   INFO   B10B price change: E364 +62 ($2651)
2023-08-14 03:35:27 PM   Apartments_OneLoudoun_Vyne   INFO   

Floor Plan Unit  Price Current  Price Previous  Price Change   Change Status Date Available            Scrape Datetime
      B10B E364           2651            2589            62 Still Available       9/7/2023 2023-08-14 15:35:24.339217

2023-08-14 03:35:33 PM   Apartments_OneLoudoun_Vyne   INFO   B12B price change: E361 +62 ($2716)
2023-08-14 03:35:33 PM   Apartments_OneLoudoun_Vyne   INFO   

Floor Plan Unit  Price Current  Price Previous  Price Change   Change Status Date Available            Scrape Datetime
      B12B E361           2716            2654            62 Still Available     10/18/2023 2023-08-14 15:35:29.667185

2023-08-15 03:41:14 PM   Apartments_OneLoudoun_Vyne   INFO   New B1B unit: E529 ($2793)
2023-08-15 03:41:14 PM   Apartments_OneLoudoun_Vyne   INFO   

Floor Plan Unit  Price Current  Price Previous  Price Change Change Status Date Available            Scrape Datetime
       B1B E529           2793             NaN             0      New Unit      11/7/2023 2023-08-15 15:41:10.193288

2023-08-15 03:41:32 PM   Apartments_OneLoudoun_Vyne   INFO   New B12B unit: E126 ($2761.0)
2023-08-15 03:41:32 PM   Apartments_OneLoudoun_Vyne   INFO   

Floor Plan Unit  Price Current  Price Previous  Price Change Change Status Date Available            Scrape Datetime
      B12B E126         2761.0             NaN             0      New Unit     10/24/2023 2023-08-15 15:41:28.751053

2023-08-15 03:41:32 PM   Apartments_OneLoudoun_Vyne   INFO   Leased B12B unit: E361 ($2716.0)
2023-08-15 03:41:32 PM   Apartments_OneLoudoun_Vyne   INFO   

Floor Plan Unit  Price Current  Price Previous  Price Change Change Status Date Available Scrape Datetime
      B12B E361            NaN          2716.0             0   Leased Unit            NaN             NaT

2023-08-16 03:47:08 AM   Apartments_OneLoudoun_Vyne   INFO   New B12B unit: E361 ($2716.0)
2023-08-16 03:47:08 AM   Apartments_OneLoudoun_Vyne   INFO   

Floor Plan Unit  Price Current  Price Previous  Price Change Change Status Date Available            Scrape Datetime
      B12B E361         2716.0             NaN             0      New Unit     10/18/2023 2023-08-16 03:47:04.833453

2023-08-16 03:47:08 AM   Apartments_OneLoudoun_Vyne   INFO   Leased B12B unit: E126 ($2761.0)
2023-08-16 03:47:08 AM   Apartments_OneLoudoun_Vyne   INFO   

Floor Plan Unit  Price Current  Price Previous  Price Change Change Status Date Available Scrape Datetime
      B12B E126            NaN          2761.0             0   Leased Unit            NaN             NaT

2023-08-16 03:43:23 PM   Apartments_OneLoudoun_Vyne   INFO   B1B price change: E529 -82 ($2711)
2023-08-16 03:43:23 PM   Apartments_OneLoudoun_Vyne   INFO   

Floor Plan Unit  Price Current  Price Previous  Price Change   Change Status Date Available            Scrape Datetime
       B1B E529           2711            2793           -82 Still Available      11/7/2023 2023-08-16 15:43:20.276093

2023-08-16 06:03:52 PM   Apartments_OneLoudoun_Vyne   INFO   New B12B unit: E126 ($2761.0)
2023-08-16 06:03:52 PM   Apartments_OneLoudoun_Vyne   INFO   

Floor Plan Unit  Price Current  Price Previous  Price Change Change Status Date Available            Scrape Datetime
      B12B E126         2761.0             NaN             0      New Unit     10/24/2023 2023-08-16 18:03:49.471888

2023-08-16 06:03:52 PM   Apartments_OneLoudoun_Vyne   INFO   Leased B12B unit: E361 ($2716.0)
2023-08-16 06:03:52 PM   Apartments_OneLoudoun_Vyne   INFO   

Floor Plan Unit  Price Current  Price Previous  Price Change Change Status Date Available Scrape Datetime
      B12B E361            NaN          2716.0             0   Leased Unit            NaN             NaT

2023-08-16 09:58:58 PM   Apartments_OneLoudoun_Vyne   INFO   Started running script


2023-08-17 03:40:30 AM   Apartments_OneLoudoun_Vyne   INFO   New B2B unit: W119 ($2798.0)
2023-08-17 03:40:30 AM   Apartments_OneLoudoun_Vyne   INFO   

Floor Plan Unit  Price Current  Price Previous  Price Change Change Status Date Available            Scrape Datetime
       B2B W119         2798.0             NaN             0      New Unit     12/31/2023 2023-08-17 03:40:26.561276

2023-08-17 03:40:30 AM   Apartments_OneLoudoun_Vyne   INFO   Leased B2B unit: W317 ($2801.0)
2023-08-17 03:40:30 AM   Apartments_OneLoudoun_Vyne   INFO   

Floor Plan Unit  Price Current  Price Previous  Price Change Change Status Date Available Scrape Datetime
       B2B W317            NaN          2801.0             0   Leased Unit            NaN             NaT

2023-08-17 03:35:12 PM   Apartments_OneLoudoun_Vyne   INFO   A6D price change: W111 +13 ($2552)
2023-08-17 03:35:12 PM   Apartments_OneLoudoun_Vyne   INFO   

Floor Plan Unit  Price Current  Price Previous  Price Change   Change Status Date Available            Scrape Datetime
       A6D W111           2552            2539            13 Still Available      8/18/2023 2023-08-17 15:35:07.988223

2023-08-17 03:35:22 PM   Apartments_OneLoudoun_Vyne   INFO   New B2B unit: W317 ($2801)
2023-08-17 03:35:22 PM   Apartments_OneLoudoun_Vyne   INFO   

Floor Plan Unit  Price Current  Price Previous  Price Change Change Status Date Available            Scrape Datetime
       B2B W317           2801             NaN             0      New Unit       9/5/2023 2023-08-17 15:35:17.983279

2023-08-17 03:35:22 PM   Apartments_OneLoudoun_Vyne   INFO   B2B price change: W119 +53 ($2851)
2023-08-17 03:35:22 PM   Apartments_OneLoudoun_Vyne   INFO   

Floor Plan Unit  Price Current  Price Previous  Price Change   Change Status Date Available            Scrape Datetime
       B2B W119           2851          2798.0            53 Still Available     12/31/2023 2023-08-17 15:35:17.983279

2023-08-17 04:22:09 PM   Apartments_OneLoudoun_Vyne   INFO   Leased B1B unit: E529 ($2711)
2023-08-17 04:22:09 PM   Apartments_OneLoudoun_Vyne   INFO   

Floor Plan Unit  Price Current  Price Previous  Price Change Change Status Date Available Scrape Datetime
       B1B E529            NaN            2711             0   Leased Unit            NaN             NaT

2023-08-17 11:56:25 PM   Apartments_OneLoudoun_Vyne   ERROR   Unable to connect to or scrape website (S3A)
2023-08-18 01:30:08 AM   Apartments_OneLoudoun_Vyne   ERROR   Unable to connect to or scrape website (A1A)
2023-08-18 01:30:11 AM   Apartments_OneLoudoun_Vyne   ERROR   Unable to connect to or scrape website (A2A)
2023-08-18 01:30:13 AM   Apartments_OneLoudoun_Vyne   ERROR   Unable to connect to or scrape website (A6D)
2023-08-18 03:50:04 AM   Apartments_OneLoudoun_Vyne   INFO   New B1B unit: E529 ($2711.0)
2023-08-18 03:50:04 AM   Apartments_OneLoudoun_Vyne   INFO   

Floor Plan Unit  Price Current  Price Previous  Price Change Change Status Date Available            Scrape Datetime
       B1B E529         2711.0             NaN             0      New Unit      11/7/2023 2023-08-18 03:50:01.076232

2023-08-18 03:50:04 AM   Apartments_OneLoudoun_Vyne   INFO   Leased B1B unit: E534 ($2680.0)
2023-08-18 03:50:04 AM   Apartments_OneLoudoun_Vyne   INFO   

Floor Plan Unit  Price Current  Price Previous  Price Change Change Status Date Available Scrape Datetime
       B1B E534            NaN          2680.0             0   Leased Unit            NaN             NaT

2023-08-18 06:41:19 AM   Apartments_OneLoudoun_Vyne   ERROR   Unable to connect to or scrape website (B12B)
2023-08-18 06:41:20 AM   Apartments_OneLoudoun_Vyne   ERROR   Unable to connect to or scrape website (S3A)
2023-08-18 06:56:29 AM   Apartments_OneLoudoun_Vyne   ERROR   Unable to connect to or scrape website (A6D)
2023-08-18 06:56:31 AM   Apartments_OneLoudoun_Vyne   ERROR   Unable to connect to or scrape website (B1B)
2023-08-18 06:57:41 AM   Apartments_OneLoudoun_Vyne   ERROR   Unable to connect to or scrape website (B12B)
2023-08-18 07:13:53 AM   Apartments_OneLoudoun_Vyne   ERROR   Unable to connect to or scrape website (A2A)
2023-08-18 07:14:54 AM   Apartments_OneLoudoun_Vyne   ERROR   Unable to connect to or scrape website (A6D)
2023-08-18 07:14:56 AM   Apartments_OneLoudoun_Vyne   ERROR   Unable to connect to or scrape website (B1B)
2023-08-18 07:14:56 AM   Apartments_OneLoudoun_Vyne   ERROR   Unable to connect to or scrape website (B2B)
2023-08-18 07:14:57 AM   Apartments_OneLoudoun_Vyne   ERROR   Unable to connect to or scrape website (B3B)
2023-08-18 07:14:57 AM   Apartments_OneLoudoun_Vyne   ERROR   Unable to connect to or scrape website (B10B)
2023-08-18 07:14:58 AM   Apartments_OneLoudoun_Vyne   ERROR   Unable to connect to or scrape website (B12B)
2023-08-18 07:14:59 AM   Apartments_OneLoudoun_Vyne   ERROR   Unable to connect to or scrape website (S3A)
2023-08-18 07:29:59 AM   Apartments_OneLoudoun_Vyne   ERROR   Unable to connect to or scrape website (A1A)
2023-08-18 07:30:00 AM   Apartments_OneLoudoun_Vyne   ERROR   Unable to connect to or scrape website (A2A)
2023-08-18 07:30:01 AM   Apartments_OneLoudoun_Vyne   ERROR   Unable to connect to or scrape website (A6D)
2023-08-18 07:30:01 AM   Apartments_OneLoudoun_Vyne   ERROR   Unable to connect to or scrape website (B1B)
2023-08-18 07:30:02 AM   Apartments_OneLoudoun_Vyne   ERROR   Unable to connect to or scrape website (B2B)
2023-08-18 07:30:02 AM   Apartments_OneLoudoun_Vyne   ERROR   Unable to connect to or scrape website (B3B)
2023-08-18 07:30:03 AM   Apartments_OneLoudoun_Vyne   ERROR   Unable to connect to or scrape website (B10B)
2023-08-18 07:30:04 AM   Apartments_OneLoudoun_Vyne   ERROR   Unable to connect to or scrape website (B12B)
2023-08-18 07:30:04 AM   Apartments_OneLoudoun_Vyne   ERROR   Unable to connect to or scrape website (S3A)
2023-08-18 08:36:44 AM   Apartments_OneLoudoun_Vyne   INFO   Started running script
2023-08-18 11:43:59 AM   Apartments_OneLoudoun_Vyne   INFO   Leased B1B unit: E529 ($2711)
2023-08-18 11:43:59 AM   Apartments_OneLoudoun_Vyne   INFO   

Floor Plan Unit  Price Current  Price Previous  Price Change Change Status Date Available Scrape Datetime
       B1B E529            NaN            2711             0   Leased Unit            NaN             NaT

2023-08-18 03:36:47 PM   Apartments_OneLoudoun_Vyne   INFO   A1A price change: E407 +1 ($2185)
2023-08-18 03:36:47 PM   Apartments_OneLoudoun_Vyne   INFO   A1A price change: E730 +1 ($2380)
2023-08-18 03:36:47 PM   Apartments_OneLoudoun_Vyne   INFO   

Floor Plan Unit  Price Current  Price Previous  Price Change   Change Status Date Available            Scrape Datetime
       A1A E407           2185            2184             1 Still Available      9/28/2023 2023-08-18 15:36:40.767373
       A1A E730           2380            2379             1 Still Available     10/10/2023 2023-08-18 15:36:40.767373

2023-08-18 03:36:53 PM   Apartments_OneLoudoun_Vyne   INFO   A2A price change: W116 +1 ($2310)
2023-08-18 03:36:53 PM   Apartments_OneLoudoun_Vyne   INFO   A2A price change: W507 +1 ($2295)
2023-08-18 03:36:53 PM   Apartments_OneLoudoun_Vyne   INFO   

Floor Plan Unit  Price Current  Price Previous  Price Change   Change Status Date Available            Scrape Datetime
       A2A W116           2310            2309             1 Still Available     10/12/2023 2023-08-18 15:36:49.498240
       A2A W507           2295            2294             1 Still Available     10/15/2023 2023-08-18 15:36:49.498240

2023-08-18 03:36:59 PM   Apartments_OneLoudoun_Vyne   INFO   A6D price change: W111 +1 ($2553)
2023-08-18 03:36:59 PM   Apartments_OneLoudoun_Vyne   INFO   

Floor Plan Unit  Price Current  Price Previous  Price Change   Change Status Date Available            Scrape Datetime
       A6D W111           2553            2552             1 Still Available            Now 2023-08-18 15:36:55.746032

2023-08-18 03:37:05 PM   Apartments_OneLoudoun_Vyne   INFO   B1B price change: E527 -11 ($2700)
2023-08-18 03:37:05 PM   Apartments_OneLoudoun_Vyne   INFO   

Floor Plan Unit  Price Current  Price Previous  Price Change   Change Status Date Available            Scrape Datetime
       B1B E527           2700            2711           -11 Still Available     11/28/2023 2023-08-18 15:37:00.992529

2023-08-18 03:37:10 PM   Apartments_OneLoudoun_Vyne   INFO   B2B price change: W119 -11 ($2840)
2023-08-18 03:37:10 PM   Apartments_OneLoudoun_Vyne   INFO   B2B price change: W218 -11 ($2670)
2023-08-18 03:37:10 PM   Apartments_OneLoudoun_Vyne   INFO   B2B price change: W317 +12 ($2813)
2023-08-18 03:37:10 PM   Apartments_OneLoudoun_Vyne   INFO   B2B price change: W417 -11 ($2825)
2023-08-18 03:37:10 PM   Apartments_OneLoudoun_Vyne   INFO   B2B price change: W515 -11 ($2835)
2023-08-18 03:37:10 PM   Apartments_OneLoudoun_Vyne   INFO   

Floor Plan Unit  Price Current  Price Previous  Price Change   Change Status Date Available            Scrape Datetime
       B2B W119           2840            2851           -11 Still Available     12/31/2023 2023-08-18 15:37:06.806658
       B2B W218           2670            2681           -11 Still Available       9/1/2023 2023-08-18 15:37:06.806658
       B2B W317           2813            2801            12 Still Available       9/5/2023 2023-08-18 15:37:06.806658
       B2B W417           2825            2836           -11 Still Available     10/23/2023 2023-08-18 15:37:06.806658
       B2B W515           2835            2846           -11 Still Available     10/17/2023 2023-08-18 15:37:06.806658

2023-08-18 03:37:15 PM   Apartments_OneLoudoun_Vyne   INFO   B3B price change: E406 -11 ($2840)
2023-08-18 03:37:15 PM   Apartments_OneLoudoun_Vyne   INFO   B3B price change: E502 -11 ($2850)
2023-08-18 03:37:15 PM   Apartments_OneLoudoun_Vyne   INFO   

Floor Plan Unit  Price Current  Price Previous  Price Change   Change Status Date Available            Scrape Datetime
       B3B E406           2840            2851           -11 Still Available      11/4/2023 2023-08-18 15:37:12.439044
       B3B E502           2850            2861           -11 Still Available      11/7/2023 2023-08-18 15:37:12.439044

2023-08-18 03:37:22 PM   Apartments_OneLoudoun_Vyne   INFO   B10B price change: E364 -11 ($2640)
2023-08-18 03:37:22 PM   Apartments_OneLoudoun_Vyne   INFO   

Floor Plan Unit  Price Current  Price Previous  Price Change   Change Status Date Available            Scrape Datetime
      B10B E364           2640            2651           -11 Still Available       9/7/2023 2023-08-18 15:37:17.654096

2023-08-18 09:49:59 PM   Apartments_OneLoudoun_Vyne   INFO   Leased B2B unit: W218 ($2670)
2023-08-18 09:49:59 PM   Apartments_OneLoudoun_Vyne   INFO   

Floor Plan Unit  Price Current  Price Previous  Price Change Change Status Date Available Scrape Datetime
       B2B W218            NaN            2670             0   Leased Unit            NaN             NaT

2023-08-19 03:47:16 AM   Apartments_OneLoudoun_Vyne   INFO   A6D price change: W111 +8 ($2561)
2023-08-19 03:47:16 AM   Apartments_OneLoudoun_Vyne   INFO   

Floor Plan Unit  Price Current  Price Previous  Price Change   Change Status Date Available            Scrape Datetime
       A6D W111           2561            2553             8 Still Available            Now 2023-08-19 03:47:13.080215

2023-08-19 03:42:02 PM   Apartments_OneLoudoun_Vyne   INFO   A6D price change: W111 -8 ($2553)
2023-08-19 03:42:02 PM   Apartments_OneLoudoun_Vyne   INFO   

Floor Plan Unit  Price Current  Price Previous  Price Change   Change Status Date Available            Scrape Datetime
       A6D W111           2553            2561            -8 Still Available            Now 2023-08-19 15:41:57.332578

2023-08-19 03:42:08 PM   Apartments_OneLoudoun_Vyne   INFO   B1B price change: E527 +10 ($2710)
2023-08-19 03:42:08 PM   Apartments_OneLoudoun_Vyne   INFO   

Floor Plan Unit  Price Current  Price Previous  Price Change   Change Status Date Available            Scrape Datetime
       B1B E527           2710            2700            10 Still Available     11/28/2023 2023-08-19 15:42:04.020006

2023-08-19 03:42:20 PM   Apartments_OneLoudoun_Vyne   INFO   B10B price change: E364 +13 ($2653)
2023-08-19 03:42:20 PM   Apartments_OneLoudoun_Vyne   INFO   

Floor Plan Unit  Price Current  Price Previous  Price Change   Change Status Date Available            Scrape Datetime
      B10B E364           2653            2640            13 Still Available       9/7/2023 2023-08-19 15:42:17.481746

2023-08-19 11:11:55 PM   Apartments_OneLoudoun_Vyne   INFO   Leased B2B unit: W317 ($2813)
2023-08-19 11:11:55 PM   Apartments_OneLoudoun_Vyne   INFO   

Floor Plan Unit  Price Current  Price Previous  Price Change Change Status Date Available Scrape Datetime
       B2B W317            NaN            2813             0   Leased Unit            NaN             NaT

2023-08-20 03:50:26 AM   Apartments_OneLoudoun_Vyne   INFO   A6D price change: W111 +8 ($2561)
2023-08-20 03:50:26 AM   Apartments_OneLoudoun_Vyne   INFO   

Floor Plan Unit  Price Current  Price Previous  Price Change   Change Status Date Available            Scrape Datetime
       A6D W111           2561            2553             8 Still Available            Now 2023-08-20 03:50:22.778277

2023-08-20 03:43:21 PM   Apartments_OneLoudoun_Vyne   INFO   A6D price change: W111 -8 ($2553)
2023-08-20 03:43:21 PM   Apartments_OneLoudoun_Vyne   INFO   

Floor Plan Unit  Price Current  Price Previous  Price Change   Change Status Date Available            Scrape Datetime
       A6D W111           2553            2561            -8 Still Available            Now 2023-08-20 15:43:17.921736

2023-08-20 09:08:57 PM   Apartments_OneLoudoun_Vyne   ERROR   Unable to connect to or scrape website (B2B)
2023-08-21 03:45:35 AM   Apartments_OneLoudoun_Vyne   INFO   A6D price change: W111 +8 ($2561)
2023-08-21 03:45:35 AM   Apartments_OneLoudoun_Vyne   INFO   

Floor Plan Unit  Price Current  Price Previous  Price Change   Change Status Date Available            Scrape Datetime
       A6D W111           2561            2553             8 Still Available            Now 2023-08-21 03:45:31.527319

2023-08-21 03:40:09 PM   Apartments_OneLoudoun_Vyne   INFO   A6D price change: W111 -8 ($2553)
2023-08-21 03:40:09 PM   Apartments_OneLoudoun_Vyne   INFO   

Floor Plan Unit  Price Current  Price Previous  Price Change   Change Status Date Available            Scrape Datetime
       A6D W111           2553            2561            -8 Still Available            Now 2023-08-21 15:40:05.796802

2023-08-21 03:40:14 PM   Apartments_OneLoudoun_Vyne   INFO   B1B price change: E527 +64 ($2774)
2023-08-21 03:40:14 PM   Apartments_OneLoudoun_Vyne   INFO   

Floor Plan Unit  Price Current  Price Previous  Price Change   Change Status Date Available            Scrape Datetime
       B1B E527           2774            2710            64 Still Available     11/28/2023 2023-08-21 15:40:11.578148

2023-08-21 03:40:21 PM   Apartments_OneLoudoun_Vyne   INFO   New B2B unit: W317 ($2813)
2023-08-21 03:40:21 PM   Apartments_OneLoudoun_Vyne   INFO   

Floor Plan Unit  Price Current  Price Previous  Price Change Change Status Date Available            Scrape Datetime
       B2B W317           2813             NaN             0      New Unit       9/5/2023 2023-08-21 15:40:17.542758

2023-08-21 03:40:21 PM   Apartments_OneLoudoun_Vyne   INFO   B2B price change: W119 -42 ($2798)
2023-08-21 03:40:21 PM   Apartments_OneLoudoun_Vyne   INFO   B2B price change: W417 +64 ($2889)
2023-08-21 03:40:21 PM   Apartments_OneLoudoun_Vyne   INFO   B2B price change: W515 +64 ($2899)
2023-08-21 03:40:21 PM   Apartments_OneLoudoun_Vyne   INFO   

Floor Plan Unit  Price Current  Price Previous  Price Change   Change Status Date Available            Scrape Datetime
       B2B W119           2798          2840.0           -42 Still Available      2/29/2024 2023-08-21 15:40:17.542758
       B2B W417           2889          2825.0            64 Still Available     10/23/2023 2023-08-21 15:40:17.542758
       B2B W515           2899          2835.0            64 Still Available     10/17/2023 2023-08-21 15:40:17.542758

2023-08-21 03:40:28 PM   Apartments_OneLoudoun_Vyne   INFO   B3B price change: E406 +64 ($2904)
2023-08-21 03:40:28 PM   Apartments_OneLoudoun_Vyne   INFO   B3B price change: E502 +64 ($2914)
2023-08-21 03:40:28 PM   Apartments_OneLoudoun_Vyne   INFO   

Floor Plan Unit  Price Current  Price Previous  Price Change   Change Status Date Available            Scrape Datetime
       B3B E406           2904            2840            64 Still Available      11/4/2023 2023-08-21 15:40:23.732528
       B3B E502           2914            2850            64 Still Available      11/7/2023 2023-08-21 15:40:23.732528

2023-08-21 03:40:34 PM   Apartments_OneLoudoun_Vyne   INFO   B10B price change: E364 +64 ($2717)
2023-08-21 03:40:34 PM   Apartments_OneLoudoun_Vyne   INFO   

Floor Plan Unit  Price Current  Price Previous  Price Change   Change Status Date Available            Scrape Datetime
      B10B E364           2717            2653            64 Still Available       9/7/2023 2023-08-21 15:40:30.007229

2023-08-22 03:50:54 AM   Apartments_OneLoudoun_Vyne   INFO   A6D price change: W111 +8 ($2561)
2023-08-22 03:50:54 AM   Apartments_OneLoudoun_Vyne   INFO   

Floor Plan Unit  Price Current  Price Previous  Price Change   Change Status Date Available            Scrape Datetime
       A6D W111           2561            2553             8 Still Available            Now 2023-08-22 03:50:50.783774

2023-08-22 03:46:37 PM   Apartments_OneLoudoun_Vyne   INFO   New A2A unit: W112 ($2333)
2023-08-22 03:46:37 PM   Apartments_OneLoudoun_Vyne   INFO   

Floor Plan Unit  Price Current  Price Previous  Price Change Change Status Date Available            Scrape Datetime
       A2A W112           2333             NaN             0      New Unit      11/7/2023 2023-08-22 15:46:32.483312

2023-08-22 03:46:42 PM   Apartments_OneLoudoun_Vyne   INFO   A6D price change: W111 -8 ($2553)
2023-08-22 03:46:42 PM   Apartments_OneLoudoun_Vyne   INFO   

Floor Plan Unit  Price Current  Price Previous  Price Change   Change Status Date Available            Scrape Datetime
       A6D W111           2553            2561            -8 Still Available            Now 2023-08-22 15:46:38.865586

2023-08-22 03:46:53 PM   Apartments_OneLoudoun_Vyne   INFO   B2B price change: W119 +106 ($2904)
2023-08-22 03:46:53 PM   Apartments_OneLoudoun_Vyne   INFO   B2B price change: W317 +64 ($2877)
2023-08-22 03:46:53 PM   Apartments_OneLoudoun_Vyne   INFO   

Floor Plan Unit  Price Current  Price Previous  Price Change   Change Status Date Available            Scrape Datetime
       B2B W119           2904            2798           106 Still Available      2/29/2024 2023-08-22 15:46:48.496732
       B2B W317           2877            2813            64 Still Available       9/5/2023 2023-08-22 15:46:48.496732

2023-08-23 03:51:49 AM   Apartments_OneLoudoun_Vyne   INFO   Leased A1A unit: E407 ($2185)
2023-08-23 03:51:49 AM   Apartments_OneLoudoun_Vyne   INFO   

Floor Plan Unit  Price Current  Price Previous  Price Change Change Status Date Available Scrape Datetime
       A1A E407            NaN            2185             0   Leased Unit            NaN             NaT

2023-08-23 03:51:59 AM   Apartments_OneLoudoun_Vyne   INFO   A6D price change: W111 +8 ($2561)
2023-08-23 03:51:59 AM   Apartments_OneLoudoun_Vyne   INFO   

Floor Plan Unit  Price Current  Price Previous  Price Change   Change Status Date Available            Scrape Datetime
       A6D W111           2561            2553             8 Still Available            Now 2023-08-23 03:51:56.056063

2023-08-23 03:39:05 PM   Apartments_OneLoudoun_Vyne   INFO   A2A price change: W112 -23 ($2310)
2023-08-23 03:39:05 PM   Apartments_OneLoudoun_Vyne   INFO   

Floor Plan Unit  Price Current  Price Previous  Price Change   Change Status Date Available            Scrape Datetime
       A2A W112           2310            2333           -23 Still Available      11/7/2023 2023-08-23 15:39:01.017057

2023-08-23 03:39:12 PM   Apartments_OneLoudoun_Vyne   INFO   A6D price change: W111 -8 ($2553)
2023-08-23 03:39:12 PM   Apartments_OneLoudoun_Vyne   INFO   

Floor Plan Unit  Price Current  Price Previous  Price Change   Change Status Date Available            Scrape Datetime
       A6D W111           2553            2561            -8 Still Available            Now 2023-08-23 15:39:07.832527

2023-08-24 03:51:20 AM   Apartments_OneLoudoun_Vyne   INFO   New A1A unit: E407 ($2185)
2023-08-24 03:51:20 AM   Apartments_OneLoudoun_Vyne   INFO   

Floor Plan Unit  Price Current  Price Previous  Price Change Change Status Date Available            Scrape Datetime
       A1A E407           2185             NaN             0      New Unit      9/28/2023 2023-08-24 03:51:16.180798

2023-08-24 03:51:30 AM   Apartments_OneLoudoun_Vyne   INFO   A6D price change: W111 +8 ($2561)
2023-08-24 03:51:30 AM   Apartments_OneLoudoun_Vyne   INFO   

Floor Plan Unit  Price Current  Price Previous  Price Change   Change Status Date Available            Scrape Datetime
       A6D W111           2561            2553             8 Still Available            Now 2023-08-24 03:51:26.423155

2023-08-24 03:51:35 AM   Apartments_OneLoudoun_Vyne   INFO   New B1B unit: E529 ($2700)
2023-08-24 03:51:35 AM   Apartments_OneLoudoun_Vyne   INFO   

Floor Plan Unit  Price Current  Price Previous  Price Change Change Status Date Available            Scrape Datetime
       B1B E529           2700             NaN             0      New Unit      11/7/2023 2023-08-24 03:51:32.107129

2023-08-24 03:45:00 PM   Apartments_OneLoudoun_Vyne   INFO   A6D price change: W111 -8 ($2553)
2023-08-24 03:45:00 PM   Apartments_OneLoudoun_Vyne   INFO   

Floor Plan Unit  Price Current  Price Previous  Price Change   Change Status Date Available            Scrape Datetime
       A6D W111           2553            2561            -8 Still Available            Now 2023-08-24 15:44:56.620874

2023-08-24 03:45:05 PM   Apartments_OneLoudoun_Vyne   INFO   B1B price change: E527 -10 ($2764)
2023-08-24 03:45:05 PM   Apartments_OneLoudoun_Vyne   INFO   B1B price change: E529 +64 ($2764)
2023-08-24 03:45:05 PM   Apartments_OneLoudoun_Vyne   INFO   

Floor Plan Unit  Price Current  Price Previous  Price Change   Change Status Date Available            Scrape Datetime
       B1B E527           2764            2774           -10 Still Available     11/28/2023 2023-08-24 15:45:02.112382
       B1B E529           2764            2700            64 Still Available      11/7/2023 2023-08-24 15:45:02.112382

