2024-01-29 12:23:23 PM   <input>   INFO   Started running script
2024-01-29 12:23:32 PM   <input>   INFO   New dog: Leo (ID 39347281)
2024-01-29 12:23:32 PM   <input>   INFO   New dog: Cardi (ID 39347282)
2024-01-29 12:23:32 PM   <input>   INFO   New dog: Janis J (ID 39347283)
2024-01-29 12:23:32 PM   <input>   INFO   New dog: Jerry G (ID 39347284)
2024-01-29 12:23:32 PM   <input>   INFO   New dog: Franky (Winky) (ID 39365008)
2024-01-29 12:23:32 PM   <input>   INFO   New dog: Gilbert (ID 39401269)
2024-01-29 12:23:32 PM   <input>   INFO   New dog: Adele (ID 39476950)
2024-01-29 12:23:32 PM   <input>   INFO   New dog: Coraline (ID 39580209)
2024-01-29 12:23:32 PM   <input>   INFO   New dog: Lestat (ID 39621720)
2024-01-29 12:23:32 PM   <input>   INFO   New dog: Jekyll (ID 39621721)
2024-01-29 12:23:32 PM   <input>   INFO   New dog: Owen (ID 39883185)
2024-01-29 12:23:32 PM   <input>   INFO   New dog: Maddie (ID 39909288)
2024-01-29 12:23:32 PM   <input>   INFO   New dog: Zelda (Tina T) (ID 40018874)
2024-01-29 12:23:32 PM   <input>   INFO   New dog: Portia (ID 40018877)
2024-01-29 12:23:32 PM   <input>   INFO   New dog: Sammy (ID 40018878)
2024-01-29 12:23:32 PM   <input>   INFO   New dog: Gauge (ID 40111749)
2024-01-29 12:23:32 PM   <input>   INFO   New dog: Butch (ID 40111751)
2024-01-29 12:23:32 PM   <input>   INFO   New dog: Lillie (ID 40253618)
2024-01-29 12:23:32 PM   <input>   INFO   New dog: Flower (ID 40262406)
2024-01-29 12:23:32 PM   <input>   INFO   New dog: Cyrus (ID 40277583)
2024-01-29 12:23:32 PM   <input>   INFO   New dog: Duchess (ID 40384589)
2024-01-29 12:23:32 PM   <input>   INFO   New dog: Elvis (ID 40392713)
2024-01-29 12:23:32 PM   <input>   INFO   New dog: Francesca (ID 40392714)
2024-01-29 12:23:32 PM   <input>   INFO   New dog: Prime Time (ID 40392715)
2024-01-29 12:23:32 PM   <input>   INFO   New dog: Addie (Big Girl) (ID 40392719)
2024-01-29 12:23:32 PM   <input>   INFO   New dog: Cobre (ID 40392720)
2024-01-29 12:23:32 PM   <input>   INFO   New dog: Cadbury (ID 40461496)
2024-01-29 12:23:32 PM   <input>   INFO   New dog: Cooper (ID 40537607)
2024-01-29 12:23:32 PM   <input>   INFO   New dog: Caleb (ID 40537609)
2024-01-29 12:23:32 PM   <input>   INFO   New dog: Lolita (ID 40537611)
2024-01-29 12:23:32 PM   <input>   INFO   New dog: Diamond (ID 40563425)
2024-01-29 12:28:20 PM   DogAdoption_FriendsofHomelessAnimals   INFO   Started running script
2024-01-29 12:28:25 PM   DogAdoption_FriendsofHomelessAnimals   ERROR   Unable to connect to or scrape website
2024-01-29 12:28:51 PM   DogAdoption_FriendsofHomelessAnimals   INFO   Started running script
