2024-01-28 09:15:59 PM   DogAdoption_LoudounCountyAnimalServices   INFO   Started running script
2024-01-28 10:10:04 PM   DogAdoption_LoudounCountyAnimalServices   INFO   Started running script
2024-01-28 10:10:44 PM   DogAdoption_LoudounCountyAnimalServices   INFO   Started running script
2024-01-29 09:51:13 AM   DogAdoption_LoudounCountyAnimalServices   INFO   Adopted dog: HAPPY (A285757) (ID 285757)
2024-01-29 09:51:13 AM   DogAdoption_LoudounCountyAnimalServices   INFO   Adopted dog: HOPPER (A285759) (ID 285759)
2024-01-29 09:51:13 AM   DogAdoption_LoudounCountyAnimalServices   INFO   Adopted dog: HOPE (A285761) (ID 285761)
2024-01-29 09:51:13 AM   DogAdoption_LoudounCountyAnimalServices   INFO   Adopted dog: PAISLEY (A285762) (ID 285762)
2024-01-29 05:22:11 PM   DogAdoption_LoudounCountyAnimalServices   INFO   Adopted dog: HARTER (A285754) (ID 285754)
2024-01-29 06:52:22 PM   DogAdoption_LoudounCountyAnimalServices   ERROR   Unable to connect to or scrape website
2024-01-29 07:02:06 PM   DogAdoption_LoudounCountyAnimalServices   INFO   Started running script
2024-01-29 07:04:22 PM   DogAdoption_LoudounCountyAnimalServices   INFO   Started running script
2024-01-29 11:26:19 PM   DogAdoption_LoudounCountyAnimalServices   INFO   Started running script
2024-01-30 09:10:35 AM   DogAdoption_LoudounCountyAnimalServices   INFO   New dog: HAPPY (A285757) (ID 285757)
2024-01-30 09:10:35 AM   DogAdoption_LoudounCountyAnimalServices   INFO   New dog: HOPE (A285761) (ID 285761)
2024-01-30 09:10:35 AM   DogAdoption_LoudounCountyAnimalServices   INFO   New dog: PAISLEY (A285762) (ID 285762)
2024-01-30 12:10:55 PM   DogAdoption_LoudounCountyAnimalServices   INFO   Adopted dog: HAPPY (A285757) (ID 285757)
2024-01-30 01:31:05 PM   DogAdoption_LoudounCountyAnimalServices   INFO   New dog: JET (A286367) (ID 286367)
2024-01-30 04:49:34 PM   DogAdoption_LoudounCountyAnimalServices   INFO   Started running script
2024-01-31 09:50:31 AM   DogAdoption_LoudounCountyAnimalServices   INFO   New dog: HARTER (A285754) (ID 285754)
2024-01-31 09:50:31 AM   DogAdoption_LoudounCountyAnimalServices   INFO   New dog: HUNTER (A285756) (ID 285756)
2024-01-31 09:50:31 AM   DogAdoption_LoudounCountyAnimalServices   INFO   New dog: HEIDI (A285760) (ID 285760)
2024-01-31 04:31:15 PM   DogAdoption_LoudounCountyAnimalServices   INFO   Adopted dog: PAISLEY (A285762) (ID 285762)
2024-02-01 12:50:47 PM   DogAdoption_LoudounCountyAnimalServices   INFO   Adopted dog: KOTA (A283585) (ID 283585)
2024-02-01 12:50:47 PM   DogAdoption_LoudounCountyAnimalServices   INFO   Adopted dog: PIPPA (A286325) (ID 286325)
2024-02-01 01:30:54 PM   DogAdoption_LoudounCountyAnimalServices   INFO   New dog: ODESSA (A286039) (ID 286039)
2024-02-01 02:21:03 PM   DogAdoption_LoudounCountyAnimalServices   INFO   New dog: KOTA (A283585) (ID 283585)
2024-02-02 11:20:44 AM   DogAdoption_LoudounCountyAnimalServices   INFO   New dog: SIMBA (A286137) (ID 286137)
2024-02-02 11:20:44 AM   DogAdoption_LoudounCountyAnimalServices   INFO   Adopted dog: HUNTER (A285756) (ID 285756)
2024-02-02 01:31:04 PM   DogAdoption_LoudounCountyAnimalServices   INFO   Adopted dog: KOTA (A283585) (ID 283585)
2024-02-02 01:31:04 PM   DogAdoption_LoudounCountyAnimalServices   INFO   Adopted dog: ODESSA (A286039) (ID 286039)
2024-02-02 03:01:16 PM   DogAdoption_LoudounCountyAnimalServices   INFO   New dog: ELLIE (A286447) (ID 286447)
2024-02-02 03:51:25 PM   DogAdoption_LoudounCountyAnimalServices   INFO   Adopted dog: HEIDI (A285760) (ID 285760)
2024-02-02 03:51:25 PM   DogAdoption_LoudounCountyAnimalServices   INFO   Adopted dog: HOPE (A285761) (ID 285761)
2024-02-03 09:50:29 AM   DogAdoption_LoudounCountyAnimalServices   INFO   New dog: ODESSA (A286039) (ID 286039)
2024-02-03 11:20:41 AM   DogAdoption_LoudounCountyAnimalServices   INFO   New dog: HEIDI (A285760) (ID 285760)
2024-02-03 11:20:41 AM   DogAdoption_LoudounCountyAnimalServices   INFO   New dog: FINN (A286446) (ID 286446)
2024-02-03 11:20:41 AM   DogAdoption_LoudounCountyAnimalServices   INFO   Adopted dog: LADYBUG (A286346) (ID 286346)
2024-02-03 12:00:48 PM   DogAdoption_LoudounCountyAnimalServices   INFO   New dog: KYRA (A286466) (ID 286466)
2024-02-03 12:10:51 PM   DogAdoption_LoudounCountyAnimalServices   INFO   Adopted dog: SIMBA (A286137) (ID 286137)
2024-02-03 12:10:51 PM   DogAdoption_LoudounCountyAnimalServices   INFO   Adopted dog: ELLIE (A286447) (ID 286447)
2024-02-03 01:31:02 PM   DogAdoption_LoudounCountyAnimalServices   INFO   Adopted dog: HARTER (A285754) (ID 285754)
2024-02-03 01:31:02 PM   DogAdoption_LoudounCountyAnimalServices   INFO   Adopted dog: ECHO (A286321) (ID 286321)
2024-02-03 02:21:10 PM   DogAdoption_LoudounCountyAnimalServices   INFO   New dog: ISABEL (A286442) (ID 286442)
2024-02-03 02:21:10 PM   DogAdoption_LoudounCountyAnimalServices   INFO   New dog: OLIVE (A286464) (ID 286464)
2024-02-03 02:21:10 PM   DogAdoption_LoudounCountyAnimalServices   INFO   New dog: CASSIE (A286465) (ID 286465)
2024-02-03 03:51:22 PM   DogAdoption_LoudounCountyAnimalServices   INFO   Adopted dog: CASSIE (A286465) (ID 286465)
2024-02-03 10:05:31 PM   DogAdoption_LoudounCountyAnimalServices   INFO   Started running script
2024-02-04 11:21:03 AM   DogAdoption_LoudounCountyAnimalServices   INFO   New dog: MERRITT (A286441) (ID 286441)
2024-02-04 03:01:27 PM   DogAdoption_LoudounCountyAnimalServices   INFO   New dog: SANCHEZ (A286444) (ID 286444)
2024-02-04 03:51:35 PM   DogAdoption_LoudounCountyAnimalServices   INFO   New dog: DJANGO (A250362) (ID 250362)
2024-02-05 09:50:42 AM   DogAdoption_LoudounCountyAnimalServices   INFO   Adopted dog: FINN (A286446) (ID 286446)
2024-02-05 10:30:48 AM   DogAdoption_LoudounCountyAnimalServices   INFO   Adopted dog: ISABEL (A286442) (ID 286442)
2024-02-05 11:20:56 AM   DogAdoption_LoudounCountyAnimalServices   INFO   New dog: SPOCK (A263066) (ID 263066)
2024-02-05 03:52:40 PM   DogAdoption_LoudounCountyAnimalServices   ERROR   Unable to connect to or scrape website
2024-02-05 04:03:55 PM   DogAdoption_LoudounCountyAnimalServices   ERROR   Unable to connect to or scrape website
2024-02-05 04:15:10 PM   DogAdoption_LoudounCountyAnimalServices   ERROR   Unable to connect to or scrape website
2024-02-05 04:26:25 PM   DogAdoption_LoudounCountyAnimalServices   ERROR   Unable to connect to or scrape website
2024-02-05 04:37:40 PM   DogAdoption_LoudounCountyAnimalServices   ERROR   Unable to connect to or scrape website
2024-02-05 04:48:55 PM   DogAdoption_LoudounCountyAnimalServices   ERROR   Unable to connect to or scrape website
2024-02-05 04:59:21 PM   DogAdoption_LoudounCountyAnimalServices   INFO   New dog: HATTIE (A286440) (ID 286440)
2024-02-05 04:59:21 PM   DogAdoption_LoudounCountyAnimalServices   INFO   Adopted dog: POP (A284545) (ID 284545)
2024-02-05 04:59:21 PM   DogAdoption_LoudounCountyAnimalServices   INFO   Adopted dog: JET (A286367) (ID 286367)
2024-02-05 06:09:29 PM   DogAdoption_LoudounCountyAnimalServices   INFO   Adopted dog: HEIDI (A285760) (ID 285760)
2024-02-06 09:50:57 AM   DogAdoption_LoudounCountyAnimalServices   ERROR   Unable to connect to or scrape website
2024-02-06 10:00:59 AM   DogAdoption_LoudounCountyAnimalServices   INFO   New dog: OAKLEY (A286445) (ID 286445)
2024-02-06 10:00:59 AM   DogAdoption_LoudounCountyAnimalServices   INFO   New dog: FINN (A286446) (ID 286446)
2024-02-06 11:21:10 AM   DogAdoption_LoudounCountyAnimalServices   INFO   Adopted dog: ODESSA (A286039) (ID 286039)
2024-02-06 12:01:18 PM   DogAdoption_LoudounCountyAnimalServices   INFO   New dog: LUCIA (A286443) (ID 286443)
2024-02-06 02:21:37 PM   DogAdoption_LoudounCountyAnimalServices   INFO   Adopted dog: KYRA (A286466) (ID 286466)
2024-02-06 03:01:43 PM   DogAdoption_LoudounCountyAnimalServices   INFO   Adopted dog: OAKLEY (A286445) (ID 286445)
2024-02-06 03:51:51 PM   DogAdoption_LoudounCountyAnimalServices   INFO   New dog: PATCHES (A229609) (ID 229609)
2024-02-06 05:22:02 PM   DogAdoption_LoudounCountyAnimalServices   INFO   Adopted dog: SANCHEZ (A286444) (ID 286444)
2024-02-06 06:02:20 PM   DogAdoption_LoudounCountyAnimalServices   INFO   Adopted dog: FINN (A286446) (ID 286446)
2024-02-07 09:50:57 AM   DogAdoption_LoudounCountyAnimalServices   INFO   New dog: ODESSA (A286039) (ID 286039)
2024-02-07 09:50:57 AM   DogAdoption_LoudounCountyAnimalServices   INFO   New dog: ISABEL (A286442) (ID 286442)
2024-02-07 12:01:12 PM   DogAdoption_LoudounCountyAnimalServices   INFO   Adopted dog: SPOCK (A263066) (ID 263066)
2024-02-07 01:31:27 PM   DogAdoption_LoudounCountyAnimalServices   INFO   New dog: SHERI (A283655) (ID 283655)
2024-02-07 01:31:27 PM   DogAdoption_LoudounCountyAnimalServices   INFO   New dog: CORY (A286533) (ID 286533)
2024-02-09 12:00:57 PM   DogAdoption_LoudounCountyAnimalServices   INFO   Adopted dog: SHERI (A283655) (ID 283655)
2024-02-09 04:31:29 PM   DogAdoption_LoudounCountyAnimalServices   INFO   Adopted dog: LUCIA (A286443) (ID 286443)
2024-02-09 04:31:29 PM   DogAdoption_LoudounCountyAnimalServices   INFO   Adopted dog: OLIVE (A286464) (ID 286464)
2024-02-09 05:21:37 PM   DogAdoption_LoudounCountyAnimalServices   INFO   Adopted dog: CORY (A286533) (ID 286533)
2024-02-10 11:20:44 AM   DogAdoption_LoudounCountyAnimalServices   INFO   New dog: DIAS (A285037) (ID 285037)
2024-02-10 11:20:44 AM   DogAdoption_LoudounCountyAnimalServices   INFO   New dog: ALFREDO (A286156) (ID 286156)
2024-02-10 03:51:15 PM   DogAdoption_LoudounCountyAnimalServices   INFO   Adopted dog: MERRITT (A286441) (ID 286441)
2024-02-10 04:31:22 PM   DogAdoption_LoudounCountyAnimalServices   INFO   New dog: OLIVE (A286464) (ID 286464)
2024-02-10 05:21:29 PM   DogAdoption_LoudounCountyAnimalServices   INFO   Adopted dog: SCARLETT (A286065) (ID 286065)
2024-02-12 04:31:23 PM   DogAdoption_LoudounCountyAnimalServices   INFO   Adopted dog: DIAS (A285037) (ID 285037)
2024-02-12 04:31:23 PM   DogAdoption_LoudounCountyAnimalServices   INFO   Adopted dog: OLIVE (A286464) (ID 286464)
2024-02-13 12:02:01 PM   DogAdoption_LoudounCountyAnimalServices   INFO   New dog: MINNOW (A281596) (ID 281596)
2024-02-14 03:27:09 PM   DogAdoption_LoudounCountyAnimalServices   INFO   New dog: HUNTER (A285756) (ID 285756)
2024-02-14 03:27:09 PM   DogAdoption_LoudounCountyAnimalServices   INFO   New dog: EDGAR ALLEN PUG (A286498) (ID 286498)
2024-02-14 06:07:29 PM   DogAdoption_LoudounCountyAnimalServices   INFO   New dog: DIESEL (A286902) (ID 286902)
2024-02-15 11:19:22 AM   DogAdoption_LoudounCountyAnimalServices   INFO   New dog: JOSIE (A286906) (ID 286906)
2024-02-15 11:19:22 AM   DogAdoption_LoudounCountyAnimalServices   INFO   New dog: TATTOO (A286908) (ID 286908)
2024-02-15 12:04:46 PM   DogAdoption_LoudounCountyAnimalServices   INFO   New dog: JET (A286367) (ID 286367)
2024-02-15 12:04:46 PM   DogAdoption_LoudounCountyAnimalServices   INFO   New dog: EEVA (A286665) (ID 286665)
2024-02-15 12:04:46 PM   DogAdoption_LoudounCountyAnimalServices   INFO   New dog: WILLA MAE (A286901) (ID 286901)
2024-02-15 01:13:00 PM   DogAdoption_LoudounCountyAnimalServices   INFO   Adopted dog: PATCHES (A229609) (ID 229609)
2024-02-15 01:36:21 PM   DogAdoption_LoudounCountyAnimalServices   INFO   Adopted dog: EDGAR ALLEN PUG (A286498) (ID 286498)
2024-02-15 05:16:59 PM   DogAdoption_LoudounCountyAnimalServices   INFO   Adopted dog: DIESEL (A286902) (ID 286902)
2024-02-16 09:51:09 AM   DogAdoption_LoudounCountyAnimalServices   INFO   Adopted dog: TATTOO (A286908) (ID 286908)
2024-02-16 12:01:26 PM   DogAdoption_LoudounCountyAnimalServices   INFO   New dog: PINBALL (A286900) (ID 286900)
2024-02-16 12:01:26 PM   DogAdoption_LoudounCountyAnimalServices   INFO   Adopted dog: WILLA MAE (A286901) (ID 286901)
2024-02-16 12:51:34 PM   DogAdoption_LoudounCountyAnimalServices   INFO   New dog: MELAH (A286608) (ID 286608)
2024-02-16 12:51:34 PM   DogAdoption_LoudounCountyAnimalServices   INFO   New dog: FOXY (A286909) (ID 286909)
2024-02-16 03:52:03 PM   DogAdoption_LoudounCountyAnimalServices   INFO   Adopted dog: MELAH (A286608) (ID 286608)
2024-02-17 10:02:18 PM   DogAdoption_LoudounCountyAnimalServices   ERROR   Unable to connect to or scrape website
2024-02-18 10:30:45 AM   DogAdoption_LoudounCountyAnimalServices   INFO   New dog: TATTOO (A286908) (ID 286908)
2024-02-18 12:51:06 PM   DogAdoption_LoudounCountyAnimalServices   INFO   Adopted dog: PINBALL (A286900) (ID 286900)
2024-02-18 12:51:06 PM   DogAdoption_LoudounCountyAnimalServices   INFO   Adopted dog: FOXY (A286909) (ID 286909)
2024-02-18 01:31:14 PM   DogAdoption_LoudounCountyAnimalServices   INFO   Adopted dog: HATTIE (A286440) (ID 286440)
2024-02-18 03:01:55 PM   DogAdoption_LoudounCountyAnimalServices   INFO   Adopted dog: TATTOO (A286908) (ID 286908)
2024-02-18 03:52:05 PM   DogAdoption_LoudounCountyAnimalServices   INFO   New dog: DIESEL (A286902) (ID 286902)
2024-02-18 05:22:23 PM   DogAdoption_LoudounCountyAnimalServices   INFO   Adopted dog: JET (A286367) (ID 286367)
2024-02-18 06:02:32 PM   DogAdoption_LoudounCountyAnimalServices   INFO   Adopted dog: HUNTER (A285756) (ID 285756)
2024-02-19 10:35:02 AM   DogAdoption_LoudounCountyAnimalServices   INFO   New dog: POLAR (A287213) (ID 287213)
2024-02-20 09:50:50 AM   DogAdoption_LoudounCountyAnimalServices   INFO   Adopted dog: DIVA (A272375) (ID 272375)
2024-02-20 12:01:05 PM   DogAdoption_LoudounCountyAnimalServices   INFO   Adopted dog: POLAR (A287213) (ID 287213)
2024-02-20 01:31:18 PM   DogAdoption_LoudounCountyAnimalServices   INFO   New dog: CHLOE (A287198) (ID 287198)
2024-02-20 04:31:44 PM   DogAdoption_LoudounCountyAnimalServices   INFO   New dog: MELAH (A286608) (ID 286608)
2024-02-20 04:31:44 PM   DogAdoption_LoudounCountyAnimalServices   INFO   Adopted dog: DIESEL (A286902) (ID 286902)
2024-02-21 11:21:22 AM   DogAdoption_LoudounCountyAnimalServices   INFO   Adopted dog: EEVA (A286665) (ID 286665)
2024-02-22 10:31:02 AM   DogAdoption_LoudounCountyAnimalServices   INFO   New dog: EEVA (A286665) (ID 286665)
2024-02-22 12:46:05 PM   DogAdoption_LoudounCountyAnimalServices   INFO   New dog: SEBASTIAN (A259273) (ID 259273)
2024-02-22 12:46:05 PM   DogAdoption_LoudounCountyAnimalServices   INFO   New dog: CASH (A287362) (ID 287362)
2024-02-22 05:16:39 PM   DogAdoption_LoudounCountyAnimalServices   INFO   Adopted dog: MELAH (A286608) (ID 286608)
2024-02-23 12:01:07 PM   DogAdoption_LoudounCountyAnimalServices   INFO   New dog: DOZER (A177131) (ID 177131)
2024-02-24 11:20:59 AM   DogAdoption_LoudounCountyAnimalServices   INFO   New dog: PANDA (A286402) (ID 286402)
2024-02-24 11:20:59 AM   DogAdoption_LoudounCountyAnimalServices   INFO   New dog: EASTON (A287342) (ID 287342)
2024-02-24 11:20:59 AM   DogAdoption_LoudounCountyAnimalServices   INFO   New dog: BROOKE (A287390) (ID 287390)
2024-02-24 12:01:04 PM   DogAdoption_LoudounCountyAnimalServices   INFO   New dog: HOPE (A285761) (ID 285761)
2024-02-24 02:21:21 PM   DogAdoption_LoudounCountyAnimalServices   INFO   Adopted dog: CASH (A287362) (ID 287362)
2024-02-24 03:01:29 PM   DogAdoption_LoudounCountyAnimalServices   INFO   Adopted dog: JOSIE (A286906) (ID 286906)
2024-02-24 03:51:36 PM   DogAdoption_LoudounCountyAnimalServices   INFO   Adopted dog: DOZER (A177131) (ID 177131)
2024-02-24 04:31:41 PM   DogAdoption_LoudounCountyAnimalServices   INFO   Adopted dog: PANDA (A286402) (ID 286402)
2024-02-24 05:21:47 PM   DogAdoption_LoudounCountyAnimalServices   INFO   Adopted dog: DJANGO (A250362) (ID 250362)
2024-02-25 06:31:59 PM   DogAdoption_LoudounCountyAnimalServices   INFO   Adopted dog: EASTON (A287342) (ID 287342)
2024-02-26 09:00:53 AM   DogAdoption_LoudounCountyAnimalServices   INFO   Adopted dog: HOPE (A285761) (ID 285761)
2024-02-26 12:01:12 PM   DogAdoption_LoudounCountyAnimalServices   INFO   Adopted dog: SEBASTIAN (A259273) (ID 259273)
2024-02-26 03:51:39 PM   DogAdoption_LoudounCountyAnimalServices   INFO   New dog: NALA (A282559) (ID 282559)
2024-02-27 12:51:01 PM   DogAdoption_LoudounCountyAnimalServices   INFO   New dog: REMY (A277438) (ID 277438)
2024-02-27 04:31:33 PM   DogAdoption_LoudounCountyAnimalServices   INFO   Adopted dog: NALA (A282559) (ID 282559)
2024-02-28 11:40:43 AM   DogAdoption_LoudounCountyAnimalServices   INFO   New dog: DOZER (A177131) (ID 177131)
2024-02-28 12:50:53 PM   DogAdoption_LoudounCountyAnimalServices   INFO   Adopted dog: MINNOW (A281596) (ID 281596)
2024-02-29 10:40:28 AM   DogAdoption_LoudounCountyAnimalServices   INFO   New dog: TYSON (A287478) (ID 287478)
2024-02-29 12:50:44 PM   DogAdoption_LoudounCountyAnimalServices   INFO   Adopted dog: ISABEL (A286442) (ID 286442)
2024-02-29 12:50:44 PM   DogAdoption_LoudounCountyAnimalServices   INFO   Adopted dog: TYSON (A287478) (ID 287478)
2024-02-29 04:31:11 PM   DogAdoption_LoudounCountyAnimalServices   INFO   Adopted dog: BROOKE (A287390) (ID 287390)
2024-03-02 01:37:09 PM   DogAdoption_LoudounCountyAnimalServices   INFO   New dog: PRINCESS NYJ (A272796) (ID 272796)
2024-03-02 01:37:09 PM   DogAdoption_LoudounCountyAnimalServices   INFO   Adopted dog: REMY (A277438) (ID 277438)
2024-03-02 02:17:30 PM   DogAdoption_LoudounCountyAnimalServices   INFO   New dog: FUJI (A287529) (ID 287529)
2024-03-03 10:34:12 AM   DogAdoption_LoudounCountyAnimalServices   INFO   Started running script
2024-03-03 11:24:20 AM   DogAdoption_LoudounCountyAnimalServices   INFO   New dog: CECELIA (A281404) (ID 281404)
2024-03-03 02:24:42 PM   DogAdoption_LoudounCountyAnimalServices   INFO   New dog: ZION (A287569) (ID 287569)
2024-03-03 02:24:42 PM   DogAdoption_LoudounCountyAnimalServices   INFO   New dog: SABLE (A287585) (ID 287585)
2024-03-03 03:04:47 PM   DogAdoption_LoudounCountyAnimalServices   INFO   Adopted dog: PRINCESS NYJ (A272796) (ID 272796)
2024-03-03 04:34:59 PM   DogAdoption_LoudounCountyAnimalServices   INFO   New dog: WILLA MAE (A286901) (ID 286901)
2024-03-04 11:21:12 AM   DogAdoption_LoudounCountyAnimalServices   INFO   New dog: DELILAH (A287658) (ID 287658)
2024-03-04 12:01:19 PM   DogAdoption_LoudounCountyAnimalServices   INFO   Adopted dog: CECELIA (A281404) (ID 281404)
2024-03-04 12:51:27 PM   DogAdoption_LoudounCountyAnimalServices   INFO   New dog: DAISY (A287661) (ID 287661)
2024-03-05 11:21:21 AM   DogAdoption_LoudounCountyAnimalServices   INFO   New dog: MINNIE (A287656) (ID 287656)
2024-03-05 11:21:21 AM   DogAdoption_LoudounCountyAnimalServices   INFO   New dog: XENA (A287657) (ID 287657)
2024-03-05 11:21:21 AM   DogAdoption_LoudounCountyAnimalServices   INFO   New dog: SWEET (A287659) (ID 287659)
2024-03-05 11:21:21 AM   DogAdoption_LoudounCountyAnimalServices   INFO   New dog: TART (A287660) (ID 287660)
2024-03-05 11:21:21 AM   DogAdoption_LoudounCountyAnimalServices   INFO   Adopted dog: ZION (A287569) (ID 287569)
2024-03-05 01:31:27 PM   DogAdoption_LoudounCountyAnimalServices   INFO   Adopted dog: FUJI (A287529) (ID 287529)
2024-03-05 03:01:42 PM   DogAdoption_LoudounCountyAnimalServices   INFO   Adopted dog: WILLA MAE (A286901) (ID 286901)
2024-03-06 10:31:03 AM   DogAdoption_LoudounCountyAnimalServices   INFO   New dog: JELLY (A285740) (ID 285740)
2024-03-06 06:03:31 PM   DogAdoption_LoudounCountyAnimalServices   INFO   Adopted dog: JELLY (A285740) (ID 285740)
2024-03-07 10:40:28 AM   DogAdoption_LoudounCountyAnimalServices   INFO   Adopted dog: SABLE (A287585) (ID 287585)
2024-03-07 11:20:35 AM   DogAdoption_LoudounCountyAnimalServices   INFO   New dog: GIRLIE GIRL (A216015) (ID 216015)
2024-03-07 11:20:35 AM   DogAdoption_LoudounCountyAnimalServices   INFO   New dog: COAL (A287695) (ID 287695)
2024-03-07 05:16:35 PM   DogAdoption_LoudounCountyAnimalServices   INFO   Adopted dog: COAL (A287695) (ID 287695)
2024-03-08 12:11:45 AM   DogAdoption_LoudounCountyAnimalServices   INFO   Started running script
2024-03-08 09:51:01 AM   DogAdoption_LoudounCountyAnimalServices   INFO   New dog: SABLE (A287585) (ID 287585)
2024-03-08 11:21:13 AM   DogAdoption_LoudounCountyAnimalServices   INFO   Adopted dog: SWEET (A287659) (ID 287659)
2024-03-08 12:01:18 PM   DogAdoption_LoudounCountyAnimalServices   INFO   Adopted dog: TART (A287660) (ID 287660)
2024-03-08 03:49:01 PM   DogAdoption_LoudounCountyAnimalServices   INFO   Adopted dog: XENA (A287657) (ID 287657)
2024-03-08 05:22:22 PM   DogAdoption_LoudounCountyAnimalServices   INFO   Adopted dog: CHLOE (A287198) (ID 287198)
2024-03-09 12:00:50 PM   DogAdoption_LoudounCountyAnimalServices   INFO   Adopted dog: MINNIE (A287656) (ID 287656)
2024-03-09 02:21:06 PM   DogAdoption_LoudounCountyAnimalServices   INFO   New dog: ZION (A287569) (ID 287569)
2024-03-09 03:51:19 PM   DogAdoption_LoudounCountyAnimalServices   INFO   Adopted dog: ZION (A287569) (ID 287569)
2024-03-09 04:31:25 PM   DogAdoption_LoudounCountyAnimalServices   INFO   Adopted dog: DELILAH (A287658) (ID 287658)
2024-03-10 08:41:35 AM   DogAdoption_LoudounCountyAnimalServices   INFO   Started running script
2024-03-10 12:52:01 PM   DogAdoption_LoudounCountyAnimalServices   INFO   Adopted dog: ALFREDO (A286156) (ID 286156)
2024-03-11 11:20:32 AM   DogAdoption_LoudounCountyAnimalServices   INFO   New dog: ALFREDO (A286156) (ID 286156)
2024-03-11 04:31:37 PM   DogAdoption_LoudounCountyAnimalServices   INFO   Adopted dog: DAISY (A287661) (ID 287661)
2024-03-12 09:50:42 AM   DogAdoption_LoudounCountyAnimalServices   INFO   New dog: COAL (A287695) (ID 287695)
2024-03-12 01:31:03 PM   DogAdoption_LoudounCountyAnimalServices   INFO   Adopted dog: COAL (A287695) (ID 287695)
2024-03-12 03:51:20 PM   DogAdoption_LoudounCountyAnimalServices   INFO   Adopted dog: GIRLIE GIRL (A216015) (ID 216015)
2024-03-13 11:20:33 AM   DogAdoption_LoudounCountyAnimalServices   INFO   New dog: AARON (A288191) (ID 288191)
2024-03-13 12:10:40 PM   DogAdoption_LoudounCountyAnimalServices   INFO   New dog: ROSSY (A273743) (ID 273743)
2024-03-13 12:10:40 PM   DogAdoption_LoudounCountyAnimalServices   INFO   New dog: ROBIN (A288190) (ID 288190)
2024-03-13 03:51:04 PM   DogAdoption_LoudounCountyAnimalServices   INFO   New dog: TINY (A189893) (ID 189893)
2024-03-15 01:29:11 PM   DogAdoption_LoudounCountyAnimalServices   INFO   Started running script
2024-03-15 01:29:12 PM   DogAdoption_LoudounCountyAnimalServices   ERROR   Unable to connect to or scrape website
2024-03-15 01:34:58 PM   DogAdoption_LoudounCountyAnimalServices   INFO   Started running script
2024-03-15 01:34:59 PM   DogAdoption_LoudounCountyAnimalServices   ERROR   Unable to connect to or scrape website
2024-03-16 07:42:42 PM   DogAdoption_LoudounCountyAnimalServices   INFO   Started running script
2024-03-16 07:42:45 PM   DogAdoption_LoudounCountyAnimalServices   INFO   New dog: CARMEN (A288265) (ID 288265)
2024-03-16 07:42:45 PM   DogAdoption_LoudounCountyAnimalServices   INFO   New dog: SPROUT (A288391) (ID 288391)
2024-03-16 07:42:45 PM   DogAdoption_LoudounCountyAnimalServices   INFO   New dog: REESE (A288394) (ID 288394)
2024-03-16 07:42:45 PM   DogAdoption_LoudounCountyAnimalServices   INFO   New dog: MISHA (A288399) (ID 288399)
2024-03-16 07:42:45 PM   DogAdoption_LoudounCountyAnimalServices   INFO   New dog: KRISTOFF (A288401) (ID 288401)
2024-03-16 07:42:45 PM   DogAdoption_LoudounCountyAnimalServices   INFO   Adopted dog: ROSSY (A273743) (ID 273743)
2024-03-16 08:03:33 PM   DogAdoption_LoudounCountyAnimalServices   INFO   Started running script
