2023-08-05 11:08:43 PM   DogAdoption_FairfaxCountyAnimalShelter, Line 441   INFO   Started running script
2023-08-05 11:08:45 PM   DogAdoption_FairfaxCountyAnimalShelter, Line 457   INFO   No change
2023-08-05 11:13:46 PM   DogAdoption_FairfaxCountyAnimalShelter, Line 457   INFO   No change
2023-08-05 11:18:48 PM   DogAdoption_FairfaxCountyAnimalShelter, Line 457   INFO   No change
2023-08-05 11:23:50 PM   DogAdoption_FairfaxCountyAnimalShelter, Line 457   INFO   No change
2023-08-05 11:28:52 PM   DogAdoption_FairfaxCountyAnimalShelter, Line 457   INFO   No change
2023-08-05 11:33:53 PM   DogAdoption_FairfaxCountyAnimalShelter, Line 457   INFO   No change
2023-08-05 11:38:55 PM   DogAdoption_FairfaxCountyAnimalShelter, Line 457   INFO   No change
2023-08-05 11:43:56 PM   DogAdoption_FairfaxCountyAnimalShelter, Line 457   INFO   No change
2023-08-05 11:48:57 PM   DogAdoption_FairfaxCountyAnimalShelter, Line 457   INFO   No change
2023-08-05 11:53:58 PM   DogAdoption_FairfaxCountyAnimalShelter, Line 457   INFO   No change
2023-08-05 11:58:59 PM   DogAdoption_FairfaxCountyAnimalShelter, Line 457   INFO   No change
2023-08-06 12:09:55 AM   DogAdoption_FairfaxCountyAnimalShelter, Line 457   INFO   No change
2023-08-06 08:00:57 AM   DogAdoption_FairfaxCountyAnimalShelter, Line 457   INFO   No change
2023-08-06 08:05:58 AM   DogAdoption_FairfaxCountyAnimalShelter, Line 457   INFO   No change
2023-08-06 08:10:59 AM   DogAdoption_FairfaxCountyAnimalShelter, Line 457   INFO   No change
2023-08-06 08:16:01 AM   DogAdoption_FairfaxCountyAnimalShelter, Line 457   INFO   No change
2023-08-06 08:21:02 AM   DogAdoption_FairfaxCountyAnimalShelter, Line 457   INFO   No change
2023-08-06 08:26:03 AM   DogAdoption_FairfaxCountyAnimalShelter, Line 457   INFO   No change
2023-08-06 08:31:04 AM   DogAdoption_FairfaxCountyAnimalShelter, Line 457   INFO   No change
2023-08-06 08:36:05 AM   DogAdoption_FairfaxCountyAnimalShelter, Line 457   INFO   No change
2023-08-06 08:41:06 AM   DogAdoption_FairfaxCountyAnimalShelter, Line 457   INFO   No change
2023-08-06 08:46:07 AM   DogAdoption_FairfaxCountyAnimalShelter, Line 457   INFO   No change
2023-08-06 08:51:08 AM   DogAdoption_FairfaxCountyAnimalShelter, Line 457   INFO   No change
2023-08-06 08:56:09 AM   DogAdoption_FairfaxCountyAnimalShelter, Line 457   INFO   No change
2023-08-06 09:01:10 AM   DogAdoption_FairfaxCountyAnimalShelter, Line 457   INFO   No change
2023-08-06 09:06:11 AM   DogAdoption_FairfaxCountyAnimalShelter, Line 457   INFO   No change
2023-08-06 09:11:12 AM   DogAdoption_FairfaxCountyAnimalShelter, Line 457   INFO   No change
2023-08-06 09:16:13 AM   DogAdoption_FairfaxCountyAnimalShelter, Line 457   INFO   No change
2023-08-06 09:21:14 AM   DogAdoption_FairfaxCountyAnimalShelter, Line 457   INFO   No change
2023-08-06 09:26:15 AM   DogAdoption_FairfaxCountyAnimalShelter, Line 457   INFO   No change
2023-08-06 09:31:16 AM   DogAdoption_FairfaxCountyAnimalShelter, Line 457   INFO   No change
2023-08-06 09:36:17 AM   DogAdoption_FairfaxCountyAnimalShelter, Line 457   INFO   No change
2023-08-06 09:41:18 AM   DogAdoption_FairfaxCountyAnimalShelter, Line 457   INFO   No change
2023-08-06 09:46:19 AM   DogAdoption_FairfaxCountyAnimalShelter, Line 457   INFO   No change
2023-08-06 09:51:20 AM   DogAdoption_FairfaxCountyAnimalShelter, Line 457   INFO   No change
2023-08-06 09:56:21 AM   DogAdoption_FairfaxCountyAnimalShelter, Line 457   INFO   No change
2023-08-06 10:01:22 AM   DogAdoption_FairfaxCountyAnimalShelter, Line 457   INFO   No change
2023-08-06 10:06:23 AM   DogAdoption_FairfaxCountyAnimalShelter, Line 457   INFO   No change
2023-08-06 10:11:24 AM   DogAdoption_FairfaxCountyAnimalShelter, Line 457   INFO   No change
2023-08-06 10:16:25 AM   DogAdoption_FairfaxCountyAnimalShelter, Line 457   INFO   No change
2023-08-06 10:21:26 AM   DogAdoption_FairfaxCountyAnimalShelter, Line 457   INFO   No change
2023-08-06 10:26:27 AM   DogAdoption_FairfaxCountyAnimalShelter, Line 457   INFO   No change
2023-08-06 10:31:28 AM   DogAdoption_FairfaxCountyAnimalShelter, Line 457   INFO   No change
2023-08-06 10:36:29 AM   DogAdoption_FairfaxCountyAnimalShelter, Line 457   INFO   No change
2023-08-06 10:41:30 AM   DogAdoption_FairfaxCountyAnimalShelter, Line 457   INFO   No change
2023-08-06 10:46:31 AM   DogAdoption_FairfaxCountyAnimalShelter, Line 457   INFO   No change
2023-08-06 10:51:32 AM   DogAdoption_FairfaxCountyAnimalShelter, Line 457   INFO   No change
2023-08-06 10:56:33 AM   DogAdoption_FairfaxCountyAnimalShelter, Line 457   INFO   No change
2023-08-06 11:01:34 AM   DogAdoption_FairfaxCountyAnimalShelter, Line 457   INFO   No change
2023-08-06 11:06:35 AM   DogAdoption_FairfaxCountyAnimalShelter, Line 457   INFO   No change
2023-08-06 11:11:36 AM   DogAdoption_FairfaxCountyAnimalShelter, Line 457   INFO   No change
2023-08-06 11:16:38 AM   DogAdoption_FairfaxCountyAnimalShelter, Line 457   INFO   No change
2023-08-06 11:21:39 AM   DogAdoption_FairfaxCountyAnimalShelter, Line 457   INFO   No change
2023-08-06 11:26:40 AM   DogAdoption_FairfaxCountyAnimalShelter, Line 457   INFO   No change
2023-08-06 11:31:41 AM   DogAdoption_FairfaxCountyAnimalShelter, Line 457   INFO   No change
2023-08-06 11:36:42 AM   DogAdoption_FairfaxCountyAnimalShelter, Line 457   INFO   No change
2023-08-06 11:41:43 AM   DogAdoption_FairfaxCountyAnimalShelter, Line 457   INFO   No change
2023-08-06 11:46:44 AM   DogAdoption_FairfaxCountyAnimalShelter, Line 457   INFO   No change
2023-08-06 11:51:46 AM   DogAdoption_FairfaxCountyAnimalShelter, Line 457   INFO   No change
2023-08-06 11:56:48 AM   DogAdoption_FairfaxCountyAnimalShelter, Line 457   INFO   No change
2023-08-06 12:01:49 PM   DogAdoption_FairfaxCountyAnimalShelter, Line 457   INFO   No change
2023-08-06 12:06:50 PM   DogAdoption_FairfaxCountyAnimalShelter, Line 457   INFO   No change
2023-08-06 12:11:52 PM   DogAdoption_FairfaxCountyAnimalShelter, Line 457   INFO   No change
2023-08-06 12:16:53 PM   DogAdoption_FairfaxCountyAnimalShelter, Line 457   INFO   No change
2023-08-06 12:21:55 PM   DogAdoption_FairfaxCountyAnimalShelter, Line 457   INFO   No change
2023-08-06 12:26:56 PM   DogAdoption_FairfaxCountyAnimalShelter, Line 457   INFO   No change
2023-08-06 12:31:57 PM   DogAdoption_FairfaxCountyAnimalShelter, Line 457   INFO   No change
2023-08-06 12:36:59 PM   DogAdoption_FairfaxCountyAnimalShelter, Line 457   INFO   No change
2023-08-06 12:42:00 PM   DogAdoption_FairfaxCountyAnimalShelter, Line 457   INFO   No change
2023-08-06 12:47:03 PM   DogAdoption_FairfaxCountyAnimalShelter, Line 461   INFO   Change in availability!
2023-08-06 12:52:07 PM   DogAdoption_FairfaxCountyAnimalShelter, Line 457   INFO   No change
2023-08-06 12:57:08 PM   DogAdoption_FairfaxCountyAnimalShelter, Line 457   INFO   No change
2023-08-06 01:02:09 PM   DogAdoption_FairfaxCountyAnimalShelter, Line 457   INFO   No change
2023-08-06 01:07:10 PM   DogAdoption_FairfaxCountyAnimalShelter, Line 457   INFO   No change
2023-08-06 01:12:12 PM   DogAdoption_FairfaxCountyAnimalShelter, Line 457   INFO   No change
2023-08-06 01:17:13 PM   DogAdoption_FairfaxCountyAnimalShelter, Line 457   INFO   No change
2023-08-06 01:22:14 PM   DogAdoption_FairfaxCountyAnimalShelter, Line 457   INFO   No change
2023-08-06 01:27:17 PM   DogAdoption_FairfaxCountyAnimalShelter, Line 457   INFO   No change
2023-08-06 01:32:19 PM   DogAdoption_FairfaxCountyAnimalShelter, Line 461   INFO   Change in availability!
2023-08-06 01:37:21 PM   DogAdoption_FairfaxCountyAnimalShelter, Line 457   INFO   No change
2023-08-06 01:42:22 PM   DogAdoption_FairfaxCountyAnimalShelter, Line 457   INFO   No change
2023-08-06 01:47:23 PM   DogAdoption_FairfaxCountyAnimalShelter, Line 457   INFO   No change
2023-08-06 01:52:24 PM   DogAdoption_FairfaxCountyAnimalShelter, Line 457   INFO   No change
2023-08-06 01:57:25 PM   DogAdoption_FairfaxCountyAnimalShelter, Line 457   INFO   No change
2023-08-06 02:02:26 PM   DogAdoption_FairfaxCountyAnimalShelter, Line 457   INFO   No change
2023-08-06 02:07:27 PM   DogAdoption_FairfaxCountyAnimalShelter, Line 457   INFO   No change
2023-08-06 02:12:29 PM   DogAdoption_FairfaxCountyAnimalShelter, Line 457   INFO   No change
2023-08-06 02:17:31 PM   DogAdoption_FairfaxCountyAnimalShelter, Line 457   INFO   No change
2023-08-06 02:22:32 PM   DogAdoption_FairfaxCountyAnimalShelter, Line 457   INFO   No change
2023-08-06 02:27:33 PM   DogAdoption_FairfaxCountyAnimalShelter, Line 457   INFO   No change
2023-08-06 02:32:34 PM   DogAdoption_FairfaxCountyAnimalShelter, Line 457   INFO   No change
2023-08-06 02:37:36 PM   DogAdoption_FairfaxCountyAnimalShelter, Line 457   INFO   No change
2023-08-06 02:39:46 PM   DogAdoption_FairfaxCountyAnimalShelter, Line 444   INFO   Started running script
2023-08-06 02:39:49 PM   DogAdoption_FairfaxCountyAnimalShelter, Line 488   ERROR   Unable to connect to or scrape website
2023-08-06 02:43:50 PM   DogAdoption_FairfaxCountyAnimalShelter, Line 444   INFO   Started running script
2023-08-06 02:43:51 PM   DogAdoption_FairfaxCountyAnimalShelter, Line 490   ERROR   Unable to connect to or scrape website
2023-08-06 02:46:22 PM   DogAdoption_FairfaxCountyAnimalShelter, Line 444   INFO   Started running script
2023-08-06 02:46:24 PM   DogAdoption_FairfaxCountyAnimalShelter, Line 464   INFO   No change
2023-08-06 02:46:36 PM   DogAdoption_FairfaxCountyAnimalShelter, Line 444   INFO   Started running script
2023-08-06 02:46:37 PM   DogAdoption_FairfaxCountyAnimalShelter, Line 462   INFO   No change
2023-08-06 02:47:17 PM   DogAdoption_FairfaxCountyAnimalShelter, Line 444   INFO   Started running script
2023-08-06 02:52:23 PM   DogAdoption_FairfaxCountyAnimalShelter, Line 462   INFO   No change
2023-08-06 02:57:23 PM   DogAdoption_FairfaxCountyAnimalShelter, Line 488   ERROR   Unable to connect to or scrape website
2023-08-06 02:57:36 PM   DogAdoption_FairfaxCountyAnimalShelter, Line 444   INFO   Started running script
2023-08-06 02:58:24 PM   DogAdoption_FairfaxCountyAnimalShelter, Line 444   INFO   Started running script
2023-08-06 04:33:02 PM   DogAdoption_FairfaxCountyAnimalShelter, Line 444   INFO   Started running script
2023-08-06 04:44:16 PM   DogAdoption_FairfaxCountyAnimalShelter, Line 478   INFO   Adopted dog: Enzo (ID 52859605)
2023-08-06 10:28:51 PM   DogAdoption_FairfaxCountyAnimalShelter, Line 490   ERROR   Unable to connect to or scrape website
2023-08-07 09:00:02 AM   DogAdoption_FairfaxCountyAnimalShelter, Line 490   ERROR   Unable to connect to or scrape website
2023-08-07 09:02:17 AM   DogAdoption_FairfaxCountyAnimalShelter, Line 490   ERROR   Unable to connect to or scrape website
2023-08-07 09:04:32 AM   DogAdoption_FairfaxCountyAnimalShelter, Line 490   ERROR   Unable to connect to or scrape website
2023-08-07 09:06:47 AM   DogAdoption_FairfaxCountyAnimalShelter, Line 490   ERROR   Unable to connect to or scrape website
2023-08-07 09:09:08 AM   DogAdoption_FairfaxCountyAnimalShelter, Line 490   ERROR   Unable to connect to or scrape website
2023-08-07 09:11:28 AM   DogAdoption_FairfaxCountyAnimalShelter, Line 490   ERROR   Unable to connect to or scrape website
2023-08-07 09:13:48 AM   DogAdoption_FairfaxCountyAnimalShelter, Line 490   ERROR   Unable to connect to or scrape website
2023-08-07 09:16:08 AM   DogAdoption_FairfaxCountyAnimalShelter, Line 490   ERROR   Unable to connect to or scrape website
2023-08-07 09:17:28 AM   DogAdoption_FairfaxCountyAnimalShelter, Line 490   ERROR   Unable to connect to or scrape website
2023-08-07 09:18:49 AM   DogAdoption_FairfaxCountyAnimalShelter, Line 490   ERROR   Unable to connect to or scrape website
2023-08-07 09:20:09 AM   DogAdoption_FairfaxCountyAnimalShelter, Line 490   ERROR   Unable to connect to or scrape website
2023-08-07 09:21:30 AM   DogAdoption_FairfaxCountyAnimalShelter, Line 490   ERROR   Unable to connect to or scrape website
2023-08-07 09:22:50 AM   DogAdoption_FairfaxCountyAnimalShelter, Line 490   ERROR   Unable to connect to or scrape website
2023-08-07 09:24:11 AM   DogAdoption_FairfaxCountyAnimalShelter, Line 490   ERROR   Unable to connect to or scrape website
2023-08-07 09:25:32 AM   DogAdoption_FairfaxCountyAnimalShelter, Line 490   ERROR   Unable to connect to or scrape website
2023-08-07 09:26:52 AM   DogAdoption_FairfaxCountyAnimalShelter, Line 490   ERROR   Unable to connect to or scrape website
2023-08-07 09:28:13 AM   DogAdoption_FairfaxCountyAnimalShelter, Line 490   ERROR   Unable to connect to or scrape website
2023-08-07 09:29:34 AM   DogAdoption_FairfaxCountyAnimalShelter, Line 490   ERROR   Unable to connect to or scrape website
2023-08-07 09:30:54 AM   DogAdoption_FairfaxCountyAnimalShelter, Line 490   ERROR   Unable to connect to or scrape website
2023-08-07 09:32:15 AM   DogAdoption_FairfaxCountyAnimalShelter, Line 490   ERROR   Unable to connect to or scrape website
2023-08-07 09:33:36 AM   DogAdoption_FairfaxCountyAnimalShelter, Line 490   ERROR   Unable to connect to or scrape website
2023-08-07 09:34:56 AM   DogAdoption_FairfaxCountyAnimalShelter, Line 490   ERROR   Unable to connect to or scrape website
2023-08-07 09:36:17 AM   DogAdoption_FairfaxCountyAnimalShelter, Line 490   ERROR   Unable to connect to or scrape website
2023-08-07 09:37:37 AM   DogAdoption_FairfaxCountyAnimalShelter, Line 490   ERROR   Unable to connect to or scrape website
2023-08-07 09:38:57 AM   DogAdoption_FairfaxCountyAnimalShelter, Line 490   ERROR   Unable to connect to or scrape website
2023-08-07 09:40:18 AM   DogAdoption_FairfaxCountyAnimalShelter, Line 490   ERROR   Unable to connect to or scrape website
2023-08-07 09:41:39 AM   DogAdoption_FairfaxCountyAnimalShelter, Line 490   ERROR   Unable to connect to or scrape website
2023-08-07 09:42:59 AM   DogAdoption_FairfaxCountyAnimalShelter, Line 490   ERROR   Unable to connect to or scrape website
2023-08-07 09:44:20 AM   DogAdoption_FairfaxCountyAnimalShelter, Line 490   ERROR   Unable to connect to or scrape website
2023-08-07 09:45:40 AM   DogAdoption_FairfaxCountyAnimalShelter, Line 490   ERROR   Unable to connect to or scrape website
2023-08-07 09:47:01 AM   DogAdoption_FairfaxCountyAnimalShelter, Line 490   ERROR   Unable to connect to or scrape website
2023-08-07 09:48:21 AM   DogAdoption_FairfaxCountyAnimalShelter, Line 490   ERROR   Unable to connect to or scrape website
2023-08-07 09:49:42 AM   DogAdoption_FairfaxCountyAnimalShelter, Line 490   ERROR   Unable to connect to or scrape website
2023-08-07 09:51:02 AM   DogAdoption_FairfaxCountyAnimalShelter, Line 490   ERROR   Unable to connect to or scrape website
2023-08-07 09:52:22 AM   DogAdoption_FairfaxCountyAnimalShelter, Line 490   ERROR   Unable to connect to or scrape website
2023-08-07 09:53:43 AM   DogAdoption_FairfaxCountyAnimalShelter, Line 490   ERROR   Unable to connect to or scrape website
2023-08-07 09:55:04 AM   DogAdoption_FairfaxCountyAnimalShelter, Line 490   ERROR   Unable to connect to or scrape website
2023-08-07 09:56:25 AM   DogAdoption_FairfaxCountyAnimalShelter, Line 490   ERROR   Unable to connect to or scrape website
2023-08-07 09:57:46 AM   DogAdoption_FairfaxCountyAnimalShelter, Line 490   ERROR   Unable to connect to or scrape website
2023-08-07 09:59:06 AM   DogAdoption_FairfaxCountyAnimalShelter, Line 490   ERROR   Unable to connect to or scrape website
2023-08-07 10:00:27 AM   DogAdoption_FairfaxCountyAnimalShelter, Line 490   ERROR   Unable to connect to or scrape website
2023-08-07 10:01:47 AM   DogAdoption_FairfaxCountyAnimalShelter, Line 490   ERROR   Unable to connect to or scrape website
2023-08-07 10:03:08 AM   DogAdoption_FairfaxCountyAnimalShelter, Line 490   ERROR   Unable to connect to or scrape website
2023-08-07 10:04:29 AM   DogAdoption_FairfaxCountyAnimalShelter, Line 490   ERROR   Unable to connect to or scrape website
2023-08-07 10:05:49 AM   DogAdoption_FairfaxCountyAnimalShelter, Line 490   ERROR   Unable to connect to or scrape website
2023-08-07 10:07:09 AM   DogAdoption_FairfaxCountyAnimalShelter, Line 490   ERROR   Unable to connect to or scrape website
2023-08-07 10:08:30 AM   DogAdoption_FairfaxCountyAnimalShelter, Line 490   ERROR   Unable to connect to or scrape website
2023-08-07 10:09:50 AM   DogAdoption_FairfaxCountyAnimalShelter, Line 490   ERROR   Unable to connect to or scrape website
2023-08-07 10:11:11 AM   DogAdoption_FairfaxCountyAnimalShelter, Line 490   ERROR   Unable to connect to or scrape website
2023-08-07 10:12:31 AM   DogAdoption_FairfaxCountyAnimalShelter, Line 490   ERROR   Unable to connect to or scrape website
2023-08-07 10:13:51 AM   DogAdoption_FairfaxCountyAnimalShelter, Line 490   ERROR   Unable to connect to or scrape website
2023-08-07 10:15:12 AM   DogAdoption_FairfaxCountyAnimalShelter, Line 490   ERROR   Unable to connect to or scrape website
2023-08-07 10:16:32 AM   DogAdoption_FairfaxCountyAnimalShelter, Line 490   ERROR   Unable to connect to or scrape website
2023-08-07 10:17:53 AM   DogAdoption_FairfaxCountyAnimalShelter, Line 490   ERROR   Unable to connect to or scrape website
2023-08-07 10:19:14 AM   DogAdoption_FairfaxCountyAnimalShelter, Line 490   ERROR   Unable to connect to or scrape website
2023-08-07 10:20:34 AM   DogAdoption_FairfaxCountyAnimalShelter, Line 490   ERROR   Unable to connect to or scrape website
2023-08-07 10:21:55 AM   DogAdoption_FairfaxCountyAnimalShelter, Line 490   ERROR   Unable to connect to or scrape website
2023-08-07 10:23:16 AM   DogAdoption_FairfaxCountyAnimalShelter, Line 490   ERROR   Unable to connect to or scrape website
2023-08-07 10:24:36 AM   DogAdoption_FairfaxCountyAnimalShelter, Line 490   ERROR   Unable to connect to or scrape website
2023-08-07 10:25:57 AM   DogAdoption_FairfaxCountyAnimalShelter, Line 490   ERROR   Unable to connect to or scrape website
2023-08-07 10:27:17 AM   DogAdoption_FairfaxCountyAnimalShelter, Line 490   ERROR   Unable to connect to or scrape website
2023-08-07 10:28:38 AM   DogAdoption_FairfaxCountyAnimalShelter, Line 490   ERROR   Unable to connect to or scrape website
2023-08-07 10:29:58 AM   DogAdoption_FairfaxCountyAnimalShelter, Line 490   ERROR   Unable to connect to or scrape website
2023-08-07 10:31:19 AM   DogAdoption_FairfaxCountyAnimalShelter, Line 490   ERROR   Unable to connect to or scrape website
2023-08-07 10:32:39 AM   DogAdoption_FairfaxCountyAnimalShelter, Line 490   ERROR   Unable to connect to or scrape website
2023-08-07 10:33:59 AM   DogAdoption_FairfaxCountyAnimalShelter, Line 490   ERROR   Unable to connect to or scrape website
2023-08-07 10:35:20 AM   DogAdoption_FairfaxCountyAnimalShelter, Line 490   ERROR   Unable to connect to or scrape website
2023-08-07 10:36:40 AM   DogAdoption_FairfaxCountyAnimalShelter, Line 490   ERROR   Unable to connect to or scrape website
2023-08-07 10:38:01 AM   DogAdoption_FairfaxCountyAnimalShelter, Line 490   ERROR   Unable to connect to or scrape website
2023-08-07 10:39:22 AM   DogAdoption_FairfaxCountyAnimalShelter, Line 490   ERROR   Unable to connect to or scrape website
2023-08-07 10:40:42 AM   DogAdoption_FairfaxCountyAnimalShelter, Line 490   ERROR   Unable to connect to or scrape website
2023-08-07 10:42:03 AM   DogAdoption_FairfaxCountyAnimalShelter, Line 490   ERROR   Unable to connect to or scrape website
2023-08-07 10:43:24 AM   DogAdoption_FairfaxCountyAnimalShelter, Line 490   ERROR   Unable to connect to or scrape website
2023-08-07 10:44:44 AM   DogAdoption_FairfaxCountyAnimalShelter, Line 490   ERROR   Unable to connect to or scrape website
2023-08-07 10:46:05 AM   DogAdoption_FairfaxCountyAnimalShelter, Line 490   ERROR   Unable to connect to or scrape website
2023-08-07 10:47:25 AM   DogAdoption_FairfaxCountyAnimalShelter, Line 490   ERROR   Unable to connect to or scrape website
2023-08-07 10:48:45 AM   DogAdoption_FairfaxCountyAnimalShelter, Line 490   ERROR   Unable to connect to or scrape website
2023-08-07 10:50:06 AM   DogAdoption_FairfaxCountyAnimalShelter, Line 490   ERROR   Unable to connect to or scrape website
2023-08-07 10:51:26 AM   DogAdoption_FairfaxCountyAnimalShelter, Line 490   ERROR   Unable to connect to or scrape website
2023-08-07 10:52:47 AM   DogAdoption_FairfaxCountyAnimalShelter, Line 490   ERROR   Unable to connect to or scrape website
2023-08-07 10:54:07 AM   DogAdoption_FairfaxCountyAnimalShelter, Line 490   ERROR   Unable to connect to or scrape website
2023-08-07 10:55:28 AM   DogAdoption_FairfaxCountyAnimalShelter, Line 490   ERROR   Unable to connect to or scrape website
2023-08-07 10:56:48 AM   DogAdoption_FairfaxCountyAnimalShelter, Line 490   ERROR   Unable to connect to or scrape website
2023-08-07 10:58:08 AM   DogAdoption_FairfaxCountyAnimalShelter, Line 490   ERROR   Unable to connect to or scrape website
2023-08-07 10:59:29 AM   DogAdoption_FairfaxCountyAnimalShelter, Line 490   ERROR   Unable to connect to or scrape website
2023-08-07 11:00:49 AM   DogAdoption_FairfaxCountyAnimalShelter, Line 490   ERROR   Unable to connect to or scrape website
2023-08-07 11:02:10 AM   DogAdoption_FairfaxCountyAnimalShelter, Line 490   ERROR   Unable to connect to or scrape website
2023-08-07 11:03:30 AM   DogAdoption_FairfaxCountyAnimalShelter, Line 490   ERROR   Unable to connect to or scrape website
2023-08-07 11:04:51 AM   DogAdoption_FairfaxCountyAnimalShelter, Line 490   ERROR   Unable to connect to or scrape website
2023-08-07 11:06:11 AM   DogAdoption_FairfaxCountyAnimalShelter, Line 490   ERROR   Unable to connect to or scrape website
2023-08-07 11:07:32 AM   DogAdoption_FairfaxCountyAnimalShelter, Line 490   ERROR   Unable to connect to or scrape website
2023-08-07 11:08:52 AM   DogAdoption_FairfaxCountyAnimalShelter, Line 490   ERROR   Unable to connect to or scrape website
2023-08-07 11:10:12 AM   DogAdoption_FairfaxCountyAnimalShelter, Line 490   ERROR   Unable to connect to or scrape website
2023-08-07 11:11:33 AM   DogAdoption_FairfaxCountyAnimalShelter, Line 490   ERROR   Unable to connect to or scrape website
2023-08-07 11:12:53 AM   DogAdoption_FairfaxCountyAnimalShelter, Line 490   ERROR   Unable to connect to or scrape website
2023-08-07 11:14:14 AM   DogAdoption_FairfaxCountyAnimalShelter, Line 490   ERROR   Unable to connect to or scrape website
2023-08-07 11:15:34 AM   DogAdoption_FairfaxCountyAnimalShelter, Line 490   ERROR   Unable to connect to or scrape website
2023-08-07 11:16:55 AM   DogAdoption_FairfaxCountyAnimalShelter, Line 490   ERROR   Unable to connect to or scrape website
2023-08-07 11:18:15 AM   DogAdoption_FairfaxCountyAnimalShelter, Line 490   ERROR   Unable to connect to or scrape website
2023-08-07 11:19:36 AM   DogAdoption_FairfaxCountyAnimalShelter, Line 490   ERROR   Unable to connect to or scrape website
2023-08-07 11:20:56 AM   DogAdoption_FairfaxCountyAnimalShelter, Line 490   ERROR   Unable to connect to or scrape website
2023-08-07 11:51:28 AM   DogAdoption_FairfaxCountyAnimalShelter, Line 474   INFO   New dog: Neptune (ID 53740046)
2023-08-08 11:23:52 AM   DogAdoption_FairfaxCountyAnimalShelter, Line 490   ERROR   Unable to connect to or scrape website
2023-08-08 11:24:58 AM   DogAdoption_FairfaxCountyAnimalShelter, Line 490   ERROR   Unable to connect to or scrape website
2023-08-08 11:25:59 AM   DogAdoption_FairfaxCountyAnimalShelter, Line 490   ERROR   Unable to connect to or scrape website
2023-08-08 11:27:00 AM   DogAdoption_FairfaxCountyAnimalShelter, Line 490   ERROR   Unable to connect to or scrape website
2023-08-08 11:28:01 AM   DogAdoption_FairfaxCountyAnimalShelter, Line 490   ERROR   Unable to connect to or scrape website
2023-08-08 11:29:03 AM   DogAdoption_FairfaxCountyAnimalShelter, Line 490   ERROR   Unable to connect to or scrape website
2023-08-08 11:30:05 AM   DogAdoption_FairfaxCountyAnimalShelter, Line 490   ERROR   Unable to connect to or scrape website
2023-08-08 11:31:10 AM   DogAdoption_FairfaxCountyAnimalShelter, Line 490   ERROR   Unable to connect to or scrape website
2023-08-08 11:32:17 AM   DogAdoption_FairfaxCountyAnimalShelter, Line 490   ERROR   Unable to connect to or scrape website
2023-08-08 11:33:24 AM   DogAdoption_FairfaxCountyAnimalShelter, Line 490   ERROR   Unable to connect to or scrape website
2023-08-08 11:34:25 AM   DogAdoption_FairfaxCountyAnimalShelter, Line 490   ERROR   Unable to connect to or scrape website
2023-08-08 11:35:26 AM   DogAdoption_FairfaxCountyAnimalShelter, Line 490   ERROR   Unable to connect to or scrape website
2023-08-08 11:36:27 AM   DogAdoption_FairfaxCountyAnimalShelter, Line 490   ERROR   Unable to connect to or scrape website
2023-08-08 11:37:29 AM   DogAdoption_FairfaxCountyAnimalShelter, Line 490   ERROR   Unable to connect to or scrape website
2023-08-08 11:38:30 AM   DogAdoption_FairfaxCountyAnimalShelter, Line 490   ERROR   Unable to connect to or scrape website
2023-08-08 11:39:32 AM   DogAdoption_FairfaxCountyAnimalShelter, Line 490   ERROR   Unable to connect to or scrape website
2023-08-08 11:40:33 AM   DogAdoption_FairfaxCountyAnimalShelter, Line 490   ERROR   Unable to connect to or scrape website
2023-08-08 11:41:34 AM   DogAdoption_FairfaxCountyAnimalShelter, Line 490   ERROR   Unable to connect to or scrape website
2023-08-08 11:42:35 AM   DogAdoption_FairfaxCountyAnimalShelter, Line 490   ERROR   Unable to connect to or scrape website
2023-08-08 11:43:37 AM   DogAdoption_FairfaxCountyAnimalShelter, Line 490   ERROR   Unable to connect to or scrape website
2023-08-08 11:44:38 AM   DogAdoption_FairfaxCountyAnimalShelter, Line 490   ERROR   Unable to connect to or scrape website
2023-08-08 11:45:40 AM   DogAdoption_FairfaxCountyAnimalShelter, Line 490   ERROR   Unable to connect to or scrape website
2023-08-08 11:46:41 AM   DogAdoption_FairfaxCountyAnimalShelter, Line 490   ERROR   Unable to connect to or scrape website
2023-08-08 11:47:42 AM   DogAdoption_FairfaxCountyAnimalShelter, Line 490   ERROR   Unable to connect to or scrape website
2023-08-08 11:48:43 AM   DogAdoption_FairfaxCountyAnimalShelter, Line 490   ERROR   Unable to connect to or scrape website
2023-08-08 11:49:44 AM   DogAdoption_FairfaxCountyAnimalShelter, Line 490   ERROR   Unable to connect to or scrape website
2023-08-08 11:50:46 AM   DogAdoption_FairfaxCountyAnimalShelter, Line 490   ERROR   Unable to connect to or scrape website
2023-08-08 11:51:47 AM   DogAdoption_FairfaxCountyAnimalShelter, Line 490   ERROR   Unable to connect to or scrape website
2023-08-08 11:52:48 AM   DogAdoption_FairfaxCountyAnimalShelter, Line 490   ERROR   Unable to connect to or scrape website
2023-08-08 11:53:49 AM   DogAdoption_FairfaxCountyAnimalShelter, Line 490   ERROR   Unable to connect to or scrape website
2023-08-08 11:54:50 AM   DogAdoption_FairfaxCountyAnimalShelter, Line 490   ERROR   Unable to connect to or scrape website
2023-08-08 11:55:51 AM   DogAdoption_FairfaxCountyAnimalShelter, Line 490   ERROR   Unable to connect to or scrape website
2023-08-08 11:56:53 AM   DogAdoption_FairfaxCountyAnimalShelter, Line 490   ERROR   Unable to connect to or scrape website
2023-08-08 11:57:54 AM   DogAdoption_FairfaxCountyAnimalShelter, Line 490   ERROR   Unable to connect to or scrape website
2023-08-08 11:58:55 AM   DogAdoption_FairfaxCountyAnimalShelter, Line 490   ERROR   Unable to connect to or scrape website
2023-08-08 11:59:56 AM   DogAdoption_FairfaxCountyAnimalShelter, Line 490   ERROR   Unable to connect to or scrape website
2023-08-08 12:00:57 PM   DogAdoption_FairfaxCountyAnimalShelter, Line 490   ERROR   Unable to connect to or scrape website
2023-08-08 12:01:58 PM   DogAdoption_FairfaxCountyAnimalShelter, Line 490   ERROR   Unable to connect to or scrape website
2023-08-08 12:02:59 PM   DogAdoption_FairfaxCountyAnimalShelter, Line 490   ERROR   Unable to connect to or scrape website
2023-08-08 12:04:00 PM   DogAdoption_FairfaxCountyAnimalShelter, Line 490   ERROR   Unable to connect to or scrape website
2023-08-08 12:05:01 PM   DogAdoption_FairfaxCountyAnimalShelter, Line 490   ERROR   Unable to connect to or scrape website
2023-08-08 12:06:02 PM   DogAdoption_FairfaxCountyAnimalShelter, Line 490   ERROR   Unable to connect to or scrape website
2023-08-08 12:07:03 PM   DogAdoption_FairfaxCountyAnimalShelter, Line 490   ERROR   Unable to connect to or scrape website
2023-08-08 12:08:04 PM   DogAdoption_FairfaxCountyAnimalShelter, Line 490   ERROR   Unable to connect to or scrape website
2023-08-08 12:09:05 PM   DogAdoption_FairfaxCountyAnimalShelter, Line 490   ERROR   Unable to connect to or scrape website
2023-08-08 12:10:06 PM   DogAdoption_FairfaxCountyAnimalShelter, Line 490   ERROR   Unable to connect to or scrape website
2023-08-08 12:11:08 PM   DogAdoption_FairfaxCountyAnimalShelter, Line 490   ERROR   Unable to connect to or scrape website
2023-08-08 12:12:09 PM   DogAdoption_FairfaxCountyAnimalShelter, Line 490   ERROR   Unable to connect to or scrape website
2023-08-08 12:13:10 PM   DogAdoption_FairfaxCountyAnimalShelter, Line 490   ERROR   Unable to connect to or scrape website
2023-08-08 12:14:11 PM   DogAdoption_FairfaxCountyAnimalShelter, Line 490   ERROR   Unable to connect to or scrape website
2023-08-08 12:15:12 PM   DogAdoption_FairfaxCountyAnimalShelter, Line 490   ERROR   Unable to connect to or scrape website
2023-08-08 12:16:13 PM   DogAdoption_FairfaxCountyAnimalShelter, Line 490   ERROR   Unable to connect to or scrape website
2023-08-08 12:17:14 PM   DogAdoption_FairfaxCountyAnimalShelter, Line 490   ERROR   Unable to connect to or scrape website
2023-08-08 12:18:15 PM   DogAdoption_FairfaxCountyAnimalShelter, Line 490   ERROR   Unable to connect to or scrape website
2023-08-08 12:19:16 PM   DogAdoption_FairfaxCountyAnimalShelter, Line 490   ERROR   Unable to connect to or scrape website
2023-08-08 12:20:17 PM   DogAdoption_FairfaxCountyAnimalShelter, Line 490   ERROR   Unable to connect to or scrape website
2023-08-08 12:21:18 PM   DogAdoption_FairfaxCountyAnimalShelter, Line 490   ERROR   Unable to connect to or scrape website
2023-08-08 12:22:19 PM   DogAdoption_FairfaxCountyAnimalShelter, Line 490   ERROR   Unable to connect to or scrape website
2023-08-08 12:23:20 PM   DogAdoption_FairfaxCountyAnimalShelter, Line 490   ERROR   Unable to connect to or scrape website
2023-08-08 12:24:21 PM   DogAdoption_FairfaxCountyAnimalShelter, Line 490   ERROR   Unable to connect to or scrape website
2023-08-08 12:25:23 PM   DogAdoption_FairfaxCountyAnimalShelter, Line 490   ERROR   Unable to connect to or scrape website
2023-08-08 12:26:24 PM   DogAdoption_FairfaxCountyAnimalShelter, Line 490   ERROR   Unable to connect to or scrape website
2023-08-08 12:27:26 PM   DogAdoption_FairfaxCountyAnimalShelter, Line 490   ERROR   Unable to connect to or scrape website
2023-08-08 12:28:27 PM   DogAdoption_FairfaxCountyAnimalShelter, Line 490   ERROR   Unable to connect to or scrape website
2023-08-08 12:29:28 PM   DogAdoption_FairfaxCountyAnimalShelter, Line 490   ERROR   Unable to connect to or scrape website
2023-08-08 12:30:29 PM   DogAdoption_FairfaxCountyAnimalShelter, Line 490   ERROR   Unable to connect to or scrape website
2023-08-08 12:31:30 PM   DogAdoption_FairfaxCountyAnimalShelter, Line 490   ERROR   Unable to connect to or scrape website
2023-08-08 12:32:31 PM   DogAdoption_FairfaxCountyAnimalShelter, Line 490   ERROR   Unable to connect to or scrape website
2023-08-08 12:33:32 PM   DogAdoption_FairfaxCountyAnimalShelter, Line 490   ERROR   Unable to connect to or scrape website
2023-08-08 12:34:33 PM   DogAdoption_FairfaxCountyAnimalShelter, Line 490   ERROR   Unable to connect to or scrape website
2023-08-08 12:35:34 PM   DogAdoption_FairfaxCountyAnimalShelter, Line 490   ERROR   Unable to connect to or scrape website
2023-08-08 12:36:35 PM   DogAdoption_FairfaxCountyAnimalShelter, Line 490   ERROR   Unable to connect to or scrape website
2023-08-08 12:37:36 PM   DogAdoption_FairfaxCountyAnimalShelter, Line 490   ERROR   Unable to connect to or scrape website
2023-08-08 12:38:37 PM   DogAdoption_FairfaxCountyAnimalShelter, Line 490   ERROR   Unable to connect to or scrape website
2023-08-08 12:39:39 PM   DogAdoption_FairfaxCountyAnimalShelter, Line 490   ERROR   Unable to connect to or scrape website
2023-08-08 12:40:40 PM   DogAdoption_FairfaxCountyAnimalShelter, Line 490   ERROR   Unable to connect to or scrape website
2023-08-08 12:41:41 PM   DogAdoption_FairfaxCountyAnimalShelter, Line 490   ERROR   Unable to connect to or scrape website
2023-08-08 12:42:42 PM   DogAdoption_FairfaxCountyAnimalShelter, Line 490   ERROR   Unable to connect to or scrape website
2023-08-08 12:43:43 PM   DogAdoption_FairfaxCountyAnimalShelter, Line 490   ERROR   Unable to connect to or scrape website
2023-08-08 12:44:44 PM   DogAdoption_FairfaxCountyAnimalShelter, Line 490   ERROR   Unable to connect to or scrape website
2023-08-08 12:45:45 PM   DogAdoption_FairfaxCountyAnimalShelter, Line 490   ERROR   Unable to connect to or scrape website
2023-08-08 12:46:46 PM   DogAdoption_FairfaxCountyAnimalShelter, Line 490   ERROR   Unable to connect to or scrape website
2023-08-08 12:47:47 PM   DogAdoption_FairfaxCountyAnimalShelter, Line 490   ERROR   Unable to connect to or scrape website
2023-08-08 12:48:48 PM   DogAdoption_FairfaxCountyAnimalShelter, Line 490   ERROR   Unable to connect to or scrape website
2023-08-08 12:49:49 PM   DogAdoption_FairfaxCountyAnimalShelter, Line 490   ERROR   Unable to connect to or scrape website
2023-08-08 12:50:50 PM   DogAdoption_FairfaxCountyAnimalShelter, Line 490   ERROR   Unable to connect to or scrape website
2023-08-08 12:51:51 PM   DogAdoption_FairfaxCountyAnimalShelter, Line 490   ERROR   Unable to connect to or scrape website
2023-08-08 12:52:52 PM   DogAdoption_FairfaxCountyAnimalShelter, Line 490   ERROR   Unable to connect to or scrape website
2023-08-08 12:53:52 PM   DogAdoption_FairfaxCountyAnimalShelter, Line 490   ERROR   Unable to connect to or scrape website
2023-08-08 12:54:53 PM   DogAdoption_FairfaxCountyAnimalShelter, Line 490   ERROR   Unable to connect to or scrape website
2023-08-08 12:55:54 PM   DogAdoption_FairfaxCountyAnimalShelter, Line 490   ERROR   Unable to connect to or scrape website
2023-08-08 12:56:56 PM   DogAdoption_FairfaxCountyAnimalShelter, Line 490   ERROR   Unable to connect to or scrape website
2023-08-08 12:57:57 PM   DogAdoption_FairfaxCountyAnimalShelter, Line 490   ERROR   Unable to connect to or scrape website
2023-08-08 12:58:58 PM   DogAdoption_FairfaxCountyAnimalShelter, Line 490   ERROR   Unable to connect to or scrape website
2023-08-08 12:59:59 PM   DogAdoption_FairfaxCountyAnimalShelter, Line 490   ERROR   Unable to connect to or scrape website
2023-08-08 01:01:01 PM   DogAdoption_FairfaxCountyAnimalShelter, Line 490   ERROR   Unable to connect to or scrape website
2023-08-08 01:02:02 PM   DogAdoption_FairfaxCountyAnimalShelter, Line 490   ERROR   Unable to connect to or scrape website
2023-08-08 01:03:03 PM   DogAdoption_FairfaxCountyAnimalShelter, Line 490   ERROR   Unable to connect to or scrape website
2023-08-08 01:04:04 PM   DogAdoption_FairfaxCountyAnimalShelter, Line 490   ERROR   Unable to connect to or scrape website
2023-08-08 01:05:05 PM   DogAdoption_FairfaxCountyAnimalShelter, Line 490   ERROR   Unable to connect to or scrape website
2023-08-08 01:06:06 PM   DogAdoption_FairfaxCountyAnimalShelter, Line 490   ERROR   Unable to connect to or scrape website
2023-08-08 01:07:06 PM   DogAdoption_FairfaxCountyAnimalShelter, Line 490   ERROR   Unable to connect to or scrape website
2023-08-08 01:08:07 PM   DogAdoption_FairfaxCountyAnimalShelter, Line 490   ERROR   Unable to connect to or scrape website
2023-08-08 01:09:08 PM   DogAdoption_FairfaxCountyAnimalShelter, Line 490   ERROR   Unable to connect to or scrape website
2023-08-08 01:10:10 PM   DogAdoption_FairfaxCountyAnimalShelter, Line 490   ERROR   Unable to connect to or scrape website
2023-08-08 01:11:12 PM   DogAdoption_FairfaxCountyAnimalShelter, Line 490   ERROR   Unable to connect to or scrape website
2023-08-08 01:12:13 PM   DogAdoption_FairfaxCountyAnimalShelter, Line 490   ERROR   Unable to connect to or scrape website
2023-08-08 01:13:14 PM   DogAdoption_FairfaxCountyAnimalShelter, Line 490   ERROR   Unable to connect to or scrape website
2023-08-08 01:14:15 PM   DogAdoption_FairfaxCountyAnimalShelter, Line 490   ERROR   Unable to connect to or scrape website
2023-08-08 01:15:16 PM   DogAdoption_FairfaxCountyAnimalShelter, Line 490   ERROR   Unable to connect to or scrape website
2023-08-08 01:16:17 PM   DogAdoption_FairfaxCountyAnimalShelter, Line 490   ERROR   Unable to connect to or scrape website
2023-08-08 01:17:18 PM   DogAdoption_FairfaxCountyAnimalShelter, Line 490   ERROR   Unable to connect to or scrape website
2023-08-08 01:18:19 PM   DogAdoption_FairfaxCountyAnimalShelter, Line 490   ERROR   Unable to connect to or scrape website
2023-08-08 01:19:21 PM   DogAdoption_FairfaxCountyAnimalShelter, Line 490   ERROR   Unable to connect to or scrape website
2023-08-08 01:20:22 PM   DogAdoption_FairfaxCountyAnimalShelter, Line 490   ERROR   Unable to connect to or scrape website
2023-08-08 01:21:23 PM   DogAdoption_FairfaxCountyAnimalShelter, Line 490   ERROR   Unable to connect to or scrape website
2023-08-08 01:22:24 PM   DogAdoption_FairfaxCountyAnimalShelter, Line 490   ERROR   Unable to connect to or scrape website
2023-08-08 01:23:25 PM   DogAdoption_FairfaxCountyAnimalShelter, Line 490   ERROR   Unable to connect to or scrape website
2023-08-08 01:24:26 PM   DogAdoption_FairfaxCountyAnimalShelter, Line 490   ERROR   Unable to connect to or scrape website
2023-08-08 01:25:27 PM   DogAdoption_FairfaxCountyAnimalShelter, Line 490   ERROR   Unable to connect to or scrape website
2023-08-08 01:26:28 PM   DogAdoption_FairfaxCountyAnimalShelter, Line 490   ERROR   Unable to connect to or scrape website
2023-08-08 01:27:29 PM   DogAdoption_FairfaxCountyAnimalShelter, Line 490   ERROR   Unable to connect to or scrape website
2023-08-08 01:28:30 PM   DogAdoption_FairfaxCountyAnimalShelter, Line 490   ERROR   Unable to connect to or scrape website
2023-08-08 01:29:31 PM   DogAdoption_FairfaxCountyAnimalShelter, Line 490   ERROR   Unable to connect to or scrape website
2023-08-08 01:30:32 PM   DogAdoption_FairfaxCountyAnimalShelter, Line 490   ERROR   Unable to connect to or scrape website
2023-08-08 01:31:34 PM   DogAdoption_FairfaxCountyAnimalShelter, Line 490   ERROR   Unable to connect to or scrape website
2023-08-08 01:32:35 PM   DogAdoption_FairfaxCountyAnimalShelter, Line 490   ERROR   Unable to connect to or scrape website
2023-08-08 01:33:36 PM   DogAdoption_FairfaxCountyAnimalShelter, Line 490   ERROR   Unable to connect to or scrape website
2023-08-08 01:34:37 PM   DogAdoption_FairfaxCountyAnimalShelter, Line 490   ERROR   Unable to connect to or scrape website
2023-08-08 01:35:38 PM   DogAdoption_FairfaxCountyAnimalShelter, Line 490   ERROR   Unable to connect to or scrape website
2023-08-08 01:36:39 PM   DogAdoption_FairfaxCountyAnimalShelter, Line 490   ERROR   Unable to connect to or scrape website
2023-08-08 01:37:40 PM   DogAdoption_FairfaxCountyAnimalShelter, Line 490   ERROR   Unable to connect to or scrape website
2023-08-08 01:38:41 PM   DogAdoption_FairfaxCountyAnimalShelter, Line 490   ERROR   Unable to connect to or scrape website
2023-08-08 01:39:42 PM   DogAdoption_FairfaxCountyAnimalShelter, Line 490   ERROR   Unable to connect to or scrape website
2023-08-08 01:40:43 PM   DogAdoption_FairfaxCountyAnimalShelter, Line 490   ERROR   Unable to connect to or scrape website
2023-08-08 01:41:44 PM   DogAdoption_FairfaxCountyAnimalShelter, Line 490   ERROR   Unable to connect to or scrape website
2023-08-08 01:42:45 PM   DogAdoption_FairfaxCountyAnimalShelter, Line 490   ERROR   Unable to connect to or scrape website
2023-08-08 01:43:46 PM   DogAdoption_FairfaxCountyAnimalShelter, Line 490   ERROR   Unable to connect to or scrape website
2023-08-08 01:44:47 PM   DogAdoption_FairfaxCountyAnimalShelter, Line 490   ERROR   Unable to connect to or scrape website
2023-08-08 01:45:48 PM   DogAdoption_FairfaxCountyAnimalShelter, Line 490   ERROR   Unable to connect to or scrape website
2023-08-08 01:46:49 PM   DogAdoption_FairfaxCountyAnimalShelter, Line 490   ERROR   Unable to connect to or scrape website
2023-08-08 01:47:50 PM   DogAdoption_FairfaxCountyAnimalShelter, Line 490   ERROR   Unable to connect to or scrape website
2023-08-08 01:48:52 PM   DogAdoption_FairfaxCountyAnimalShelter, Line 490   ERROR   Unable to connect to or scrape website
2023-08-08 01:49:53 PM   DogAdoption_FairfaxCountyAnimalShelter, Line 490   ERROR   Unable to connect to or scrape website
2023-08-08 01:50:54 PM   DogAdoption_FairfaxCountyAnimalShelter, Line 490   ERROR   Unable to connect to or scrape website
2023-08-08 01:51:57 PM   DogAdoption_FairfaxCountyAnimalShelter, Line 490   ERROR   Unable to connect to or scrape website
2023-08-08 01:52:58 PM   DogAdoption_FairfaxCountyAnimalShelter, Line 490   ERROR   Unable to connect to or scrape website
2023-08-08 01:53:59 PM   DogAdoption_FairfaxCountyAnimalShelter, Line 490   ERROR   Unable to connect to or scrape website
2023-08-08 01:55:00 PM   DogAdoption_FairfaxCountyAnimalShelter, Line 490   ERROR   Unable to connect to or scrape website
2023-08-08 01:56:01 PM   DogAdoption_FairfaxCountyAnimalShelter, Line 490   ERROR   Unable to connect to or scrape website
2023-08-08 01:57:02 PM   DogAdoption_FairfaxCountyAnimalShelter, Line 490   ERROR   Unable to connect to or scrape website
2023-08-08 01:58:03 PM   DogAdoption_FairfaxCountyAnimalShelter, Line 490   ERROR   Unable to connect to or scrape website
2023-08-08 01:59:04 PM   DogAdoption_FairfaxCountyAnimalShelter, Line 490   ERROR   Unable to connect to or scrape website
2023-08-08 02:00:05 PM   DogAdoption_FairfaxCountyAnimalShelter, Line 490   ERROR   Unable to connect to or scrape website
2023-08-08 02:01:06 PM   DogAdoption_FairfaxCountyAnimalShelter, Line 490   ERROR   Unable to connect to or scrape website
2023-08-08 02:02:07 PM   DogAdoption_FairfaxCountyAnimalShelter, Line 490   ERROR   Unable to connect to or scrape website
2023-08-08 02:03:08 PM   DogAdoption_FairfaxCountyAnimalShelter, Line 490   ERROR   Unable to connect to or scrape website
2023-08-08 02:04:09 PM   DogAdoption_FairfaxCountyAnimalShelter, Line 490   ERROR   Unable to connect to or scrape website
2023-08-08 02:05:10 PM   DogAdoption_FairfaxCountyAnimalShelter, Line 490   ERROR   Unable to connect to or scrape website
2023-08-08 02:06:11 PM   DogAdoption_FairfaxCountyAnimalShelter, Line 490   ERROR   Unable to connect to or scrape website
2023-08-08 02:07:12 PM   DogAdoption_FairfaxCountyAnimalShelter, Line 490   ERROR   Unable to connect to or scrape website
2023-08-08 02:08:13 PM   DogAdoption_FairfaxCountyAnimalShelter, Line 490   ERROR   Unable to connect to or scrape website
2023-08-08 02:09:14 PM   DogAdoption_FairfaxCountyAnimalShelter, Line 490   ERROR   Unable to connect to or scrape website
2023-08-08 02:10:15 PM   DogAdoption_FairfaxCountyAnimalShelter, Line 490   ERROR   Unable to connect to or scrape website
2023-08-08 02:11:17 PM   DogAdoption_FairfaxCountyAnimalShelter, Line 490   ERROR   Unable to connect to or scrape website
2023-08-08 02:12:18 PM   DogAdoption_FairfaxCountyAnimalShelter, Line 490   ERROR   Unable to connect to or scrape website
2023-08-08 02:13:19 PM   DogAdoption_FairfaxCountyAnimalShelter, Line 490   ERROR   Unable to connect to or scrape website
2023-08-08 02:14:20 PM   DogAdoption_FairfaxCountyAnimalShelter, Line 490   ERROR   Unable to connect to or scrape website
2023-08-08 02:15:21 PM   DogAdoption_FairfaxCountyAnimalShelter, Line 490   ERROR   Unable to connect to or scrape website
2023-08-08 02:16:22 PM   DogAdoption_FairfaxCountyAnimalShelter, Line 490   ERROR   Unable to connect to or scrape website
2023-08-08 02:17:23 PM   DogAdoption_FairfaxCountyAnimalShelter, Line 490   ERROR   Unable to connect to or scrape website
2023-08-08 02:18:24 PM   DogAdoption_FairfaxCountyAnimalShelter, Line 490   ERROR   Unable to connect to or scrape website
2023-08-08 02:19:25 PM   DogAdoption_FairfaxCountyAnimalShelter, Line 490   ERROR   Unable to connect to or scrape website
2023-08-08 02:20:27 PM   DogAdoption_FairfaxCountyAnimalShelter, Line 490   ERROR   Unable to connect to or scrape website
2023-08-08 02:21:28 PM   DogAdoption_FairfaxCountyAnimalShelter, Line 490   ERROR   Unable to connect to or scrape website
2023-08-08 02:22:29 PM   DogAdoption_FairfaxCountyAnimalShelter, Line 490   ERROR   Unable to connect to or scrape website
2023-08-08 02:23:30 PM   DogAdoption_FairfaxCountyAnimalShelter, Line 490   ERROR   Unable to connect to or scrape website
2023-08-08 02:24:32 PM   DogAdoption_FairfaxCountyAnimalShelter, Line 490   ERROR   Unable to connect to or scrape website
2023-08-08 02:25:33 PM   DogAdoption_FairfaxCountyAnimalShelter, Line 490   ERROR   Unable to connect to or scrape website
2023-08-08 02:26:34 PM   DogAdoption_FairfaxCountyAnimalShelter, Line 490   ERROR   Unable to connect to or scrape website
2023-08-08 02:27:35 PM   DogAdoption_FairfaxCountyAnimalShelter, Line 490   ERROR   Unable to connect to or scrape website
2023-08-08 02:28:36 PM   DogAdoption_FairfaxCountyAnimalShelter, Line 490   ERROR   Unable to connect to or scrape website
2023-08-08 02:29:37 PM   DogAdoption_FairfaxCountyAnimalShelter, Line 490   ERROR   Unable to connect to or scrape website
2023-08-08 02:30:39 PM   DogAdoption_FairfaxCountyAnimalShelter, Line 490   ERROR   Unable to connect to or scrape website
2023-08-08 02:31:40 PM   DogAdoption_FairfaxCountyAnimalShelter, Line 490   ERROR   Unable to connect to or scrape website
2023-08-08 02:32:41 PM   DogAdoption_FairfaxCountyAnimalShelter, Line 490   ERROR   Unable to connect to or scrape website
2023-08-08 02:33:42 PM   DogAdoption_FairfaxCountyAnimalShelter, Line 490   ERROR   Unable to connect to or scrape website
2023-08-08 02:34:43 PM   DogAdoption_FairfaxCountyAnimalShelter, Line 490   ERROR   Unable to connect to or scrape website
2023-08-08 02:35:44 PM   DogAdoption_FairfaxCountyAnimalShelter, Line 490   ERROR   Unable to connect to or scrape website
2023-08-08 02:36:45 PM   DogAdoption_FairfaxCountyAnimalShelter, Line 490   ERROR   Unable to connect to or scrape website
2023-08-08 02:37:46 PM   DogAdoption_FairfaxCountyAnimalShelter, Line 490   ERROR   Unable to connect to or scrape website
2023-08-08 02:38:47 PM   DogAdoption_FairfaxCountyAnimalShelter, Line 490   ERROR   Unable to connect to or scrape website
2023-08-08 02:39:48 PM   DogAdoption_FairfaxCountyAnimalShelter, Line 490   ERROR   Unable to connect to or scrape website
2023-08-08 02:40:49 PM   DogAdoption_FairfaxCountyAnimalShelter, Line 490   ERROR   Unable to connect to or scrape website
2023-08-08 02:41:50 PM   DogAdoption_FairfaxCountyAnimalShelter, Line 490   ERROR   Unable to connect to or scrape website
2023-08-08 02:42:51 PM   DogAdoption_FairfaxCountyAnimalShelter, Line 490   ERROR   Unable to connect to or scrape website
2023-08-08 02:43:52 PM   DogAdoption_FairfaxCountyAnimalShelter, Line 490   ERROR   Unable to connect to or scrape website
2023-08-08 02:44:53 PM   DogAdoption_FairfaxCountyAnimalShelter, Line 490   ERROR   Unable to connect to or scrape website
2023-08-08 02:45:54 PM   DogAdoption_FairfaxCountyAnimalShelter, Line 490   ERROR   Unable to connect to or scrape website
2023-08-08 02:46:55 PM   DogAdoption_FairfaxCountyAnimalShelter, Line 490   ERROR   Unable to connect to or scrape website
2023-08-08 02:47:56 PM   DogAdoption_FairfaxCountyAnimalShelter, Line 490   ERROR   Unable to connect to or scrape website
2023-08-08 02:48:58 PM   DogAdoption_FairfaxCountyAnimalShelter, Line 490   ERROR   Unable to connect to or scrape website
2023-08-08 02:49:59 PM   DogAdoption_FairfaxCountyAnimalShelter, Line 490   ERROR   Unable to connect to or scrape website
2023-08-08 02:51:00 PM   DogAdoption_FairfaxCountyAnimalShelter, Line 490   ERROR   Unable to connect to or scrape website
2023-08-08 02:52:01 PM   DogAdoption_FairfaxCountyAnimalShelter, Line 490   ERROR   Unable to connect to or scrape website
2023-08-08 02:53:02 PM   DogAdoption_FairfaxCountyAnimalShelter, Line 490   ERROR   Unable to connect to or scrape website
2023-08-08 02:54:03 PM   DogAdoption_FairfaxCountyAnimalShelter, Line 490   ERROR   Unable to connect to or scrape website
2023-08-08 02:55:04 PM   DogAdoption_FairfaxCountyAnimalShelter, Line 490   ERROR   Unable to connect to or scrape website
2023-08-08 02:56:05 PM   DogAdoption_FairfaxCountyAnimalShelter, Line 490   ERROR   Unable to connect to or scrape website
2023-08-08 02:57:06 PM   DogAdoption_FairfaxCountyAnimalShelter, Line 490   ERROR   Unable to connect to or scrape website
2023-08-08 02:58:07 PM   DogAdoption_FairfaxCountyAnimalShelter, Line 490   ERROR   Unable to connect to or scrape website
2023-08-08 02:59:08 PM   DogAdoption_FairfaxCountyAnimalShelter, Line 490   ERROR   Unable to connect to or scrape website
2023-08-08 03:00:09 PM   DogAdoption_FairfaxCountyAnimalShelter, Line 490   ERROR   Unable to connect to or scrape website
2023-08-08 03:01:11 PM   DogAdoption_FairfaxCountyAnimalShelter, Line 490   ERROR   Unable to connect to or scrape website
2023-08-08 03:02:12 PM   DogAdoption_FairfaxCountyAnimalShelter, Line 490   ERROR   Unable to connect to or scrape website
2023-08-08 03:03:13 PM   DogAdoption_FairfaxCountyAnimalShelter, Line 490   ERROR   Unable to connect to or scrape website
2023-08-08 03:04:14 PM   DogAdoption_FairfaxCountyAnimalShelter, Line 490   ERROR   Unable to connect to or scrape website
2023-08-08 03:05:15 PM   DogAdoption_FairfaxCountyAnimalShelter, Line 490   ERROR   Unable to connect to or scrape website
2023-08-08 03:06:17 PM   DogAdoption_FairfaxCountyAnimalShelter, Line 490   ERROR   Unable to connect to or scrape website
2023-08-08 03:07:18 PM   DogAdoption_FairfaxCountyAnimalShelter, Line 490   ERROR   Unable to connect to or scrape website
2023-08-08 03:08:19 PM   DogAdoption_FairfaxCountyAnimalShelter, Line 490   ERROR   Unable to connect to or scrape website
2023-08-08 03:09:20 PM   DogAdoption_FairfaxCountyAnimalShelter, Line 490   ERROR   Unable to connect to or scrape website
2023-08-08 03:10:21 PM   DogAdoption_FairfaxCountyAnimalShelter, Line 490   ERROR   Unable to connect to or scrape website
2023-08-08 03:11:21 PM   DogAdoption_FairfaxCountyAnimalShelter, Line 490   ERROR   Unable to connect to or scrape website
2023-08-08 03:12:22 PM   DogAdoption_FairfaxCountyAnimalShelter, Line 490   ERROR   Unable to connect to or scrape website
2023-08-08 03:13:23 PM   DogAdoption_FairfaxCountyAnimalShelter, Line 490   ERROR   Unable to connect to or scrape website
2023-08-08 03:14:24 PM   DogAdoption_FairfaxCountyAnimalShelter, Line 490   ERROR   Unable to connect to or scrape website
2023-08-08 03:15:25 PM   DogAdoption_FairfaxCountyAnimalShelter, Line 490   ERROR   Unable to connect to or scrape website
2023-08-08 03:16:26 PM   DogAdoption_FairfaxCountyAnimalShelter, Line 490   ERROR   Unable to connect to or scrape website
2023-08-08 03:17:27 PM   DogAdoption_FairfaxCountyAnimalShelter, Line 490   ERROR   Unable to connect to or scrape website
2023-08-08 03:18:29 PM   DogAdoption_FairfaxCountyAnimalShelter, Line 490   ERROR   Unable to connect to or scrape website
2023-08-08 03:19:30 PM   DogAdoption_FairfaxCountyAnimalShelter, Line 490   ERROR   Unable to connect to or scrape website
2023-08-08 03:20:30 PM   DogAdoption_FairfaxCountyAnimalShelter, Line 490   ERROR   Unable to connect to or scrape website
2023-08-08 03:21:31 PM   DogAdoption_FairfaxCountyAnimalShelter, Line 490   ERROR   Unable to connect to or scrape website
2023-08-08 03:22:32 PM   DogAdoption_FairfaxCountyAnimalShelter, Line 490   ERROR   Unable to connect to or scrape website
2023-08-08 03:23:33 PM   DogAdoption_FairfaxCountyAnimalShelter, Line 490   ERROR   Unable to connect to or scrape website
2023-08-08 03:24:34 PM   DogAdoption_FairfaxCountyAnimalShelter, Line 490   ERROR   Unable to connect to or scrape website
2023-08-08 03:25:35 PM   DogAdoption_FairfaxCountyAnimalShelter, Line 490   ERROR   Unable to connect to or scrape website
2023-08-08 03:26:36 PM   DogAdoption_FairfaxCountyAnimalShelter, Line 490   ERROR   Unable to connect to or scrape website
2023-08-08 03:27:38 PM   DogAdoption_FairfaxCountyAnimalShelter, Line 490   ERROR   Unable to connect to or scrape website
2023-08-08 03:28:39 PM   DogAdoption_FairfaxCountyAnimalShelter, Line 490   ERROR   Unable to connect to or scrape website
2023-08-08 03:29:40 PM   DogAdoption_FairfaxCountyAnimalShelter, Line 490   ERROR   Unable to connect to or scrape website
2023-08-08 03:30:41 PM   DogAdoption_FairfaxCountyAnimalShelter, Line 490   ERROR   Unable to connect to or scrape website
2023-08-08 03:31:42 PM   DogAdoption_FairfaxCountyAnimalShelter, Line 490   ERROR   Unable to connect to or scrape website
2023-08-08 03:32:43 PM   DogAdoption_FairfaxCountyAnimalShelter, Line 490   ERROR   Unable to connect to or scrape website
2023-08-08 03:33:44 PM   DogAdoption_FairfaxCountyAnimalShelter, Line 490   ERROR   Unable to connect to or scrape website
2023-08-08 03:34:45 PM   DogAdoption_FairfaxCountyAnimalShelter, Line 490   ERROR   Unable to connect to or scrape website
2023-08-08 03:35:46 PM   DogAdoption_FairfaxCountyAnimalShelter, Line 490   ERROR   Unable to connect to or scrape website
2023-08-08 03:36:47 PM   DogAdoption_FairfaxCountyAnimalShelter, Line 490   ERROR   Unable to connect to or scrape website
2023-08-08 03:37:48 PM   DogAdoption_FairfaxCountyAnimalShelter, Line 490   ERROR   Unable to connect to or scrape website
2023-08-08 03:38:49 PM   DogAdoption_FairfaxCountyAnimalShelter, Line 490   ERROR   Unable to connect to or scrape website
2023-08-08 03:39:50 PM   DogAdoption_FairfaxCountyAnimalShelter, Line 490   ERROR   Unable to connect to or scrape website
2023-08-08 03:40:51 PM   DogAdoption_FairfaxCountyAnimalShelter, Line 490   ERROR   Unable to connect to or scrape website
2023-08-08 03:41:52 PM   DogAdoption_FairfaxCountyAnimalShelter, Line 490   ERROR   Unable to connect to or scrape website
2023-08-08 03:42:53 PM   DogAdoption_FairfaxCountyAnimalShelter, Line 490   ERROR   Unable to connect to or scrape website
2023-08-08 03:43:54 PM   DogAdoption_FairfaxCountyAnimalShelter, Line 490   ERROR   Unable to connect to or scrape website
2023-08-08 03:44:55 PM   DogAdoption_FairfaxCountyAnimalShelter, Line 490   ERROR   Unable to connect to or scrape website
2023-08-08 03:45:56 PM   DogAdoption_FairfaxCountyAnimalShelter, Line 490   ERROR   Unable to connect to or scrape website
2023-08-08 03:46:57 PM   DogAdoption_FairfaxCountyAnimalShelter, Line 490   ERROR   Unable to connect to or scrape website
2023-08-08 03:47:58 PM   DogAdoption_FairfaxCountyAnimalShelter, Line 490   ERROR   Unable to connect to or scrape website
2023-08-08 03:48:59 PM   DogAdoption_FairfaxCountyAnimalShelter, Line 490   ERROR   Unable to connect to or scrape website
2023-08-08 03:50:00 PM   DogAdoption_FairfaxCountyAnimalShelter, Line 490   ERROR   Unable to connect to or scrape website
2023-08-08 03:51:01 PM   DogAdoption_FairfaxCountyAnimalShelter, Line 490   ERROR   Unable to connect to or scrape website
2023-08-08 03:52:02 PM   DogAdoption_FairfaxCountyAnimalShelter, Line 490   ERROR   Unable to connect to or scrape website
2023-08-08 03:53:03 PM   DogAdoption_FairfaxCountyAnimalShelter, Line 490   ERROR   Unable to connect to or scrape website
2023-08-08 03:54:04 PM   DogAdoption_FairfaxCountyAnimalShelter, Line 490   ERROR   Unable to connect to or scrape website
2023-08-08 03:55:05 PM   DogAdoption_FairfaxCountyAnimalShelter, Line 490   ERROR   Unable to connect to or scrape website
2023-08-08 03:56:07 PM   DogAdoption_FairfaxCountyAnimalShelter, Line 490   ERROR   Unable to connect to or scrape website
2023-08-08 03:57:09 PM   DogAdoption_FairfaxCountyAnimalShelter, Line 490   ERROR   Unable to connect to or scrape website
2023-08-08 03:58:11 PM   DogAdoption_FairfaxCountyAnimalShelter, Line 490   ERROR   Unable to connect to or scrape website
2023-08-08 03:59:12 PM   DogAdoption_FairfaxCountyAnimalShelter, Line 490   ERROR   Unable to connect to or scrape website
2023-08-08 04:00:13 PM   DogAdoption_FairfaxCountyAnimalShelter, Line 490   ERROR   Unable to connect to or scrape website
2023-08-08 04:01:15 PM   DogAdoption_FairfaxCountyAnimalShelter, Line 490   ERROR   Unable to connect to or scrape website
2023-08-08 04:02:16 PM   DogAdoption_FairfaxCountyAnimalShelter, Line 490   ERROR   Unable to connect to or scrape website
2023-08-08 04:03:17 PM   DogAdoption_FairfaxCountyAnimalShelter, Line 490   ERROR   Unable to connect to or scrape website
2023-08-08 04:04:18 PM   DogAdoption_FairfaxCountyAnimalShelter, Line 490   ERROR   Unable to connect to or scrape website
2023-08-08 04:05:21 PM   DogAdoption_FairfaxCountyAnimalShelter, Line 490   ERROR   Unable to connect to or scrape website
2023-08-08 04:05:37 PM   DogAdoption_FairfaxCountyAnimalShelter, Line 444   INFO   Started running script
2023-08-08 04:06:25 PM   DogAdoption_FairfaxCountyAnimalShelter, Line 490   ERROR   Unable to connect to or scrape website
2023-08-08 04:07:26 PM   DogAdoption_FairfaxCountyAnimalShelter, Line 490   ERROR   Unable to connect to or scrape website
2023-08-08 04:08:27 PM   DogAdoption_FairfaxCountyAnimalShelter, Line 490   ERROR   Unable to connect to or scrape website
2023-08-08 04:09:28 PM   DogAdoption_FairfaxCountyAnimalShelter, Line 490   ERROR   Unable to connect to or scrape website
2023-08-08 04:10:29 PM   DogAdoption_FairfaxCountyAnimalShelter, Line 490   ERROR   Unable to connect to or scrape website
2023-08-08 04:11:30 PM   DogAdoption_FairfaxCountyAnimalShelter, Line 490   ERROR   Unable to connect to or scrape website
2023-08-08 04:12:31 PM   DogAdoption_FairfaxCountyAnimalShelter, Line 490   ERROR   Unable to connect to or scrape website
2023-08-08 04:13:32 PM   DogAdoption_FairfaxCountyAnimalShelter, Line 490   ERROR   Unable to connect to or scrape website
2023-08-08 04:14:33 PM   DogAdoption_FairfaxCountyAnimalShelter, Line 490   ERROR   Unable to connect to or scrape website
2023-08-08 04:15:34 PM   DogAdoption_FairfaxCountyAnimalShelter, Line 490   ERROR   Unable to connect to or scrape website
2023-08-08 04:16:35 PM   DogAdoption_FairfaxCountyAnimalShelter, Line 490   ERROR   Unable to connect to or scrape website
2023-08-08 04:17:36 PM   DogAdoption_FairfaxCountyAnimalShelter, Line 490   ERROR   Unable to connect to or scrape website
2023-08-08 04:18:37 PM   DogAdoption_FairfaxCountyAnimalShelter, Line 490   ERROR   Unable to connect to or scrape website
2023-08-08 04:19:37 PM   DogAdoption_FairfaxCountyAnimalShelter, Line 490   ERROR   Unable to connect to or scrape website
2023-08-08 04:20:38 PM   DogAdoption_FairfaxCountyAnimalShelter, Line 490   ERROR   Unable to connect to or scrape website
2023-08-08 04:21:39 PM   DogAdoption_FairfaxCountyAnimalShelter, Line 490   ERROR   Unable to connect to or scrape website
2023-08-08 04:22:41 PM   DogAdoption_FairfaxCountyAnimalShelter, Line 490   ERROR   Unable to connect to or scrape website
2023-08-08 04:31:42 PM   DogAdoption_FairfaxCountyAnimalShelter, Line 490   ERROR   Unable to connect to or scrape website
2023-08-08 04:32:43 PM   DogAdoption_FairfaxCountyAnimalShelter, Line 490   ERROR   Unable to connect to or scrape website
2023-08-08 04:33:45 PM   DogAdoption_FairfaxCountyAnimalShelter, Line 490   ERROR   Unable to connect to or scrape website
2023-08-08 04:34:46 PM   DogAdoption_FairfaxCountyAnimalShelter, Line 490   ERROR   Unable to connect to or scrape website
2023-08-08 04:35:47 PM   DogAdoption_FairfaxCountyAnimalShelter, Line 490   ERROR   Unable to connect to or scrape website
2023-08-08 04:36:48 PM   DogAdoption_FairfaxCountyAnimalShelter, Line 490   ERROR   Unable to connect to or scrape website
2023-08-08 04:37:49 PM   DogAdoption_FairfaxCountyAnimalShelter, Line 490   ERROR   Unable to connect to or scrape website
2023-08-08 04:38:50 PM   DogAdoption_FairfaxCountyAnimalShelter, Line 490   ERROR   Unable to connect to or scrape website
2023-08-08 04:39:50 PM   DogAdoption_FairfaxCountyAnimalShelter, Line 490   ERROR   Unable to connect to or scrape website
2023-08-08 04:40:51 PM   DogAdoption_FairfaxCountyAnimalShelter, Line 490   ERROR   Unable to connect to or scrape website
2023-08-08 04:41:10 PM   DogAdoption_FairfaxCountyAnimalShelter, Line 490   ERROR   Unable to connect to or scrape website
2023-08-08 04:41:52 PM   DogAdoption_FairfaxCountyAnimalShelter, Line 490   ERROR   Unable to connect to or scrape website
2023-08-08 04:42:53 PM   DogAdoption_FairfaxCountyAnimalShelter, Line 490   ERROR   Unable to connect to or scrape website
2023-08-08 04:43:54 PM   DogAdoption_FairfaxCountyAnimalShelter, Line 490   ERROR   Unable to connect to or scrape website
2023-08-08 04:44:55 PM   DogAdoption_FairfaxCountyAnimalShelter, Line 490   ERROR   Unable to connect to or scrape website
2023-08-08 04:45:56 PM   DogAdoption_FairfaxCountyAnimalShelter, Line 490   ERROR   Unable to connect to or scrape website
2023-08-08 04:46:57 PM   DogAdoption_FairfaxCountyAnimalShelter, Line 490   ERROR   Unable to connect to or scrape website
2023-08-08 04:47:58 PM   DogAdoption_FairfaxCountyAnimalShelter, Line 490   ERROR   Unable to connect to or scrape website
2023-08-08 04:48:59 PM   DogAdoption_FairfaxCountyAnimalShelter, Line 490   ERROR   Unable to connect to or scrape website
2023-08-08 04:50:00 PM   DogAdoption_FairfaxCountyAnimalShelter, Line 490   ERROR   Unable to connect to or scrape website
2023-08-08 04:51:01 PM   DogAdoption_FairfaxCountyAnimalShelter, Line 490   ERROR   Unable to connect to or scrape website
2023-08-08 04:52:02 PM   DogAdoption_FairfaxCountyAnimalShelter, Line 490   ERROR   Unable to connect to or scrape website
2023-08-08 04:53:03 PM   DogAdoption_FairfaxCountyAnimalShelter, Line 490   ERROR   Unable to connect to or scrape website
2023-08-08 04:54:04 PM   DogAdoption_FairfaxCountyAnimalShelter, Line 490   ERROR   Unable to connect to or scrape website
2023-08-08 04:55:05 PM   DogAdoption_FairfaxCountyAnimalShelter, Line 490   ERROR   Unable to connect to or scrape website
2023-08-08 04:56:06 PM   DogAdoption_FairfaxCountyAnimalShelter, Line 490   ERROR   Unable to connect to or scrape website
2023-08-08 04:57:07 PM   DogAdoption_FairfaxCountyAnimalShelter, Line 490   ERROR   Unable to connect to or scrape website
2023-08-08 04:58:08 PM   DogAdoption_FairfaxCountyAnimalShelter, Line 490   ERROR   Unable to connect to or scrape website
2023-08-08 04:59:09 PM   DogAdoption_FairfaxCountyAnimalShelter, Line 490   ERROR   Unable to connect to or scrape website
2023-08-08 05:00:10 PM   DogAdoption_FairfaxCountyAnimalShelter, Line 490   ERROR   Unable to connect to or scrape website
2023-08-08 05:01:11 PM   DogAdoption_FairfaxCountyAnimalShelter, Line 490   ERROR   Unable to connect to or scrape website
2023-08-08 05:02:12 PM   DogAdoption_FairfaxCountyAnimalShelter, Line 490   ERROR   Unable to connect to or scrape website
2023-08-08 05:03:13 PM   DogAdoption_FairfaxCountyAnimalShelter, Line 490   ERROR   Unable to connect to or scrape website
2023-08-08 05:04:14 PM   DogAdoption_FairfaxCountyAnimalShelter, Line 490   ERROR   Unable to connect to or scrape website
2023-08-08 05:05:15 PM   DogAdoption_FairfaxCountyAnimalShelter, Line 490   ERROR   Unable to connect to or scrape website
2023-08-08 05:06:15 PM   DogAdoption_FairfaxCountyAnimalShelter, Line 490   ERROR   Unable to connect to or scrape website
2023-08-08 05:07:16 PM   DogAdoption_FairfaxCountyAnimalShelter, Line 490   ERROR   Unable to connect to or scrape website
2023-08-08 05:08:17 PM   DogAdoption_FairfaxCountyAnimalShelter, Line 490   ERROR   Unable to connect to or scrape website
2023-08-08 05:09:18 PM   DogAdoption_FairfaxCountyAnimalShelter, Line 490   ERROR   Unable to connect to or scrape website
2023-08-08 05:10:20 PM   DogAdoption_FairfaxCountyAnimalShelter, Line 490   ERROR   Unable to connect to or scrape website
2023-08-08 05:11:21 PM   DogAdoption_FairfaxCountyAnimalShelter, Line 490   ERROR   Unable to connect to or scrape website
2023-08-08 05:12:22 PM   DogAdoption_FairfaxCountyAnimalShelter, Line 490   ERROR   Unable to connect to or scrape website
2023-08-08 05:13:23 PM   DogAdoption_FairfaxCountyAnimalShelter, Line 490   ERROR   Unable to connect to or scrape website
2023-08-08 05:14:25 PM   DogAdoption_FairfaxCountyAnimalShelter, Line 490   ERROR   Unable to connect to or scrape website
2023-08-08 05:15:26 PM   DogAdoption_FairfaxCountyAnimalShelter, Line 490   ERROR   Unable to connect to or scrape website
2023-08-08 05:16:28 PM   DogAdoption_FairfaxCountyAnimalShelter, Line 490   ERROR   Unable to connect to or scrape website
2023-08-08 05:17:29 PM   DogAdoption_FairfaxCountyAnimalShelter, Line 490   ERROR   Unable to connect to or scrape website
2023-08-08 05:18:30 PM   DogAdoption_FairfaxCountyAnimalShelter, Line 490   ERROR   Unable to connect to or scrape website
2023-08-08 08:02:42 PM   DogAdoption_FairfaxCountyAnimalShelter, Line 444   INFO   Started running script
2023-08-08 09:53:38 PM   DogAdoption_FairfaxCountyAnimalShelter   INFO   Started running script
