2024-01-29 09:42:22 PM   DogAdoption_MontgomeryCountyAnimalServices   INFO   Started running script
2024-01-29 09:42:39 PM   DogAdoption_MontgomeryCountyAnimalServices   INFO   New dog: CHARLIE (A406310) (ID 406310)
2024-01-29 09:42:39 PM   DogAdoption_MontgomeryCountyAnimalServices   INFO   New dog: BABY SMOKE (A445434) (ID 445434)
2024-01-29 09:42:39 PM   DogAdoption_MontgomeryCountyAnimalServices   INFO   New dog: SMOKEY (A487992) (ID 487992)
2024-01-29 09:42:39 PM   DogAdoption_MontgomeryCountyAnimalServices   INFO   New dog: JASPER (A496433) (ID 496433)
2024-01-29 09:42:39 PM   DogAdoption_MontgomeryCountyAnimalServices   INFO   New dog: *Rihanna (A501305) (ID 501305)
2024-01-29 09:42:39 PM   DogAdoption_MontgomeryCountyAnimalServices   INFO   New dog: DIAMOND (A505413) (ID 505413)
2024-01-29 09:42:39 PM   DogAdoption_MontgomeryCountyAnimalServices   INFO   New dog: LOKI (A506818) (ID 506818)
2024-01-29 09:42:39 PM   DogAdoption_MontgomeryCountyAnimalServices   INFO   New dog: *Mr. Belvedere (A507775) (ID 507775)
2024-01-29 09:42:39 PM   DogAdoption_MontgomeryCountyAnimalServices   INFO   New dog: *Sandy Cheeks (A509072) (ID 509072)
2024-01-29 09:42:39 PM   DogAdoption_MontgomeryCountyAnimalServices   INFO   New dog: THOR (A509215) (ID 509215)
2024-01-29 09:42:39 PM   DogAdoption_MontgomeryCountyAnimalServices   INFO   New dog: BENJAMIN (A509621) (ID 509621)
2024-01-29 09:42:39 PM   DogAdoption_MontgomeryCountyAnimalServices   INFO   New dog: RAVEN (A509903) (ID 509903)
2024-01-29 09:42:39 PM   DogAdoption_MontgomeryCountyAnimalServices   INFO   New dog: *Eva (A510146) (ID 510146)
2024-01-29 09:42:39 PM   DogAdoption_MontgomeryCountyAnimalServices   INFO   New dog: *Maxx (A510925) (ID 510925)
2024-01-29 09:42:39 PM   DogAdoption_MontgomeryCountyAnimalServices   INFO   New dog: TYEE (A511087) (ID 511087)
2024-01-29 09:42:39 PM   DogAdoption_MontgomeryCountyAnimalServices   INFO   New dog: HALO (A511307) (ID 511307)
2024-01-29 09:42:39 PM   DogAdoption_MontgomeryCountyAnimalServices   INFO   New dog: *Lenux (A511809) (ID 511809)
2024-01-29 09:42:39 PM   DogAdoption_MontgomeryCountyAnimalServices   INFO   New dog: MAYO (A512187) (ID 512187)
2024-01-29 09:42:39 PM   DogAdoption_MontgomeryCountyAnimalServices   INFO   New dog: *Cardi B (A512779) (ID 512779)
2024-01-29 09:42:39 PM   DogAdoption_MontgomeryCountyAnimalServices   INFO   New dog: *Gordo (A513264) (ID 513264)
2024-01-29 09:42:39 PM   DogAdoption_MontgomeryCountyAnimalServices   INFO   New dog: CALI (A513378) (ID 513378)
2024-01-29 09:42:39 PM   DogAdoption_MontgomeryCountyAnimalServices   INFO   New dog: BUDDY (A513497) (ID 513497)
2024-01-29 09:42:39 PM   DogAdoption_MontgomeryCountyAnimalServices   INFO   New dog: NOVA (A513554) (ID 513554)
2024-01-29 09:42:39 PM   DogAdoption_MontgomeryCountyAnimalServices   INFO   New dog: *Jerico (A513719) (ID 513719)
2024-01-29 09:42:39 PM   DogAdoption_MontgomeryCountyAnimalServices   INFO   New dog: *Ken (A514301) (ID 514301)
2024-01-29 09:42:39 PM   DogAdoption_MontgomeryCountyAnimalServices   INFO   New dog: BLAKE (A514599) (ID 514599)
2024-01-29 09:42:39 PM   DogAdoption_MontgomeryCountyAnimalServices   INFO   New dog: ACE (A514726) (ID 514726)
2024-01-29 09:42:39 PM   DogAdoption_MontgomeryCountyAnimalServices   INFO   New dog: SIR. CAESAR (A514982) (ID 514982)
2024-01-29 09:42:39 PM   DogAdoption_MontgomeryCountyAnimalServices   INFO   New dog: *Buffy (A515023) (ID 515023)
2024-01-29 09:42:39 PM   DogAdoption_MontgomeryCountyAnimalServices   INFO   New dog: KIRA (A515085) (ID 515085)
2024-01-29 11:26:19 PM   DogAdoption_MontgomeryCountyAnimalServices   INFO   Started running script
2024-01-30 09:40:42 AM   DogAdoption_MontgomeryCountyAnimalServices   INFO   New dog: HAWKINS (A514615) (ID 514615)
2024-01-30 12:41:18 PM   DogAdoption_MontgomeryCountyAnimalServices   INFO   New dog: BELLA (A515245) (ID 515245)
2024-01-30 01:41:34 PM   DogAdoption_MontgomeryCountyAnimalServices   INFO   New dog: LALA (A505421) (ID 505421)
2024-01-30 01:41:34 PM   DogAdoption_MontgomeryCountyAnimalServices   INFO   New dog: THOR (A510168) (ID 510168)
2024-01-30 01:41:34 PM   DogAdoption_MontgomeryCountyAnimalServices   INFO   Adopted dog: *Sandy Cheeks (A509072) (ID 509072)
2024-01-30 03:42:02 PM   DogAdoption_MontgomeryCountyAnimalServices   INFO   Adopted dog: HAWKINS (A514615) (ID 514615)
2024-01-30 04:42:16 PM   DogAdoption_MontgomeryCountyAnimalServices   INFO   New dog: *Yogi Bear (A483227) (ID 483227)
2024-01-30 04:42:16 PM   DogAdoption_MontgomeryCountyAnimalServices   INFO   New dog: SARABI (A504734) (ID 504734)
2024-01-30 05:36:35 PM   DogAdoption_MontgomeryCountyAnimalServices   INFO   Adopted dog: SARABI (A504734) (ID 504734)
2024-01-30 06:36:49 PM   DogAdoption_MontgomeryCountyAnimalServices   INFO   New dog: SARABI (A504734) (ID 504734)
2024-01-30 07:37:02 PM   DogAdoption_MontgomeryCountyAnimalServices   INFO   Adopted dog: SARABI (A504734) (ID 504734)
2024-01-30 08:37:16 PM   DogAdoption_MontgomeryCountyAnimalServices   INFO   New dog: SARABI (A504734) (ID 504734)
2024-01-30 09:37:30 PM   DogAdoption_MontgomeryCountyAnimalServices   INFO   Adopted dog: SARABI (A504734) (ID 504734)
2024-01-31 08:40:13 AM   DogAdoption_MontgomeryCountyAnimalServices   INFO   New dog: SARABI (A504734) (ID 504734)
2024-01-31 09:40:27 AM   DogAdoption_MontgomeryCountyAnimalServices   INFO   Adopted dog: SARABI (A504734) (ID 504734)
2024-01-31 10:40:40 AM   DogAdoption_MontgomeryCountyAnimalServices   INFO   New dog: SARABI (A504734) (ID 504734)
2024-01-31 11:40:53 AM   DogAdoption_MontgomeryCountyAnimalServices   INFO   Adopted dog: SARABI (A504734) (ID 504734)
2024-01-31 12:41:06 PM   DogAdoption_MontgomeryCountyAnimalServices   INFO   New dog: SARABI (A504734) (ID 504734)
2024-01-31 12:41:06 PM   DogAdoption_MontgomeryCountyAnimalServices   INFO   New dog: *Dustin (A513352) (ID 513352)
2024-01-31 12:41:06 PM   DogAdoption_MontgomeryCountyAnimalServices   INFO   Adopted dog: SIR. CAESAR (A514982) (ID 514982)
2024-01-31 01:41:22 PM   DogAdoption_MontgomeryCountyAnimalServices   INFO   Adopted dog: SARABI (A504734) (ID 504734)
2024-01-31 01:41:22 PM   DogAdoption_MontgomeryCountyAnimalServices   INFO   Adopted dog: CHLOE (A505421) (ID 505421)
2024-01-31 02:41:36 PM   DogAdoption_MontgomeryCountyAnimalServices   INFO   New dog: SARABI (A504734) (ID 504734)
2024-01-31 02:41:36 PM   DogAdoption_MontgomeryCountyAnimalServices   INFO   Adopted dog: *Gordo (A513264) (ID 513264)
2024-01-31 02:41:36 PM   DogAdoption_MontgomeryCountyAnimalServices   INFO   Adopted dog: *Dustin (A513352) (ID 513352)
2024-01-31 03:41:51 PM   DogAdoption_MontgomeryCountyAnimalServices   INFO   New dog: *Dustin (A513352) (ID 513352)
2024-01-31 03:41:51 PM   DogAdoption_MontgomeryCountyAnimalServices   INFO   New dog: *Kase (A513682) (ID 513682)
2024-01-31 03:41:51 PM   DogAdoption_MontgomeryCountyAnimalServices   INFO   Adopted dog: SARABI (A504734) (ID 504734)
2024-01-31 04:42:07 PM   DogAdoption_MontgomeryCountyAnimalServices   INFO   New dog: SARABI (A504734) (ID 504734)
2024-01-31 04:42:07 PM   DogAdoption_MontgomeryCountyAnimalServices   INFO   New dog: *Trinity (A514863) (ID 514863)
2024-01-31 04:42:07 PM   DogAdoption_MontgomeryCountyAnimalServices   INFO   Adopted dog: *Yogi Bear (A483227) (ID 483227)
2024-01-31 04:42:07 PM   DogAdoption_MontgomeryCountyAnimalServices   INFO   Adopted dog: *Dustin (A513352) (ID 513352)
2024-01-31 04:42:07 PM   DogAdoption_MontgomeryCountyAnimalServices   INFO   Adopted dog: *Kase (A513682) (ID 513682)
2024-01-31 05:42:23 PM   DogAdoption_MontgomeryCountyAnimalServices   INFO   New dog: *Kase (A513682) (ID 513682)
2024-01-31 05:42:23 PM   DogAdoption_MontgomeryCountyAnimalServices   INFO   Adopted dog: SARABI (A504734) (ID 504734)
2024-01-31 05:42:23 PM   DogAdoption_MontgomeryCountyAnimalServices   INFO   Adopted dog: *Trinity (A514863) (ID 514863)
2024-01-31 06:42:33 PM   DogAdoption_MontgomeryCountyAnimalServices   INFO   New dog: SARABI (A504734) (ID 504734)
2024-01-31 06:42:33 PM   DogAdoption_MontgomeryCountyAnimalServices   INFO   Adopted dog: *Kase (A513682) (ID 513682)
2024-01-31 07:42:43 PM   DogAdoption_MontgomeryCountyAnimalServices   INFO   New dog: *Kase (A513682) (ID 513682)
2024-01-31 07:42:43 PM   DogAdoption_MontgomeryCountyAnimalServices   INFO   Adopted dog: SARABI (A504734) (ID 504734)
2024-01-31 08:32:55 PM   DogAdoption_MontgomeryCountyAnimalServices   INFO   New dog: SARABI (A504734) (ID 504734)
2024-01-31 08:32:55 PM   DogAdoption_MontgomeryCountyAnimalServices   INFO   Adopted dog: *Kase (A513682) (ID 513682)
2024-01-31 09:33:08 PM   DogAdoption_MontgomeryCountyAnimalServices   INFO   New dog: *Kase (A513682) (ID 513682)
2024-01-31 09:33:08 PM   DogAdoption_MontgomeryCountyAnimalServices   INFO   Adopted dog: SARABI (A504734) (ID 504734)
2024-02-01 08:40:37 AM   DogAdoption_MontgomeryCountyAnimalServices   INFO   New dog: SARABI (A504734) (ID 504734)
2024-02-01 09:40:52 AM   DogAdoption_MontgomeryCountyAnimalServices   INFO   Adopted dog: SARABI (A504734) (ID 504734)
2024-02-01 10:41:02 AM   DogAdoption_MontgomeryCountyAnimalServices   INFO   New dog: SARABI (A504734) (ID 504734)
2024-02-01 11:41:19 AM   DogAdoption_MontgomeryCountyAnimalServices   INFO   Adopted dog: SARABI (A504734) (ID 504734)
2024-02-01 12:41:30 PM   DogAdoption_MontgomeryCountyAnimalServices   INFO   New dog: SARABI (A504734) (ID 504734)
2024-02-01 01:41:45 PM   DogAdoption_MontgomeryCountyAnimalServices   INFO   Adopted dog: SARABI (A504734) (ID 504734)
2024-02-01 02:41:58 PM   DogAdoption_MontgomeryCountyAnimalServices   INFO   New dog: SARABI (A504734) (ID 504734)
2024-02-01 02:41:58 PM   DogAdoption_MontgomeryCountyAnimalServices   INFO   New dog: *Conan (A515095) (ID 515095)
2024-02-01 04:39:26 PM   DogAdoption_MontgomeryCountyAnimalServices   INFO   Adopted dog: SARABI (A504734) (ID 504734)
2024-02-01 06:06:55 PM   DogAdoption_MontgomeryCountyAnimalServices   INFO   New dog: SARABI (A504734) (ID 504734)
2024-02-01 06:37:04 PM   DogAdoption_MontgomeryCountyAnimalServices   INFO   Adopted dog: SARABI (A504734) (ID 504734)
2024-02-01 06:37:04 PM   DogAdoption_MontgomeryCountyAnimalServices   INFO   Adopted dog: CALI (A513378) (ID 513378)
2024-02-01 07:37:17 PM   DogAdoption_MontgomeryCountyAnimalServices   INFO   New dog: SARABI (A504734) (ID 504734)
2024-02-01 08:37:32 PM   DogAdoption_MontgomeryCountyAnimalServices   INFO   Adopted dog: SARABI (A504734) (ID 504734)
2024-02-01 09:37:41 PM   DogAdoption_MontgomeryCountyAnimalServices   INFO   New dog: SARABI (A504734) (ID 504734)
2024-02-02 08:40:21 AM   DogAdoption_MontgomeryCountyAnimalServices   INFO   Adopted dog: SARABI (A504734) (ID 504734)
2024-02-02 09:40:30 AM   DogAdoption_MontgomeryCountyAnimalServices   INFO   New dog: SARABI (A504734) (ID 504734)
2024-02-02 10:40:42 AM   DogAdoption_MontgomeryCountyAnimalServices   INFO   Adopted dog: SARABI (A504734) (ID 504734)
2024-02-02 11:40:52 AM   DogAdoption_MontgomeryCountyAnimalServices   INFO   New dog: SARABI (A504734) (ID 504734)
2024-02-02 12:41:05 PM   DogAdoption_MontgomeryCountyAnimalServices   INFO   Adopted dog: SARABI (A504734) (ID 504734)
2024-02-02 01:41:17 PM   DogAdoption_MontgomeryCountyAnimalServices   INFO   New dog: SARABI (A504734) (ID 504734)
2024-02-02 01:41:17 PM   DogAdoption_MontgomeryCountyAnimalServices   INFO   Adopted dog: *Conan (A515095) (ID 515095)
2024-02-02 02:41:26 PM   DogAdoption_MontgomeryCountyAnimalServices   INFO   Adopted dog: SARABI (A504734) (ID 504734)
2024-02-02 03:41:34 PM   DogAdoption_MontgomeryCountyAnimalServices   INFO   New dog: SARABI (A504734) (ID 504734)
2024-02-02 04:41:42 PM   DogAdoption_MontgomeryCountyAnimalServices   INFO   Adopted dog: SARABI (A504734) (ID 504734)
2024-02-02 05:41:52 PM   DogAdoption_MontgomeryCountyAnimalServices   INFO   New dog: SARABI (A504734) (ID 504734)
2024-02-02 06:42:01 PM   DogAdoption_MontgomeryCountyAnimalServices   INFO   Adopted dog: SARABI (A504734) (ID 504734)
2024-02-02 07:42:10 PM   DogAdoption_MontgomeryCountyAnimalServices   INFO   New dog: SARABI (A504734) (ID 504734)
2024-02-02 08:42:19 PM   DogAdoption_MontgomeryCountyAnimalServices   INFO   Adopted dog: SARABI (A504734) (ID 504734)
2024-02-02 09:42:28 PM   DogAdoption_MontgomeryCountyAnimalServices   INFO   New dog: SARABI (A504734) (ID 504734)
2024-02-02 10:14:21 PM   DogAdoption_MontgomeryCountyAnimalServices   INFO   Started running script
2024-02-03 12:00:29 PM   DogAdoption_MontgomeryCountyAnimalServices   INFO   New dog: *Styles P (A515293) (ID 515293)
2024-02-03 12:00:29 PM   DogAdoption_MontgomeryCountyAnimalServices   INFO   New dog: *Jett (A515304) (ID 515304)
2024-02-03 02:00:33 PM   DogAdoption_MontgomeryCountyAnimalServices   INFO   Adopted dog: *Ken (A514301) (ID 514301)
2024-02-03 02:00:33 PM   DogAdoption_MontgomeryCountyAnimalServices   INFO   Adopted dog: *Styles P (A515293) (ID 515293)
2024-02-03 04:00:37 PM   DogAdoption_MontgomeryCountyAnimalServices   INFO   Adopted dog: BENJAMIN (A509621) (ID 509621)
2024-02-03 04:00:37 PM   DogAdoption_MontgomeryCountyAnimalServices   INFO   Adopted dog: HALO (A511307) (ID 511307)
2024-02-03 10:05:31 PM   DogAdoption_MontgomeryCountyAnimalServices   INFO   Started running script
2024-02-04 10:00:37 AM   DogAdoption_MontgomeryCountyAnimalServices   INFO   New dog: DUTCH (A423733) (ID 423733)
2024-02-04 12:00:42 PM   DogAdoption_MontgomeryCountyAnimalServices   INFO   New dog: *Kia (A514681) (ID 514681)
2024-02-04 12:00:42 PM   DogAdoption_MontgomeryCountyAnimalServices   INFO   New dog: *Rod (A515266) (ID 515266)
2024-02-04 12:00:42 PM   DogAdoption_MontgomeryCountyAnimalServices   INFO   New dog: XOXO (PRONOUNCED ZOZO) (A515382) (ID 515382)
2024-02-04 02:00:47 PM   DogAdoption_MontgomeryCountyAnimalServices   INFO   Adopted dog: DIAMOND (A505413) (ID 505413)
2024-02-04 02:00:47 PM   DogAdoption_MontgomeryCountyAnimalServices   INFO   Adopted dog: *Rod (A515266) (ID 515266)
2024-02-04 04:00:52 PM   DogAdoption_MontgomeryCountyAnimalServices   INFO   New dog: *Lori (A469260) (ID 469260)
2024-02-04 04:00:52 PM   DogAdoption_MontgomeryCountyAnimalServices   INFO   New dog: *Dustin (A513352) (ID 513352)
2024-02-04 04:00:52 PM   DogAdoption_MontgomeryCountyAnimalServices   INFO   New dog: *Twixx (A515459) (ID 515459)
2024-02-04 04:00:52 PM   DogAdoption_MontgomeryCountyAnimalServices   INFO   Adopted dog: *Jett (A515304) (ID 515304)
2024-02-04 06:00:56 PM   DogAdoption_MontgomeryCountyAnimalServices   INFO   New dog: CHEYENNE (A419972) (ID 419972)
2024-02-05 02:00:15 PM   DogAdoption_MontgomeryCountyAnimalServices   INFO   New dog: *Julio (A515370) (ID 515370)
2024-02-05 04:01:32 PM   DogAdoption_MontgomeryCountyAnimalServices   ERROR   Unable to connect to or scrape website
2024-02-05 06:01:35 PM   DogAdoption_MontgomeryCountyAnimalServices   INFO   New dog: *Leroy (A508215) (ID 508215)
2024-02-05 06:01:35 PM   DogAdoption_MontgomeryCountyAnimalServices   INFO   New dog: DIXIE (A510530) (ID 510530)
2024-02-05 06:01:35 PM   DogAdoption_MontgomeryCountyAnimalServices   INFO   New dog: STORM (A515355) (ID 515355)
2024-02-05 06:01:35 PM   DogAdoption_MontgomeryCountyAnimalServices   INFO   Adopted dog: DUTCH (A423733) (ID 423733)
2024-02-06 12:01:10 PM   DogAdoption_MontgomeryCountyAnimalServices   INFO   New dog: HANNAH (A513078) (ID 513078)
2024-02-06 06:01:34 PM   DogAdoption_MontgomeryCountyAnimalServices   INFO   New dog: *Furcules (A512782) (ID 512782)
2024-02-06 06:01:34 PM   DogAdoption_MontgomeryCountyAnimalServices   INFO   Adopted dog: ACE (A514726) (ID 514726)
2024-02-06 08:01:47 PM   DogAdoption_MontgomeryCountyAnimalServices   INFO   Adopted dog: HANNAH (A513078) (ID 513078)
2024-02-06 08:01:47 PM   DogAdoption_MontgomeryCountyAnimalServices   INFO   Adopted dog: *Buffy (A515023) (ID 515023)
2024-02-07 02:00:47 PM   DogAdoption_MontgomeryCountyAnimalServices   INFO   New dog: HANNAH (A513078) (ID 513078)
2024-02-07 02:00:47 PM   DogAdoption_MontgomeryCountyAnimalServices   INFO   New dog: DIOR (A514794) (ID 514794)
2024-02-07 04:00:54 PM   DogAdoption_MontgomeryCountyAnimalServices   INFO   New dog: *Rita (A507522) (ID 507522)
2024-02-07 04:00:54 PM   DogAdoption_MontgomeryCountyAnimalServices   INFO   New dog: PRADA (A514792) (ID 514792)
2024-02-07 04:00:54 PM   DogAdoption_MontgomeryCountyAnimalServices   INFO   New dog: MICKEY (A515543) (ID 515543)
2024-02-07 04:00:54 PM   DogAdoption_MontgomeryCountyAnimalServices   INFO   Adopted dog: *Kia (A514681) (ID 514681)
2024-02-07 06:00:59 PM   DogAdoption_MontgomeryCountyAnimalServices   INFO   New dog: CANDY (A515448) (ID 515448)
2024-02-07 06:00:59 PM   DogAdoption_MontgomeryCountyAnimalServices   INFO   Adopted dog: *Twixx (A515459) (ID 515459)
2024-02-08 12:00:20 PM   DogAdoption_MontgomeryCountyAnimalServices   INFO   Adopted dog: PRADA (A514792) (ID 514792)
2024-02-08 02:00:30 PM   DogAdoption_MontgomeryCountyAnimalServices   INFO   New dog: ARABELLA (A476277) (ID 476277)
2024-02-08 02:00:30 PM   DogAdoption_MontgomeryCountyAnimalServices   INFO   New dog: *Snoopy (A506134) (ID 506134)
2024-02-08 02:00:30 PM   DogAdoption_MontgomeryCountyAnimalServices   INFO   New dog: EVERLY (A507928) (ID 507928)
2024-02-08 02:00:30 PM   DogAdoption_MontgomeryCountyAnimalServices   INFO   New dog: *Precious (A515483) (ID 515483)
2024-02-08 02:00:30 PM   DogAdoption_MontgomeryCountyAnimalServices   INFO   New dog: *Sphynx (A515495) (ID 515495)
2024-02-08 02:00:30 PM   DogAdoption_MontgomeryCountyAnimalServices   INFO   Adopted dog: CANDY (A515448) (ID 515448)
2024-02-08 02:00:30 PM   DogAdoption_MontgomeryCountyAnimalServices   INFO   Adopted dog: MICKEY (A515543) (ID 515543)
2024-02-08 04:00:36 PM   DogAdoption_MontgomeryCountyAnimalServices   INFO   New dog: *Connie (A515427) (ID 515427)
2024-02-08 04:00:36 PM   DogAdoption_MontgomeryCountyAnimalServices   INFO   New dog: *Sapphire (A515496) (ID 515496)
2024-02-08 04:00:36 PM   DogAdoption_MontgomeryCountyAnimalServices   INFO   Adopted dog: HANNAH (A513078) (ID 513078)
2024-02-08 04:00:36 PM   DogAdoption_MontgomeryCountyAnimalServices   INFO   Adopted dog: XOXO (A515382) (ID 515382)
2024-02-08 06:00:43 PM   DogAdoption_MontgomeryCountyAnimalServices   INFO   New dog: *Jett (A515304) (ID 515304)
2024-02-08 06:00:43 PM   DogAdoption_MontgomeryCountyAnimalServices   INFO   Adopted dog: *Connie (A515427) (ID 515427)
2024-02-08 06:00:43 PM   DogAdoption_MontgomeryCountyAnimalServices   INFO   Adopted dog: *Sphynx (A515495) (ID 515495)
2024-02-09 12:01:00 PM   DogAdoption_MontgomeryCountyAnimalServices   INFO   New dog: PRADA (A514792) (ID 514792)
2024-02-09 02:01:06 PM   DogAdoption_MontgomeryCountyAnimalServices   INFO   Adopted dog: RAVEN (A509903) (ID 509903)
2024-02-09 06:01:14 PM   DogAdoption_MontgomeryCountyAnimalServices   INFO   New dog: ROCKY (A511667) (ID 511667)
2024-02-09 06:01:14 PM   DogAdoption_MontgomeryCountyAnimalServices   INFO   Adopted dog: ARABELLA (A476277) (ID 476277)
2024-02-09 06:01:14 PM   DogAdoption_MontgomeryCountyAnimalServices   INFO   Adopted dog: *Jett (A515304) (ID 515304)
2024-02-09 08:01:17 PM   DogAdoption_MontgomeryCountyAnimalServices   INFO   Adopted dog: *Julio (A515370) (ID 515370)
2024-02-10 10:00:28 AM   DogAdoption_MontgomeryCountyAnimalServices   INFO   Adopted dog: *Lori (A469260) (ID 469260)
2024-02-10 02:00:35 PM   DogAdoption_MontgomeryCountyAnimalServices   INFO   Adopted dog: *Leroy (A508215) (ID 508215)
2024-02-10 04:00:41 PM   DogAdoption_MontgomeryCountyAnimalServices   INFO   Adopted dog: EVERLY (A507928) (ID 507928)
2024-02-10 04:00:41 PM   DogAdoption_MontgomeryCountyAnimalServices   INFO   Adopted dog: THOR (A510168) (ID 510168)
2024-02-10 04:00:41 PM   DogAdoption_MontgomeryCountyAnimalServices   INFO   Adopted dog: *Dustin (A513352) (ID 513352)
2024-02-10 04:00:41 PM   DogAdoption_MontgomeryCountyAnimalServices   INFO   Adopted dog: KIRA (A515085) (ID 515085)
2024-02-10 04:00:41 PM   DogAdoption_MontgomeryCountyAnimalServices   INFO   Adopted dog: *Precious (A515483) (ID 515483)
2024-02-10 06:00:47 PM   DogAdoption_MontgomeryCountyAnimalServices   INFO   Adopted dog: JASPER (A496433) (ID 496433)
2024-02-10 06:00:47 PM   DogAdoption_MontgomeryCountyAnimalServices   INFO   Adopted dog: *Jerico (A513719) (ID 513719)
2024-02-11 04:01:03 PM   DogAdoption_MontgomeryCountyAnimalServices   INFO   New dog: EVERLY (A507928) (ID 507928)
2024-02-11 04:01:04 PM   DogAdoption_MontgomeryCountyAnimalServices   INFO   New dog: ACE (A514726) (ID 514726)
2024-02-11 04:01:04 PM   DogAdoption_MontgomeryCountyAnimalServices   INFO   Adopted dog: THOR (A509215) (ID 509215)
2024-02-11 06:01:08 PM   DogAdoption_MontgomeryCountyAnimalServices   INFO   New dog: MOMO (A515752) (ID 515752)
2024-02-11 06:01:08 PM   DogAdoption_MontgomeryCountyAnimalServices   INFO   Adopted dog: BLAKE (A514599) (ID 514599)
2024-02-11 08:01:12 PM   DogAdoption_MontgomeryCountyAnimalServices   INFO   New dog: *Almond (A515601) (ID 515601)
2024-02-11 08:01:12 PM   DogAdoption_MontgomeryCountyAnimalServices   INFO   New dog: *Cashew (A515602) (ID 515602)
2024-02-12 12:00:28 PM   DogAdoption_MontgomeryCountyAnimalServices   INFO   New dog: DESTINY (A510810) (ID 510810)
2024-02-12 12:00:28 PM   DogAdoption_MontgomeryCountyAnimalServices   INFO   Adopted dog: EVERLY (A507928) (ID 507928)
2024-02-12 02:00:34 PM   DogAdoption_MontgomeryCountyAnimalServices   INFO   Adopted dog: *Almond (A515601) (ID 515601)
2024-02-12 02:00:34 PM   DogAdoption_MontgomeryCountyAnimalServices   INFO   Adopted dog: *Cashew (A515602) (ID 515602)
2024-02-13 10:12:17 AM   DogAdoption_MontgomeryCountyAnimalServices   INFO   Adopted dog: DESTINY (A510810) (ID 510810)
2024-02-13 02:13:34 PM   DogAdoption_MontgomeryCountyAnimalServices   INFO   Adopted dog: MOMO (A515752) (ID 515752)
2024-02-14 03:27:12 PM   DogAdoption_MontgomeryCountyAnimalServices   INFO   New dog: DESTINY (A510810) (ID 510810)
2024-02-14 03:27:12 PM   DogAdoption_MontgomeryCountyAnimalServices   INFO   New dog: HARLEY (A512915) (ID 512915)
2024-02-14 03:27:12 PM   DogAdoption_MontgomeryCountyAnimalServices   INFO   New dog: *Dustin (A513352) (ID 513352)
2024-02-14 03:27:12 PM   DogAdoption_MontgomeryCountyAnimalServices   INFO   New dog: NANII (A515702) (ID 515702)
2024-02-14 03:27:12 PM   DogAdoption_MontgomeryCountyAnimalServices   INFO   New dog: TRUNKS (A515768) (ID 515768)
2024-02-14 03:27:12 PM   DogAdoption_MontgomeryCountyAnimalServices   INFO   New dog: DUTCHESS (A515839) (ID 515839)
2024-02-14 03:27:12 PM   DogAdoption_MontgomeryCountyAnimalServices   INFO   Adopted dog: STORM (A515355) (ID 515355)
2024-02-14 05:27:17 PM   DogAdoption_MontgomeryCountyAnimalServices   INFO   New dog: ARABELLA (A476277) (ID 476277)
2024-02-14 05:27:17 PM   DogAdoption_MontgomeryCountyAnimalServices   INFO   New dog: *Pipe-R (A512480) (ID 512480)
2024-02-14 05:27:17 PM   DogAdoption_MontgomeryCountyAnimalServices   INFO   Adopted dog: *Rihanna (A501305) (ID 501305)
2024-02-14 05:27:17 PM   DogAdoption_MontgomeryCountyAnimalServices   INFO   Adopted dog: ROCKY (A511667) (ID 511667)
2024-02-14 07:27:23 PM   DogAdoption_MontgomeryCountyAnimalServices   INFO   New dog: *Ken (A514301) (ID 514301)
2024-02-14 07:27:23 PM   DogAdoption_MontgomeryCountyAnimalServices   INFO   New dog: *Tank (A515587) (ID 515587)
2024-02-14 07:27:23 PM   DogAdoption_MontgomeryCountyAnimalServices   INFO   New dog: *Momma (A515588) (ID 515588)
2024-02-14 11:27:29 PM   DogAdoption_MontgomeryCountyAnimalServices   INFO   Adopted dog: *Dustin (A513352) (ID 513352)
2024-02-15 01:22:59 PM   DogAdoption_MontgomeryCountyAnimalServices   INFO   New dog: *Dustin (A513352) (ID 513352)
2024-02-15 03:26:22 PM   DogAdoption_MontgomeryCountyAnimalServices   INFO   New dog: REMI (A515847) (ID 515847)
2024-02-15 05:26:28 PM   DogAdoption_MontgomeryCountyAnimalServices   INFO   New dog: MOCHA (A503674) (ID 503674)
2024-02-15 05:26:28 PM   DogAdoption_MontgomeryCountyAnimalServices   INFO   Adopted dog: *Pipe-R (A512480) (ID 512480)
2024-02-15 07:27:42 PM   DogAdoption_MontgomeryCountyAnimalServices   INFO   Adopted dog: MOCHA (A503674) (ID 503674)
2024-02-15 07:27:42 PM   DogAdoption_MontgomeryCountyAnimalServices   INFO   Adopted dog: DIOR (A514794) (ID 514794)
2024-02-15 11:27:49 PM   DogAdoption_MontgomeryCountyAnimalServices   INFO   Adopted dog: *Dustin (A513352) (ID 513352)
2024-02-16 02:01:02 PM   DogAdoption_MontgomeryCountyAnimalServices   INFO   Adopted dog: NANII (A515702) (ID 515702)
2024-02-16 08:01:13 PM   DogAdoption_MontgomeryCountyAnimalServices   INFO   Adopted dog: HARLEY (A512915) (ID 512915)
2024-02-17 08:00:25 AM   DogAdoption_MontgomeryCountyAnimalServices   INFO   New dog: *Dustin (A513352) (ID 513352)
2024-02-17 12:01:05 PM   DogAdoption_MontgomeryCountyAnimalServices   INFO   New dog: *Fred (A515253) (ID 515253)
2024-02-17 12:01:05 PM   DogAdoption_MontgomeryCountyAnimalServices   INFO   New dog: *Kimmie (A515664) (ID 515664)
2024-02-17 12:01:05 PM   DogAdoption_MontgomeryCountyAnimalServices   INFO   New dog: NANII (A515702) (ID 515702)
2024-02-17 04:01:26 PM   DogAdoption_MontgomeryCountyAnimalServices   INFO   Adopted dog: TRUNKS (A515768) (ID 515768)
2024-02-17 06:01:31 PM   DogAdoption_MontgomeryCountyAnimalServices   INFO   New dog: *Jett (A515304) (ID 515304)
2024-02-17 06:01:31 PM   DogAdoption_MontgomeryCountyAnimalServices   INFO   New dog: LOLA (A515599) (ID 515599)
2024-02-17 06:01:31 PM   DogAdoption_MontgomeryCountyAnimalServices   INFO   Adopted dog: *Momma (A515588) (ID 515588)
2024-02-17 10:01:36 PM   DogAdoption_MontgomeryCountyAnimalServices   ERROR   Unable to connect to or scrape website
2024-02-18 12:00:46 PM   DogAdoption_MontgomeryCountyAnimalServices   INFO   New dog: STORM (A515355) (ID 515355)
2024-02-18 02:00:53 PM   DogAdoption_MontgomeryCountyAnimalServices   INFO   New dog: *Bonnie (A515356) (ID 515356)
2024-02-18 02:00:53 PM   DogAdoption_MontgomeryCountyAnimalServices   INFO   New dog: *Clyde (A515814) (ID 515814)
2024-02-18 02:00:53 PM   DogAdoption_MontgomeryCountyAnimalServices   INFO   New dog: *Shayshay (A515822) (ID 515822)
2024-02-18 02:00:53 PM   DogAdoption_MontgomeryCountyAnimalServices   INFO   New dog: *Talulah (A515851) (ID 515851)
2024-02-18 02:00:53 PM   DogAdoption_MontgomeryCountyAnimalServices   INFO   New dog: MERCURY (A515951) (ID 515951)
2024-02-18 04:01:21 PM   DogAdoption_MontgomeryCountyAnimalServices   INFO   Adopted dog: *Dustin (A513352) (ID 513352)
2024-02-18 04:01:21 PM   DogAdoption_MontgomeryCountyAnimalServices   INFO   Adopted dog: REMI (A515847) (ID 515847)
2024-02-18 06:01:29 PM   DogAdoption_MontgomeryCountyAnimalServices   INFO   New dog: *Sphynx (A515495) (ID 515495)
2024-02-18 06:01:29 PM   DogAdoption_MontgomeryCountyAnimalServices   INFO   Adopted dog: *Clyde (A515814) (ID 515814)
2024-02-18 06:01:29 PM   DogAdoption_MontgomeryCountyAnimalServices   INFO   Adopted dog: MERCURY (A515951) (ID 515951)
2024-02-18 08:02:37 PM   DogAdoption_MontgomeryCountyAnimalServices   INFO   New dog: *Precious (A515483) (ID 515483)
2024-02-19 04:24:28 PM   DogAdoption_MontgomeryCountyAnimalServices   INFO   New dog: *Gigante (A515885) (ID 515885)
2024-02-19 06:34:34 PM   DogAdoption_MontgomeryCountyAnimalServices   INFO   New dog: MERCURY (A515951) (ID 515951)
2024-02-19 06:34:34 PM   DogAdoption_MontgomeryCountyAnimalServices   INFO   Adopted dog: *Jett (A515304) (ID 515304)
2024-02-19 10:34:40 PM   DogAdoption_MontgomeryCountyAnimalServices   INFO   New dog: *Jett (A515304) (ID 515304)
2024-02-20 10:00:49 AM   DogAdoption_MontgomeryCountyAnimalServices   INFO   Adopted dog: *Sphynx (A515495) (ID 515495)
2024-02-20 12:00:54 PM   DogAdoption_MontgomeryCountyAnimalServices   INFO   Adopted dog: CHEYENNE (A419972) (ID 419972)
2024-02-20 12:00:54 PM   DogAdoption_MontgomeryCountyAnimalServices   INFO   Adopted dog: *Bonnie (A515356) (ID 515356)
2024-02-20 02:01:01 PM   DogAdoption_MontgomeryCountyAnimalServices   INFO   New dog: *Rohan (A515888) (ID 515888)
2024-02-20 02:01:01 PM   DogAdoption_MontgomeryCountyAnimalServices   INFO   Adopted dog: *Talulah (A515851) (ID 515851)
2024-02-20 02:01:01 PM   DogAdoption_MontgomeryCountyAnimalServices   INFO   Adopted dog: MERCURY (A515951) (ID 515951)
2024-02-20 04:01:05 PM   DogAdoption_MontgomeryCountyAnimalServices   INFO   New dog: *Whopper (A515848) (ID 515848)
2024-02-20 08:07:18 PM   DogAdoption_MontgomeryCountyAnimalServices   INFO   New dog: CHEYENNE (A419972) (ID 419972)
2024-02-20 08:07:18 PM   DogAdoption_MontgomeryCountyAnimalServices   INFO   New dog: *Buffy (A515023) (ID 515023)
2024-02-20 08:07:18 PM   DogAdoption_MontgomeryCountyAnimalServices   INFO   New dog: *Bonnie (A515356) (ID 515356)
2024-02-20 08:07:18 PM   DogAdoption_MontgomeryCountyAnimalServices   INFO   New dog: *Clyde (A515814) (ID 515814)
2024-02-20 08:07:18 PM   DogAdoption_MontgomeryCountyAnimalServices   INFO   Adopted dog: *Precious (A515483) (ID 515483)
2024-02-20 08:07:18 PM   DogAdoption_MontgomeryCountyAnimalServices   INFO   Adopted dog: *Whopper (A515848) (ID 515848)
2024-02-21 02:01:05 PM   DogAdoption_MontgomeryCountyAnimalServices   INFO   Adopted dog: *Clyde (A515814) (ID 515814)
2024-02-21 04:01:11 PM   DogAdoption_MontgomeryCountyAnimalServices   INFO   New dog: *Bee (A515960) (ID 515960)
2024-02-21 06:01:16 PM   DogAdoption_MontgomeryCountyAnimalServices   INFO   New dog: *Balloon (A515980) (ID 515980)
2024-02-21 06:01:16 PM   DogAdoption_MontgomeryCountyAnimalServices   INFO   Adopted dog: *Bonnie (A515356) (ID 515356)
2024-02-22 01:15:32 PM   DogAdoption_MontgomeryCountyAnimalServices   INFO   Adopted dog: SMOKEY (A487992) (ID 487992)
2024-02-22 01:15:32 PM   DogAdoption_MontgomeryCountyAnimalServices   INFO   Adopted dog: *Jett (A515304) (ID 515304)
2024-02-22 03:15:38 PM   DogAdoption_MontgomeryCountyAnimalServices   INFO   New dog: RIHANNA (A501305) (ID 501305)
2024-02-22 05:15:44 PM   DogAdoption_MontgomeryCountyAnimalServices   INFO   Adopted dog: RIHANNA (A501305) (ID 501305)
2024-02-22 07:15:48 PM   DogAdoption_MontgomeryCountyAnimalServices   INFO   New dog: ARLA (A514681) (ID 514681)
2024-02-22 11:28:09 PM   DogAdoption_MontgomeryCountyAnimalServices   INFO   New dog: *Jett (A515304) (ID 515304)
2024-02-23 12:00:21 PM   DogAdoption_MontgomeryCountyAnimalServices   INFO   Adopted dog: *Fred (A515253) (ID 515253)
2024-02-23 12:00:21 PM   DogAdoption_MontgomeryCountyAnimalServices   INFO   Adopted dog: *Tank (A515587) (ID 515587)
2024-02-23 12:00:21 PM   DogAdoption_MontgomeryCountyAnimalServices   INFO   Adopted dog: NANII (A515702) (ID 515702)
2024-02-23 04:00:27 PM   DogAdoption_MontgomeryCountyAnimalServices   INFO   New dog: BUDDY (A514838) (ID 514838)
2024-02-23 04:00:27 PM   DogAdoption_MontgomeryCountyAnimalServices   INFO   Adopted dog: ARLA (A514681) (ID 514681)
2024-02-23 08:00:34 PM   DogAdoption_MontgomeryCountyAnimalServices   INFO   New dog: *Fred (A515253) (ID 515253)
2024-02-23 08:00:34 PM   DogAdoption_MontgomeryCountyAnimalServices   INFO   New dog: *Tank (A515587) (ID 515587)
2024-02-23 08:00:34 PM   DogAdoption_MontgomeryCountyAnimalServices   INFO   New dog: NANII (A515702) (ID 515702)
2024-02-24 02:00:57 PM   DogAdoption_MontgomeryCountyAnimalServices   INFO   New dog: *Leroy (A508215) (ID 508215)
2024-02-24 02:00:57 PM   DogAdoption_MontgomeryCountyAnimalServices   INFO   Adopted dog: BUDDY (A514838) (ID 514838)
2024-02-24 02:00:57 PM   DogAdoption_MontgomeryCountyAnimalServices   INFO   Adopted dog: *Jett (A515304) (ID 515304)
2024-02-25 06:31:40 PM   DogAdoption_MontgomeryCountyAnimalServices   INFO   New dog: *Robin (A503173) (ID 503173)
2024-02-25 06:31:40 PM   DogAdoption_MontgomeryCountyAnimalServices   INFO   Adopted dog: *Lenux (A511809) (ID 511809)
2024-02-25 06:31:40 PM   DogAdoption_MontgomeryCountyAnimalServices   INFO   Adopted dog: *Tank (A515587) (ID 515587)
2024-02-25 08:31:43 PM   DogAdoption_MontgomeryCountyAnimalServices   INFO   New dog: *Macgyver (A515259) (ID 515259)
2024-02-26 10:00:08 AM   DogAdoption_MontgomeryCountyAnimalServices   INFO   Adopted dog: *Leroy (A508215) (ID 508215)
2024-02-26 08:00:23 PM   DogAdoption_MontgomeryCountyAnimalServices   INFO   Adopted dog: *Ken (A514301) (ID 514301)
2024-02-27 12:00:38 PM   DogAdoption_MontgomeryCountyAnimalServices   INFO   New dog: *Gina (A511002) (ID 511002)
2024-02-27 06:00:50 PM   DogAdoption_MontgomeryCountyAnimalServices   INFO   Adopted dog: *Buffy (A515023) (ID 515023)
2024-02-27 06:00:50 PM   DogAdoption_MontgomeryCountyAnimalServices   INFO   Adopted dog: DUTCHESS (A515839) (ID 515839)
2024-02-28 12:01:06 PM   DogAdoption_MontgomeryCountyAnimalServices   INFO   New dog: RIHANNA (A501305) (ID 501305)
2024-02-28 12:01:06 PM   DogAdoption_MontgomeryCountyAnimalServices   INFO   New dog: *Fior (A515846) (ID 515846)
2024-02-28 12:01:06 PM   DogAdoption_MontgomeryCountyAnimalServices   INFO   New dog: *Muttilda (A515982) (ID 515982)
2024-02-28 02:01:13 PM   DogAdoption_MontgomeryCountyAnimalServices   INFO   New dog: CHASE (A514369) (ID 514369)
2024-02-28 02:01:13 PM   DogAdoption_MontgomeryCountyAnimalServices   INFO   New dog: *Missy (A516106) (ID 516106)
2024-02-28 02:01:13 PM   DogAdoption_MontgomeryCountyAnimalServices   INFO   New dog: *Rosa (A516107) (ID 516107)
2024-02-28 02:01:13 PM   DogAdoption_MontgomeryCountyAnimalServices   INFO   New dog: PIPER (A516199) (ID 516199)
2024-02-28 06:01:23 PM   DogAdoption_MontgomeryCountyAnimalServices   INFO   New dog: DRAKO (A516049) (ID 516049)
2024-02-28 06:01:23 PM   DogAdoption_MontgomeryCountyAnimalServices   INFO   New dog: *Gregg (A516120) (ID 516120)
2024-02-29 10:00:37 AM   DogAdoption_MontgomeryCountyAnimalServices   INFO   New dog: FITZY (A515103) (ID 515103)
2024-02-29 12:00:42 PM   DogAdoption_MontgomeryCountyAnimalServices   INFO   Adopted dog: *Sapphire (A515496) (ID 515496)
2024-02-29 06:00:55 PM   DogAdoption_MontgomeryCountyAnimalServices   INFO   New dog: KORA (A491066) (ID 491066)
2024-02-29 06:00:55 PM   DogAdoption_MontgomeryCountyAnimalServices   INFO   New dog: *Pixie (A516197) (ID 516197)
2024-02-29 06:00:55 PM   DogAdoption_MontgomeryCountyAnimalServices   INFO   New dog: SAWYER (A516263) (ID 516263)
2024-02-29 06:00:55 PM   DogAdoption_MontgomeryCountyAnimalServices   INFO   New dog: CADDIE (A516342) (ID 516342)
2024-02-29 06:00:55 PM   DogAdoption_MontgomeryCountyAnimalServices   INFO   Adopted dog: *Balloon (A515980) (ID 515980)
2024-02-29 06:00:55 PM   DogAdoption_MontgomeryCountyAnimalServices   INFO   Adopted dog: *Gregg (A516120) (ID 516120)
2024-03-01 12:00:57 PM   DogAdoption_MontgomeryCountyAnimalServices   INFO   Adopted dog: *Gigante (A515885) (ID 515885)
2024-03-01 02:01:01 PM   DogAdoption_MontgomeryCountyAnimalServices   INFO   Adopted dog: KORA (A491066) (ID 491066)
2024-03-01 04:01:06 PM   DogAdoption_MontgomeryCountyAnimalServices   INFO   New dog: SMOKEY (A487992) (ID 487992)
2024-03-01 04:01:06 PM   DogAdoption_MontgomeryCountyAnimalServices   INFO   Adopted dog: CHASE (A514369) (ID 514369)
2024-03-01 04:01:06 PM   DogAdoption_MontgomeryCountyAnimalServices   INFO   Adopted dog: PIPER (A516199) (ID 516199)
2024-03-01 06:01:10 PM   DogAdoption_MontgomeryCountyAnimalServices   INFO   New dog: *Bruce (A515683) (ID 515683)
2024-03-01 08:01:13 PM   DogAdoption_MontgomeryCountyAnimalServices   INFO   Adopted dog: SAWYER (A516263) (ID 516263)
2024-03-02 10:56:11 AM   DogAdoption_MontgomeryCountyAnimalServices   INFO   New dog: *Lema (A516276) (ID 516276)
2024-03-02 12:56:42 PM   DogAdoption_MontgomeryCountyAnimalServices   INFO   New dog: *Gigante (A515885) (ID 515885)
2024-03-02 02:56:50 PM   DogAdoption_MontgomeryCountyAnimalServices   INFO   Adopted dog: *Cardi B (A512779) (ID 512779)
2024-03-02 02:56:50 PM   DogAdoption_MontgomeryCountyAnimalServices   INFO   Adopted dog: BELLA (A515245) (ID 515245)
2024-03-02 02:56:50 PM   DogAdoption_MontgomeryCountyAnimalServices   INFO   Adopted dog: *Lema (A516276) (ID 516276)
2024-03-02 04:56:54 PM   DogAdoption_MontgomeryCountyAnimalServices   INFO   New dog: BLOCK (A514368) (ID 514368)
2024-03-02 04:56:54 PM   DogAdoption_MontgomeryCountyAnimalServices   INFO   Adopted dog: FITZY (A515103) (ID 515103)
2024-03-02 06:56:58 PM   DogAdoption_MontgomeryCountyAnimalServices   INFO   New dog: *Clarice (A515336) (ID 515336)
2024-03-03 10:34:12 AM   DogAdoption_MontgomeryCountyAnimalServices   INFO   Started running script
2024-03-03 02:34:24 PM   DogAdoption_MontgomeryCountyAnimalServices   INFO   New dog: *Lema (A516276) (ID 516276)
2024-03-03 02:34:24 PM   DogAdoption_MontgomeryCountyAnimalServices   INFO   New dog: SHARP (A516421) (ID 516421)
2024-03-03 02:34:24 PM   DogAdoption_MontgomeryCountyAnimalServices   INFO   New dog: QUEEN (A516426) (ID 516426)
2024-03-03 02:34:24 PM   DogAdoption_MontgomeryCountyAnimalServices   INFO   New dog: SPIKE (A516464) (ID 516464)
2024-03-03 04:34:28 PM   DogAdoption_MontgomeryCountyAnimalServices   INFO   Adopted dog: *Lema (A516276) (ID 516276)
2024-03-04 02:00:50 PM   DogAdoption_MontgomeryCountyAnimalServices   INFO   New dog: ZORRO (A516564) (ID 516564)
2024-03-04 02:00:50 PM   DogAdoption_MontgomeryCountyAnimalServices   INFO   Adopted dog: *Mr. Belvedere (A507775) (ID 507775)
2024-03-04 06:00:58 PM   DogAdoption_MontgomeryCountyAnimalServices   INFO   Adopted dog: *Gina (A511002) (ID 511002)
2024-03-04 06:00:58 PM   DogAdoption_MontgomeryCountyAnimalServices   INFO   Adopted dog: *Clarice (A515336) (ID 515336)
2024-03-04 06:00:58 PM   DogAdoption_MontgomeryCountyAnimalServices   INFO   Adopted dog: *Bruce (A515683) (ID 515683)
2024-03-04 08:01:26 PM   DogAdoption_MontgomeryCountyAnimalServices   INFO   New dog: RAVEN (A509903) (ID 509903)
2024-03-05 12:00:38 PM   DogAdoption_MontgomeryCountyAnimalServices   INFO   Adopted dog: *Macgyver (A515259) (ID 515259)
2024-03-05 12:00:38 PM   DogAdoption_MontgomeryCountyAnimalServices   INFO   Adopted dog: LOLA (A515599) (ID 515599)
2024-03-05 12:00:38 PM   DogAdoption_MontgomeryCountyAnimalServices   INFO   Adopted dog: *Kimmie (A515664) (ID 515664)
2024-03-05 12:00:38 PM   DogAdoption_MontgomeryCountyAnimalServices   INFO   Adopted dog: *Muttilda (A515982) (ID 515982)
2024-03-05 02:30:34 PM   DogAdoption_MontgomeryCountyAnimalServices   INFO   Adopted dog: RAVEN (A509903) (ID 509903)
2024-03-05 04:30:39 PM   DogAdoption_MontgomeryCountyAnimalServices   INFO   New dog: *Heidi (A515933) (ID 515933)
2024-03-05 04:30:39 PM   DogAdoption_MontgomeryCountyAnimalServices   INFO   New dog: CALI (A516514) (ID 516514)
2024-03-05 04:30:39 PM   DogAdoption_MontgomeryCountyAnimalServices   INFO   Adopted dog: *Gigante (A515885) (ID 515885)
2024-03-05 04:30:39 PM   DogAdoption_MontgomeryCountyAnimalServices   INFO   Adopted dog: *Pixie (A516197) (ID 516197)
2024-03-05 06:30:43 PM   DogAdoption_MontgomeryCountyAnimalServices   INFO   Adopted dog: CADDIE (A516342) (ID 516342)
2024-03-06 12:01:05 PM   DogAdoption_MontgomeryCountyAnimalServices   INFO   New dog: KING (A508606) (ID 508606)
2024-03-06 12:01:05 PM   DogAdoption_MontgomeryCountyAnimalServices   INFO   New dog: LOLA (A515599) (ID 515599)
2024-03-06 12:01:05 PM   DogAdoption_MontgomeryCountyAnimalServices   INFO   New dog: *Kimmie (A515664) (ID 515664)
2024-03-06 12:01:05 PM   DogAdoption_MontgomeryCountyAnimalServices   INFO   New dog: *Muttilda (A515982) (ID 515982)
2024-03-06 12:01:05 PM   DogAdoption_MontgomeryCountyAnimalServices   INFO   New dog: *Decibel (A516320) (ID 516320)
2024-03-06 12:01:05 PM   DogAdoption_MontgomeryCountyAnimalServices   INFO   New dog: BOO (A516404) (ID 516404)
2024-03-06 12:01:05 PM   DogAdoption_MontgomeryCountyAnimalServices   INFO   New dog: SCOOB (A516460) (ID 516460)
2024-03-06 12:01:05 PM   DogAdoption_MontgomeryCountyAnimalServices   INFO   New dog: BRUISER (A516600) (ID 516600)
2024-03-06 02:01:12 PM   DogAdoption_MontgomeryCountyAnimalServices   INFO   New dog: LUIGI (A508984) (ID 508984)
2024-03-06 02:01:12 PM   DogAdoption_MontgomeryCountyAnimalServices   INFO   New dog: *Jett (A515304) (ID 515304)
2024-03-06 02:01:12 PM   DogAdoption_MontgomeryCountyAnimalServices   INFO   New dog: *Bart (A516230) (ID 516230)
2024-03-06 02:01:12 PM   DogAdoption_MontgomeryCountyAnimalServices   INFO   Adopted dog: *Fior (A515846) (ID 515846)
2024-03-06 02:01:12 PM   DogAdoption_MontgomeryCountyAnimalServices   INFO   Adopted dog: BOO (A516404) (ID 516404)
2024-03-06 02:01:12 PM   DogAdoption_MontgomeryCountyAnimalServices   INFO   Adopted dog: SPIKE (A516464) (ID 516464)
2024-03-06 04:02:51 PM   DogAdoption_MontgomeryCountyAnimalServices   INFO   New dog: *Milhouse (A516231) (ID 516231)
2024-03-06 04:02:51 PM   DogAdoption_MontgomeryCountyAnimalServices   INFO   Adopted dog: SHARP (A516421) (ID 516421)
2024-03-06 06:02:56 PM   DogAdoption_MontgomeryCountyAnimalServices   INFO   New dog: *Spoons (A516247) (ID 516247)
2024-03-06 06:02:56 PM   DogAdoption_MontgomeryCountyAnimalServices   INFO   New dog: BAILEY (A516599) (ID 516599)
2024-03-07 12:00:14 PM   DogAdoption_MontgomeryCountyAnimalServices   INFO   Adopted dog: BAILEY (A516599) (ID 516599)
2024-03-07 02:45:36 PM   DogAdoption_MontgomeryCountyAnimalServices   INFO   Adopted dog: SCOOB (A516460) (ID 516460)
2024-03-07 02:45:36 PM   DogAdoption_MontgomeryCountyAnimalServices   INFO   Adopted dog: CALI (A516514) (ID 516514)
2024-03-07 04:45:41 PM   DogAdoption_MontgomeryCountyAnimalServices   INFO   Adopted dog: TYEE (A511087) (ID 511087)
2024-03-07 06:45:46 PM   DogAdoption_MontgomeryCountyAnimalServices   INFO   New dog: RAVEN (A509903) (ID 509903)
2024-03-07 06:45:46 PM   DogAdoption_MontgomeryCountyAnimalServices   INFO   Adopted dog: *Muttilda (A515982) (ID 515982)
2024-03-07 09:50:14 PM   DogAdoption_MontgomeryCountyAnimalServices   INFO   New dog: *Murphy (A516187) (ID 516187)
2024-03-08 12:11:45 AM   DogAdoption_MontgomeryCountyAnimalServices   INFO   Started running script
2024-03-08 10:00:54 AM   DogAdoption_MontgomeryCountyAnimalServices   INFO   New dog: SPIKE (A516464) (ID 516464)
2024-03-08 05:31:43 PM   DogAdoption_MontgomeryCountyAnimalServices   INFO   New dog: HAZEL (A511893) (ID 511893)
2024-03-08 05:31:43 PM   DogAdoption_MontgomeryCountyAnimalServices   INFO   Adopted dog: STORM (A515355) (ID 515355)
2024-03-08 05:31:43 PM   DogAdoption_MontgomeryCountyAnimalServices   INFO   Adopted dog: *Bee (A515960) (ID 515960)
2024-03-08 05:31:43 PM   DogAdoption_MontgomeryCountyAnimalServices   INFO   Adopted dog: *Missy (A516106) (ID 516106)
2024-03-08 05:31:43 PM   DogAdoption_MontgomeryCountyAnimalServices   INFO   Adopted dog: *Rosa (A516107) (ID 516107)
2024-03-08 05:31:43 PM   DogAdoption_MontgomeryCountyAnimalServices   INFO   Adopted dog: SPIKE (A516464) (ID 516464)
2024-03-08 07:37:35 PM   DogAdoption_MontgomeryCountyAnimalServices   INFO   New dog: *Gregg (A516120) (ID 516120)
2024-03-08 07:37:35 PM   DogAdoption_MontgomeryCountyAnimalServices   INFO   New dog: ROCKY (A516344) (ID 516344)
2024-03-08 07:37:35 PM   DogAdoption_MontgomeryCountyAnimalServices   INFO   Adopted dog: *Rohan (A515888) (ID 515888)
2024-03-09 12:00:15 PM   DogAdoption_MontgomeryCountyAnimalServices   INFO   New dog: *Lema (A516276) (ID 516276)
2024-03-09 12:00:15 PM   DogAdoption_MontgomeryCountyAnimalServices   INFO   New dog: SCOOB (A516460) (ID 516460)
2024-03-09 12:00:15 PM   DogAdoption_MontgomeryCountyAnimalServices   INFO   New dog: *Banjo (A516531) (ID 516531)
2024-03-09 02:00:20 PM   DogAdoption_MontgomeryCountyAnimalServices   INFO   Adopted dog: *Murphy (A516187) (ID 516187)
2024-03-09 02:00:20 PM   DogAdoption_MontgomeryCountyAnimalServices   INFO   Adopted dog: *Lema (A516276) (ID 516276)
2024-03-09 02:00:20 PM   DogAdoption_MontgomeryCountyAnimalServices   INFO   Adopted dog: *Banjo (A516531) (ID 516531)
2024-03-09 04:00:25 PM   DogAdoption_MontgomeryCountyAnimalServices   INFO   Adopted dog: SCOOB (A516460) (ID 516460)
2024-03-09 06:00:31 PM   DogAdoption_MontgomeryCountyAnimalServices   INFO   Adopted dog: RAVEN (A509903) (ID 509903)
2024-03-10 08:41:35 AM   DogAdoption_MontgomeryCountyAnimalServices   INFO   Started running script
2024-03-10 10:41:41 AM   DogAdoption_MontgomeryCountyAnimalServices   INFO   New dog: *Murphy (A516187) (ID 516187)
2024-03-10 10:41:41 AM   DogAdoption_MontgomeryCountyAnimalServices   INFO   New dog: SHARP (A516421) (ID 516421)
2024-03-10 12:41:46 PM   DogAdoption_MontgomeryCountyAnimalServices   INFO   New dog: *Pop Tart (A516191) (ID 516191)
2024-03-10 12:41:46 PM   DogAdoption_MontgomeryCountyAnimalServices   INFO   New dog: *Pretzel (A516192) (ID 516192)
2024-03-10 02:41:50 PM   DogAdoption_MontgomeryCountyAnimalServices   INFO   New dog: *Pot Roast (A516189) (ID 516189)
2024-03-10 02:41:50 PM   DogAdoption_MontgomeryCountyAnimalServices   INFO   New dog: *Cheesecake (A516190) (ID 516190)
2024-03-10 02:41:50 PM   DogAdoption_MontgomeryCountyAnimalServices   INFO   Adopted dog: *Gregg (A516120) (ID 516120)
2024-03-10 02:41:50 PM   DogAdoption_MontgomeryCountyAnimalServices   INFO   Adopted dog: ROCKY (A516344) (ID 516344)
2024-03-10 04:41:56 PM   DogAdoption_MontgomeryCountyAnimalServices   INFO   Adopted dog: *Pot Roast (A516189) (ID 516189)
2024-03-10 04:41:56 PM   DogAdoption_MontgomeryCountyAnimalServices   INFO   Adopted dog: SHARP (A516421) (ID 516421)
2024-03-10 06:42:00 PM   DogAdoption_MontgomeryCountyAnimalServices   INFO   New dog: REMI (A515847) (ID 515847)
2024-03-10 06:42:00 PM   DogAdoption_MontgomeryCountyAnimalServices   INFO   Adopted dog: *Murphy (A516187) (ID 516187)
2024-03-11 10:00:10 AM   DogAdoption_MontgomeryCountyAnimalServices   INFO   Adopted dog: *Heidi (A515933) (ID 515933)
2024-03-11 10:00:10 AM   DogAdoption_MontgomeryCountyAnimalServices   INFO   Adopted dog: DRAKO (A516049) (ID 516049)
2024-03-11 04:00:20 PM   DogAdoption_MontgomeryCountyAnimalServices   INFO   Adopted dog: MAYO (A512187) (ID 512187)
2024-03-11 06:00:57 PM   DogAdoption_MontgomeryCountyAnimalServices   INFO   Adopted dog: QUEEN (A516426) (ID 516426)
2024-03-11 08:01:03 PM   DogAdoption_MontgomeryCountyAnimalServices   INFO   New dog: *Heidi (A515933) (ID 515933)
2024-03-11 08:01:03 PM   DogAdoption_MontgomeryCountyAnimalServices   INFO   New dog: DRAKO (A516049) (ID 516049)
2024-03-11 08:01:03 PM   DogAdoption_MontgomeryCountyAnimalServices   INFO   Adopted dog: *Pop Tart (A516191) (ID 516191)
2024-03-12 12:00:15 PM   DogAdoption_MontgomeryCountyAnimalServices   INFO   Adopted dog: *Shayshay (A515822) (ID 515822)
2024-03-12 02:00:19 PM   DogAdoption_MontgomeryCountyAnimalServices   INFO   Adopted dog: REMI (A515847) (ID 515847)
2024-03-12 08:00:29 PM   DogAdoption_MontgomeryCountyAnimalServices   INFO   New dog: PIPER (A516199) (ID 516199)
2024-03-13 12:00:43 PM   DogAdoption_MontgomeryCountyAnimalServices   INFO   New dog: *Shayshay (A515822) (ID 515822)
2024-03-13 02:00:47 PM   DogAdoption_MontgomeryCountyAnimalServices   INFO   New dog: RONO (A516866) (ID 516866)
2024-03-13 04:00:52 PM   DogAdoption_MontgomeryCountyAnimalServices   INFO   Adopted dog: RONO (A516866) (ID 516866)
2024-03-14 12:09:30 PM   DogAdoption_MontgomeryCountyAnimalServices   INFO   Adopted dog: *Bart (A516230) (ID 516230)
2024-03-14 12:09:30 PM   DogAdoption_MontgomeryCountyAnimalServices   INFO   Adopted dog: *Decibel (A516320) (ID 516320)
2024-03-14 03:05:52 PM   DogAdoption_MontgomeryCountyAnimalServices   INFO   Adopted dog: *Shayshay (A515822) (ID 515822)
2024-03-15 01:29:11 PM   DogAdoption_MontgomeryCountyAnimalServices   INFO   Started running script
2024-03-15 01:29:13 PM   DogAdoption_MontgomeryCountyAnimalServices   ERROR   Unable to connect to or scrape website
2024-03-15 01:34:58 PM   DogAdoption_MontgomeryCountyAnimalServices   INFO   Started running script
2024-03-15 01:34:59 PM   DogAdoption_MontgomeryCountyAnimalServices   ERROR   Unable to connect to or scrape website
2024-03-16 12:24:53 AM   DogAdoption_MontgomeryCountyAnimalServices   INFO   Started running script
2024-03-16 12:24:54 AM   DogAdoption_MontgomeryCountyAnimalServices   ERROR   Unable to connect to or scrape website
2024-03-16 12:26:01 AM   DogAdoption_MontgomeryCountyAnimalServices   INFO   Started running script
2024-03-16 12:26:02 AM   DogAdoption_MontgomeryCountyAnimalServices   ERROR   Unable to connect to or scrape website
2024-03-16 07:39:25 PM   DogAdoption_MontgomeryCountyAnimalServices   INFO   Started running script
2024-03-16 07:39:31 PM   DogAdoption_MontgomeryCountyAnimalServices   INFO   New dog: REMI (A515847) (ID 515847)
2024-03-16 07:39:31 PM   DogAdoption_MontgomeryCountyAnimalServices   INFO   New dog: *Gigante (A515885) (ID 515885)
2024-03-16 07:39:31 PM   DogAdoption_MontgomeryCountyAnimalServices   INFO   New dog: *Bart (A516230) (ID 516230)
2024-03-16 07:39:31 PM   DogAdoption_MontgomeryCountyAnimalServices   INFO   New dog: *Decibel (A516320) (ID 516320)
2024-03-16 07:39:31 PM   DogAdoption_MontgomeryCountyAnimalServices   INFO   New dog: QUEEN (A516426) (ID 516426)
2024-03-16 07:39:31 PM   DogAdoption_MontgomeryCountyAnimalServices   INFO   New dog: BOZ (A516581) (ID 516581)
2024-03-16 07:39:31 PM   DogAdoption_MontgomeryCountyAnimalServices   INFO   New dog: *Chiquito (A516623) (ID 516623)
2024-03-16 07:39:31 PM   DogAdoption_MontgomeryCountyAnimalServices   INFO   New dog: ANDREW (A516653) (ID 516653)
2024-03-16 07:39:31 PM   DogAdoption_MontgomeryCountyAnimalServices   INFO   Adopted dog: NANII (A515702) (ID 515702)
2024-03-16 07:39:31 PM   DogAdoption_MontgomeryCountyAnimalServices   INFO   Adopted dog: PIPER (A516199) (ID 516199)
2024-03-16 07:41:06 PM   DogAdoption_MontgomeryCountyAnimalServices   INFO   Started running script
2024-03-16 07:41:13 PM   DogAdoption_MontgomeryCountyAnimalServices   INFO   New dog: REMI (A515847) (ID 515847)
2024-03-16 07:41:13 PM   DogAdoption_MontgomeryCountyAnimalServices   INFO   New dog: *Gigante (A515885) (ID 515885)
2024-03-16 07:41:13 PM   DogAdoption_MontgomeryCountyAnimalServices   INFO   New dog: *Bart (A516230) (ID 516230)
2024-03-16 07:41:13 PM   DogAdoption_MontgomeryCountyAnimalServices   INFO   New dog: *Decibel (A516320) (ID 516320)
2024-03-16 07:41:13 PM   DogAdoption_MontgomeryCountyAnimalServices   INFO   New dog: QUEEN (A516426) (ID 516426)
2024-03-16 07:41:13 PM   DogAdoption_MontgomeryCountyAnimalServices   INFO   New dog: BOZ (A516581) (ID 516581)
2024-03-16 07:41:13 PM   DogAdoption_MontgomeryCountyAnimalServices   INFO   New dog: *Chiquito (A516623) (ID 516623)
2024-03-16 07:41:13 PM   DogAdoption_MontgomeryCountyAnimalServices   INFO   New dog: ANDREW (A516653) (ID 516653)
2024-03-16 07:41:13 PM   DogAdoption_MontgomeryCountyAnimalServices   INFO   Adopted dog: NANII (A515702) (ID 515702)
2024-03-16 07:41:13 PM   DogAdoption_MontgomeryCountyAnimalServices   INFO   Adopted dog: PIPER (A516199) (ID 516199)
2024-03-16 08:03:33 PM   DogAdoption_MontgomeryCountyAnimalServices   INFO   Started running script
